<?xml version="1.0" encoding="UTF-8"?>
<coverage generated="1632213690515" clover="3.2.0">
  <project timestamp="1632213690515" name="All files">
    <metrics statements="556" coveredstatements="483" conditionals="115" coveredconditionals="79" methods="72" coveredmethods="66" elements="743" coveredelements="628" complexity="0" loc="556" ncloc="556" packages="7" files="38" classes="38"/>
    <package name="server">
      <metrics statements="28" coveredstatements="28" conditionals="2" coveredconditionals="1" methods="3" coveredmethods="3"/>
      <file name="app.js" path="/home/dita/h8/eco-mmerce-project/server/app.js">
        <metrics statements="13" coveredstatements="13" conditionals="2" coveredconditionals="1" methods="0" coveredmethods="0"/>
        <line num="1" count="7" type="cond" truecount="1" falsecount="1"/>
        <line num="2" count="7" type="stmt"/>
        <line num="5" count="7" type="stmt"/>
        <line num="6" count="7" type="stmt"/>
        <line num="8" count="7" type="stmt"/>
        <line num="9" count="7" type="stmt"/>
        <line num="11" count="7" type="stmt"/>
        <line num="14" count="7" type="stmt"/>
        <line num="15" count="7" type="stmt"/>
        <line num="16" count="7" type="stmt"/>
        <line num="17" count="7" type="stmt"/>
        <line num="18" count="7" type="stmt"/>
        <line num="20" count="7" type="stmt"/>
      </file>
      <file name="socketConfig.js" path="/home/dita/h8/eco-mmerce-project/server/socketConfig.js">
        <metrics statements="15" coveredstatements="15" conditionals="0" coveredconditionals="0" methods="3" coveredmethods="3"/>
        <line num="1" count="1" type="stmt"/>
        <line num="7" count="1" type="stmt"/>
        <line num="9" count="1" type="stmt"/>
        <line num="12" count="1" type="stmt"/>
        <line num="13" count="1" type="stmt"/>
        <line num="14" count="1" type="stmt"/>
        <line num="16" count="1" type="stmt"/>
        <line num="17" count="1" type="stmt"/>
        <line num="20" count="1" type="stmt"/>
        <line num="21" count="1" type="stmt"/>
        <line num="22" count="1" type="stmt"/>
        <line num="23" count="1" type="stmt"/>
        <line num="24" count="1" type="stmt"/>
        <line num="26" count="1" type="stmt"/>
        <line num="30" count="1" type="stmt"/>
      </file>
    </package>
    <package name="server.apis">
      <metrics statements="6" coveredstatements="6" conditionals="0" coveredconditionals="0" methods="0" coveredmethods="0"/>
      <file name="imagekit.js" path="/home/dita/h8/eco-mmerce-project/server/apis/imagekit.js">
        <metrics statements="3" coveredstatements="3" conditionals="0" coveredconditionals="0" methods="0" coveredmethods="0"/>
        <line num="1" count="7" type="stmt"/>
        <line num="3" count="7" type="stmt"/>
        <line num="11" count="7" type="stmt"/>
      </file>
      <file name="midtrans.js" path="/home/dita/h8/eco-mmerce-project/server/apis/midtrans.js">
        <metrics statements="3" coveredstatements="3" conditionals="0" coveredconditionals="0" methods="0" coveredmethods="0"/>
        <line num="1" count="7" type="stmt"/>
        <line num="3" count="7" type="stmt"/>
        <line num="11" count="7" type="stmt"/>
      </file>
    </package>
    <package name="server.controllers">
      <metrics statements="200" coveredstatements="162" conditionals="40" coveredconditionals="29" methods="25" coveredmethods="21"/>
      <file name="brandController.js" path="/home/dita/h8/eco-mmerce-project/server/controllers/brandController.js">
        <metrics statements="8" coveredstatements="7" conditionals="0" coveredconditionals="0" methods="1" coveredmethods="1"/>
        <line num="1" count="7" type="stmt"/>
        <line num="2" count="7" type="stmt"/>
        <line num="6" count="1" type="stmt"/>
        <line num="7" count="1" type="stmt"/>
        <line num="12" count="1" type="stmt"/>
        <line num="14" count="1" type="stmt"/>
        <line num="16" count="0" type="stmt"/>
        <line num="21" count="7" type="stmt"/>
      </file>
      <file name="buyerController.js" path="/home/dita/h8/eco-mmerce-project/server/controllers/buyerController.js">
        <metrics statements="108" coveredstatements="76" conditionals="24" coveredconditionals="15" methods="13" coveredmethods="9"/>
        <line num="1" count="7" type="stmt"/>
        <line num="3" count="7" type="stmt"/>
        <line num="5" count="7" type="stmt"/>
        <line num="6" count="7" type="stmt"/>
        <line num="15" count="7" type="stmt"/>
        <line num="16" count="7" type="stmt"/>
        <line num="17" count="7" type="stmt"/>
        <line num="21" count="3" type="stmt"/>
        <line num="22" count="3" type="stmt"/>
        <line num="24" count="3" type="stmt"/>
        <line num="28" count="3" type="cond" truecount="2" falsecount="0"/>
        <line num="29" count="2" type="cond" truecount="2" falsecount="0"/>
        <line num="30" count="1" type="stmt"/>
        <line num="36" count="1" type="stmt"/>
        <line num="45" count="1" type="stmt"/>
        <line num="48" count="1" type="stmt"/>
        <line num="51" count="2" type="stmt"/>
        <line num="56" count="0" type="stmt"/>
        <line num="57" count="0" type="stmt"/>
        <line num="61" count="0" type="stmt"/>
        <line num="63" count="0" type="stmt"/>
        <line num="64" count="0" type="stmt"/>
        <line num="65" count="0" type="stmt"/>
        <line num="67" count="0" type="stmt"/>
        <line num="79" count="0" type="stmt"/>
        <line num="84" count="0" type="stmt"/>
        <line num="93" count="0" type="stmt"/>
        <line num="98" count="7" type="stmt"/>
        <line num="99" count="7" type="stmt"/>
        <line num="101" count="7" type="cond" truecount="2" falsecount="0"/>
        <line num="104" count="7" type="stmt"/>
        <line num="114" count="1" type="stmt"/>
        <line num="116" count="6" type="stmt"/>
        <line num="121" count="1" type="stmt"/>
        <line num="122" count="1" type="stmt"/>
        <line num="123" count="1" type="cond" truecount="1" falsecount="1"/>
        <line num="124" count="1" type="cond" truecount="1" falsecount="1"/>
        <line num="125" count="1" type="stmt"/>
        <line num="174" count="1" type="stmt"/>
        <line num="176" count="0" type="stmt"/>
        <line num="181" count="2" type="stmt"/>
        <line num="182" count="2" type="stmt"/>
        <line num="183" count="2" type="stmt"/>
        <line num="222" count="2" type="cond" truecount="2" falsecount="0"/>
        <line num="223" count="1" type="stmt"/>
        <line num="228" count="1" type="stmt"/>
        <line num="231" count="1" type="stmt"/>
        <line num="236" count="1" type="stmt"/>
        <line num="237" count="1" type="stmt"/>
        <line num="285" count="1" type="stmt"/>
        <line num="286" count="1" type="stmt"/>
        <line num="287" count="1" type="stmt"/>
        <line num="288" count="3" type="stmt"/>
        <line num="289" count="3" type="stmt"/>
        <line num="290" count="3" type="stmt"/>
        <line num="291" count="9" type="cond" truecount="1" falsecount="1"/>
        <line num="293" count="3" type="stmt"/>
        <line num="294" count="3" type="stmt"/>
        <line num="297" count="1" type="stmt"/>
        <line num="299" count="1" type="stmt"/>
        <line num="301" count="0" type="stmt"/>
        <line num="306" count="1" type="stmt"/>
        <line num="307" count="1" type="stmt"/>
        <line num="308" count="1" type="stmt"/>
        <line num="309" count="1" type="stmt"/>
        <line num="314" count="1" type="stmt"/>
        <line num="316" count="0" type="stmt"/>
        <line num="321" count="2" type="stmt"/>
        <line num="322" count="2" type="stmt"/>
        <line num="323" count="2" type="stmt"/>
        <line num="325" count="2" type="stmt"/>
        <line num="330" count="2" type="cond" truecount="2" falsecount="0"/>
        <line num="331" count="1" type="stmt"/>
        <line num="337" count="1" type="stmt"/>
        <line num="341" count="1" type="stmt"/>
        <line num="343" count="1" type="stmt"/>
        <line num="348" count="2" type="stmt"/>
        <line num="349" count="2" type="stmt"/>
        <line num="350" count="2" type="stmt"/>
        <line num="352" count="2" type="stmt"/>
        <line num="356" count="2" type="cond" truecount="2" falsecount="0"/>
        <line num="357" count="1" type="stmt"/>
        <line num="363" count="1" type="stmt"/>
        <line num="365" count="1" type="stmt"/>
        <line num="370" count="0" type="stmt"/>
        <line num="371" count="0" type="stmt"/>
        <line num="373" count="0" type="stmt"/>
        <line num="385" count="0" type="stmt"/>
        <line num="386" count="0" type="stmt"/>
        <line num="387" count="0" type="stmt"/>
        <line num="391" count="0" type="stmt"/>
        <line num="398" count="0" type="stmt"/>
        <line num="407" count="0" type="stmt"/>
        <line num="409" count="0" type="stmt"/>
        <line num="420" count="0" type="stmt"/>
        <line num="429" count="0" type="stmt"/>
        <line num="430" count="0" type="stmt"/>
        <line num="436" count="0" type="stmt"/>
        <line num="437" count="0" type="cond" truecount="0" falsecount="2"/>
        <line num="438" count="0" type="stmt"/>
        <line num="444" count="0" type="stmt"/>
        <line num="446" count="0" type="stmt"/>
        <line num="451" count="1" type="stmt"/>
        <line num="452" count="1" type="stmt"/>
        <line num="453" count="1" type="stmt"/>
        <line num="468" count="1" type="stmt"/>
        <line num="470" count="0" type="stmt"/>
        <line num="475" count="7" type="stmt"/>
      </file>
      <file name="categoryController.js" path="/home/dita/h8/eco-mmerce-project/server/controllers/categoryController.js">
        <metrics statements="6" coveredstatements="5" conditionals="0" coveredconditionals="0" methods="1" coveredmethods="1"/>
        <line num="1" count="7" type="stmt"/>
        <line num="5" count="1" type="stmt"/>
        <line num="6" count="1" type="stmt"/>
        <line num="11" count="1" type="stmt"/>
        <line num="13" count="0" type="stmt"/>
        <line num="18" count="7" type="stmt"/>
      </file>
      <file name="chatController.js" path="/home/dita/h8/eco-mmerce-project/server/controllers/chatController.js">
        <metrics statements="12" coveredstatements="10" conditionals="4" coveredconditionals="2" methods="2" coveredmethods="2"/>
        <line num="1" count="7" type="stmt"/>
        <line num="5" count="1" type="stmt"/>
        <line num="6" count="1" type="stmt"/>
        <line num="10" count="1" type="stmt"/>
        <line num="16" count="1" type="stmt"/>
        <line num="18" count="0" type="stmt"/>
        <line num="23" count="1" type="stmt"/>
        <line num="24" count="1" type="stmt"/>
        <line num="25" count="1" type="stmt"/>
        <line num="34" count="1" type="stmt"/>
        <line num="36" count="0" type="stmt"/>
        <line num="41" count="7" type="stmt"/>
      </file>
      <file name="ingridientController.js" path="/home/dita/h8/eco-mmerce-project/server/controllers/ingridientController.js">
        <metrics statements="6" coveredstatements="5" conditionals="0" coveredconditionals="0" methods="1" coveredmethods="1"/>
        <line num="1" count="7" type="stmt"/>
        <line num="5" count="1" type="stmt"/>
        <line num="6" count="1" type="stmt"/>
        <line num="11" count="1" type="stmt"/>
        <line num="13" count="0" type="stmt"/>
        <line num="18" count="7" type="stmt"/>
      </file>
      <file name="sellerController.js" path="/home/dita/h8/eco-mmerce-project/server/controllers/sellerController.js">
        <metrics statements="60" coveredstatements="59" conditionals="12" coveredconditionals="12" methods="7" coveredmethods="7"/>
        <line num="1" count="7" type="stmt"/>
        <line num="2" count="7" type="stmt"/>
        <line num="3" count="7" type="stmt"/>
        <line num="11" count="7" type="stmt"/>
        <line num="15" count="3" type="stmt"/>
        <line num="16" count="3" type="stmt"/>
        <line num="18" count="3" type="stmt"/>
        <line num="22" count="3" type="stmt"/>
        <line num="24" count="3" type="cond" truecount="2" falsecount="0"/>
        <line num="25" count="2" type="cond" truecount="2" falsecount="0"/>
        <line num="26" count="1" type="stmt"/>
        <line num="32" count="1" type="stmt"/>
        <line num="41" count="1" type="stmt"/>
        <line num="44" count="1" type="stmt"/>
        <line num="47" count="2" type="stmt"/>
        <line num="52" count="7" type="stmt"/>
        <line num="53" count="7" type="stmt"/>
        <line num="55" count="7" type="cond" truecount="2" falsecount="0"/>
        <line num="57" count="7" type="stmt"/>
        <line num="67" count="1" type="stmt"/>
        <line num="69" count="6" type="stmt"/>
        <line num="74" count="1" type="stmt"/>
        <line num="75" count="1" type="stmt"/>
        <line num="76" count="1" type="stmt"/>
        <line num="108" count="1" type="stmt"/>
        <line num="110" count="0" type="stmt"/>
        <line num="115" count="2" type="stmt"/>
        <line num="116" count="2" type="stmt"/>
        <line num="117" count="2" type="stmt"/>
        <line num="118" count="2" type="stmt"/>
        <line num="141" count="2" type="cond" truecount="2" falsecount="0"/>
        <line num="142" count="1" type="stmt"/>
        <line num="147" count="1" type="stmt"/>
        <line num="149" count="1" type="stmt"/>
        <line num="154" count="9" type="stmt"/>
        <line num="167" count="9" type="stmt"/>
        <line num="169" count="9" type="stmt"/>
        <line num="171" count="9" type="stmt"/>
        <line num="173" count="9" type="stmt"/>
        <line num="193" count="1" type="stmt"/>
        <line num="198" count="1" type="stmt"/>
        <line num="200" count="8" type="stmt"/>
        <line num="205" count="8" type="stmt"/>
        <line num="206" count="8" type="stmt"/>
        <line num="207" count="8" type="stmt"/>
        <line num="208" count="8" type="stmt"/>
        <line num="210" count="8" type="stmt"/>
        <line num="225" count="2" type="cond" truecount="2" falsecount="0"/>
        <line num="226" count="1" type="stmt"/>
        <line num="231" count="1" type="stmt"/>
        <line num="236" count="7" type="stmt"/>
        <line num="241" count="2" type="stmt"/>
        <line num="242" count="2" type="stmt"/>
        <line num="243" count="2" type="stmt"/>
        <line num="245" count="2" type="stmt"/>
        <line num="246" count="2" type="cond" truecount="2" falsecount="0"/>
        <line num="247" count="1" type="stmt"/>
        <line num="252" count="1" type="stmt"/>
        <line num="257" count="1" type="stmt"/>
        <line num="262" count="7" type="stmt"/>
      </file>
    </package>
    <package name="server.helpers">
      <metrics statements="24" coveredstatements="24" conditionals="10" coveredconditionals="6" methods="5" coveredmethods="5"/>
      <file name="bcrypt.js" path="/home/dita/h8/eco-mmerce-project/server/helpers/bcrypt.js">
        <metrics statements="5" coveredstatements="5" conditionals="0" coveredconditionals="0" methods="2" coveredmethods="2"/>
        <line num="1" count="8" type="stmt"/>
        <line num="2" count="8" type="stmt"/>
        <line num="5" count="9" type="stmt"/>
        <line num="9" count="4" type="stmt"/>
        <line num="12" count="8" type="stmt"/>
      </file>
      <file name="getDate.js" path="/home/dita/h8/eco-mmerce-project/server/helpers/getDate.js">
        <metrics statements="14" coveredstatements="14" conditionals="10" coveredconditionals="6" methods="1" coveredmethods="1"/>
        <line num="1" count="7" type="stmt"/>
        <line num="2" count="8" type="stmt"/>
        <line num="3" count="8" type="stmt"/>
        <line num="4" count="8" type="stmt"/>
        <line num="5" count="8" type="stmt"/>
        <line num="6" count="8" type="stmt"/>
        <line num="7" count="8" type="stmt"/>
        <line num="8" count="8" type="stmt"/>
        <line num="10" count="8" type="cond" truecount="1" falsecount="1"/>
        <line num="11" count="8" type="cond" truecount="1" falsecount="1"/>
        <line num="12" count="8" type="cond" truecount="1" falsecount="1"/>
        <line num="13" count="8" type="cond" truecount="1" falsecount="1"/>
        <line num="14" count="8" type="cond" truecount="2" falsecount="0"/>
        <line num="16" count="8" type="stmt"/>
      </file>
      <file name="jwt.js" path="/home/dita/h8/eco-mmerce-project/server/helpers/jwt.js">
        <metrics statements="5" coveredstatements="5" conditionals="0" coveredconditionals="0" methods="2" coveredmethods="2"/>
        <line num="1" count="7" type="stmt"/>
        <line num="3" count="7" type="stmt"/>
        <line num="6" count="6" type="stmt"/>
        <line num="10" count="33" type="stmt"/>
        <line num="13" count="7" type="stmt"/>
      </file>
    </package>
    <package name="server.middlewares">
      <metrics statements="134" coveredstatements="103" conditionals="50" coveredconditionals="35" methods="12" coveredmethods="11"/>
      <file name="authentication.js" path="/home/dita/h8/eco-mmerce-project/server/middlewares/authentication.js">
        <metrics statements="15" coveredstatements="14" conditionals="4" coveredconditionals="3" methods="1" coveredmethods="1"/>
        <line num="1" count="7" type="stmt"/>
        <line num="2" count="7" type="stmt"/>
        <line num="5" count="40" type="stmt"/>
        <line num="6" count="40" type="stmt"/>
        <line num="7" count="40" type="stmt"/>
        <line num="8" count="40" type="cond" truecount="2" falsecount="0"/>
        <line num="9" count="33" type="stmt"/>
        <line num="10" count="33" type="stmt"/>
        <line num="11" count="33" type="cond" truecount="1" falsecount="1"/>
        <line num="12" count="33" type="stmt"/>
        <line num="17" count="33" type="stmt"/>
        <line num="19" count="0" type="stmt"/>
        <line num="22" count="7" type="stmt"/>
        <line num="25" count="7" type="stmt"/>
        <line num="29" count="7" type="stmt"/>
      </file>
      <file name="authorization.js" path="/home/dita/h8/eco-mmerce-project/server/middlewares/authorization.js">
        <metrics statements="16" coveredstatements="12" conditionals="4" coveredconditionals="2" methods="2" coveredmethods="2"/>
        <line num="1" count="7" type="stmt"/>
        <line num="4" count="24" type="stmt"/>
        <line num="5" count="24" type="stmt"/>
        <line num="6" count="24" type="stmt"/>
        <line num="8" count="24" type="cond" truecount="1" falsecount="1"/>
        <line num="9" count="24" type="stmt"/>
        <line num="11" count="0" type="stmt"/>
        <line num="17" count="0" type="stmt"/>
        <line num="22" count="8" type="stmt"/>
        <line num="23" count="8" type="stmt"/>
        <line num="24" count="8" type="stmt"/>
        <line num="25" count="8" type="cond" truecount="1" falsecount="1"/>
        <line num="26" count="8" type="stmt"/>
        <line num="28" count="0" type="stmt"/>
        <line num="34" count="0" type="stmt"/>
        <line num="38" count="7" type="stmt"/>
      </file>
      <file name="checkIngredients.js" path="/home/dita/h8/eco-mmerce-project/server/middlewares/checkIngredients.js">
        <metrics statements="20" coveredstatements="15" conditionals="8" coveredconditionals="3" methods="3" coveredmethods="2"/>
        <line num="1" count="7" type="stmt"/>
        <line num="4" count="9" type="stmt"/>
        <line num="5" count="9" type="cond" truecount="1" falsecount="1"/>
        <line num="6" count="9" type="stmt"/>
        <line num="7" count="9" type="stmt"/>
        <line num="8" count="9" type="stmt"/>
        <line num="9" count="9" type="stmt"/>
        <line num="10" count="9" type="stmt"/>
        <line num="11" count="198" type="cond" truecount="1" falsecount="1"/>
        <line num="12" count="198" type="stmt"/>
        <line num="13" count="0" type="cond" truecount="0" falsecount="2"/>
        <line num="14" count="0" type="stmt"/>
        <line num="15" count="0" type="stmt"/>
        <line num="21" count="9" type="cond" truecount="1" falsecount="1"/>
        <line num="22" count="0" type="stmt"/>
        <line num="27" count="9" type="stmt"/>
        <line num="28" count="9" type="stmt"/>
        <line num="30" count="9" type="stmt"/>
        <line num="33" count="0" type="stmt"/>
        <line num="37" count="7" type="stmt"/>
      </file>
      <file name="cloudVision.js" path="/home/dita/h8/eco-mmerce-project/server/middlewares/cloudVision.js">
        <metrics statements="28" coveredstatements="24" conditionals="17" coveredconditionals="15" methods="2" coveredmethods="2"/>
        <line num="3" count="10" type="stmt"/>
        <line num="5" count="10" type="stmt"/>
        <line num="6" count="10" type="stmt"/>
        <line num="8" count="10" type="stmt"/>
        <line num="11" count="10" type="cond" truecount="1" falsecount="1"/>
        <line num="12" count="10" type="stmt"/>
        <line num="15" count="9" type="stmt"/>
        <line num="16" count="9" type="stmt"/>
        <line num="17" count="9" type="stmt"/>
        <line num="19" count="9" type="stmt"/>
        <line num="20" count="1080" type="cond" truecount="2" falsecount="0"/>
        <line num="21" count="1071" type="cond" truecount="2" falsecount="0"/>
        <line num="28" count="9" type="stmt"/>
        <line num="31" count="1071" type="cond" truecount="2" falsecount="0"/>
        <line num="32" count="486" type="stmt"/>
        <line num="33" count="486" type="cond" truecount="2" falsecount="0"/>
        <line num="34" count="9" type="stmt"/>
        <line num="40" count="9" type="cond" truecount="1" falsecount="1"/>
        <line num="41" count="0" type="stmt"/>
        <line num="42" count="0" type="stmt"/>
        <line num="43" count="0" type="stmt"/>
        <line num="44" count="0" type="stmt"/>
        <line num="46" count="9" type="stmt"/>
        <line num="47" count="9" type="stmt"/>
        <line num="48" count="9" type="stmt"/>
        <line num="49" count="9" type="stmt"/>
        <line num="54" count="1" type="stmt"/>
        <line num="58" count="7" type="stmt"/>
      </file>
      <file name="errorHandler.js" path="/home/dita/h8/eco-mmerce-project/server/middlewares/errorHandler.js">
        <metrics statements="22" coveredstatements="17" conditionals="9" coveredconditionals="6" methods="2" coveredmethods="2"/>
        <line num="1" count="7" type="stmt"/>
        <line num="7" count="44" type="cond" truecount="1" falsecount="1"/>
        <line num="8" count="0" type="stmt"/>
        <line num="11" count="44" type="cond" truecount="5" falsecount="2"/>
        <line num="13" count="6" type="stmt"/>
        <line num="14" count="6" type="stmt"/>
        <line num="16" count="0" type="stmt"/>
        <line num="17" count="0" type="stmt"/>
        <line num="19" count="11" type="stmt"/>
        <line num="20" count="11" type="stmt"/>
        <line num="22" count="0" type="stmt"/>
        <line num="23" count="0" type="stmt"/>
        <line num="25" count="2" type="stmt"/>
        <line num="26" count="2" type="stmt"/>
        <line num="28" count="24" type="stmt"/>
        <line num="29" count="26" type="stmt"/>
        <line num="32" count="24" type="stmt"/>
        <line num="34" count="24" type="stmt"/>
        <line num="35" count="24" type="stmt"/>
        <line num="38" count="1" type="stmt"/>
        <line num="39" count="1" type="stmt"/>
        <line num="43" count="7" type="stmt"/>
      </file>
      <file name="imagekit.js" path="/home/dita/h8/eco-mmerce-project/server/middlewares/imagekit.js">
        <metrics statements="24" coveredstatements="16" conditionals="6" coveredconditionals="5" methods="1" coveredmethods="1"/>
        <line num="1" count="7" type="stmt"/>
        <line num="2" count="7" type="stmt"/>
        <line num="3" count="7" type="stmt"/>
        <line num="6" count="23" type="stmt"/>
        <line num="10" count="23" type="cond" truecount="1" falsecount="1"/>
        <line num="11" count="0" type="stmt"/>
        <line num="12" count="0" type="stmt"/>
        <line num="13" count="0" type="stmt"/>
        <line num="14" count="0" type="stmt"/>
        <line num="16" count="0" type="stmt"/>
        <line num="22" count="0" type="stmt"/>
        <line num="23" count="0" type="stmt"/>
        <line num="24" count="23" type="cond" truecount="4" falsecount="0"/>
        <line num="25" count="8" type="stmt"/>
        <line num="26" count="8" type="stmt"/>
        <line num="27" count="8" type="stmt"/>
        <line num="28" count="8" type="stmt"/>
        <line num="29" count="8" type="stmt"/>
        <line num="31" count="8" type="stmt"/>
        <line num="37" count="8" type="stmt"/>
        <line num="38" count="8" type="stmt"/>
        <line num="41" count="15" type="stmt"/>
        <line num="44" count="0" type="stmt"/>
        <line num="48" count="7" type="stmt"/>
      </file>
      <file name="multer.js" path="/home/dita/h8/eco-mmerce-project/server/middlewares/multer.js">
        <metrics statements="9" coveredstatements="5" conditionals="2" coveredconditionals="1" methods="1" coveredmethods="1"/>
        <line num="1" count="7" type="stmt"/>
        <line num="2" count="7" type="stmt"/>
        <line num="4" count="18" type="cond" truecount="1" falsecount="1"/>
        <line num="5" count="18" type="stmt"/>
        <line num="7" count="0" type="stmt"/>
        <line num="8" count="0" type="stmt"/>
        <line num="9" count="0" type="stmt"/>
        <line num="10" count="0" type="stmt"/>
        <line num="15" count="7" type="stmt"/>
      </file>
    </package>
    <package name="server.models">
      <metrics statements="92" coveredstatements="88" conditionals="13" coveredconditionals="8" methods="27" coveredmethods="26"/>
      <file name="brand.js" path="/home/dita/h8/eco-mmerce-project/server/models/brand.js">
        <metrics statements="8" coveredstatements="8" conditionals="0" coveredconditionals="0" methods="4" coveredmethods="4"/>
        <line num="2" count="8" type="stmt"/>
        <line num="3" count="8" type="stmt"/>
        <line num="4" count="8" type="stmt"/>
        <line num="7" count="8" type="stmt"/>
        <line num="13" count="8" type="stmt"/>
        <line num="30" count="3" type="stmt"/>
        <line num="32" count="3" type="stmt"/>
        <line num="38" count="8" type="stmt"/>
      </file>
      <file name="cart.js" path="/home/dita/h8/eco-mmerce-project/server/models/cart.js">
        <metrics statements="6" coveredstatements="6" conditionals="0" coveredconditionals="0" methods="2" coveredmethods="2"/>
        <line num="2" count="8" type="stmt"/>
        <line num="3" count="8" type="stmt"/>
        <line num="6" count="8" type="stmt"/>
        <line num="7" count="8" type="stmt"/>
        <line num="10" count="8" type="stmt"/>
        <line num="26" count="8" type="stmt"/>
      </file>
      <file name="category.js" path="/home/dita/h8/eco-mmerce-project/server/models/category.js">
        <metrics statements="5" coveredstatements="5" conditionals="0" coveredconditionals="0" methods="2" coveredmethods="2"/>
        <line num="2" count="8" type="stmt"/>
        <line num="3" count="8" type="stmt"/>
        <line num="6" count="8" type="stmt"/>
        <line num="9" count="8" type="stmt"/>
        <line num="26" count="8" type="stmt"/>
      </file>
      <file name="chat.js" path="/home/dita/h8/eco-mmerce-project/server/models/chat.js">
        <metrics statements="5" coveredstatements="5" conditionals="0" coveredconditionals="0" methods="2" coveredmethods="2"/>
        <line num="2" count="8" type="stmt"/>
        <line num="3" count="8" type="stmt"/>
        <line num="6" count="8" type="stmt"/>
        <line num="9" count="8" type="stmt"/>
        <line num="33" count="8" type="stmt"/>
      </file>
      <file name="harmfulingridient.js" path="/home/dita/h8/eco-mmerce-project/server/models/harmfulingridient.js">
        <metrics statements="5" coveredstatements="4" conditionals="0" coveredconditionals="0" methods="3" coveredmethods="2"/>
        <line num="2" count="8" type="stmt"/>
        <line num="3" count="8" type="stmt"/>
        <line num="7" count="8" type="stmt"/>
        <line num="17" count="0" type="stmt"/>
        <line num="24" count="8" type="stmt"/>
      </file>
      <file name="history.js" path="/home/dita/h8/eco-mmerce-project/server/models/history.js">
        <metrics statements="6" coveredstatements="6" conditionals="0" coveredconditionals="0" methods="2" coveredmethods="2"/>
        <line num="2" count="8" type="stmt"/>
        <line num="3" count="8" type="stmt"/>
        <line num="6" count="8" type="stmt"/>
        <line num="7" count="8" type="stmt"/>
        <line num="10" count="8" type="stmt"/>
        <line num="20" count="8" type="stmt"/>
      </file>
      <file name="index.js" path="/home/dita/h8/eco-mmerce-project/server/models/index.js">
        <metrics statements="20" coveredstatements="19" conditionals="9" coveredconditionals="6" methods="3" coveredmethods="3"/>
        <line num="3" count="8" type="stmt"/>
        <line num="4" count="8" type="stmt"/>
        <line num="5" count="8" type="stmt"/>
        <line num="6" count="8" type="stmt"/>
        <line num="7" count="8" type="cond" truecount="1" falsecount="1"/>
        <line num="8" count="8" type="stmt"/>
        <line num="9" count="8" type="stmt"/>
        <line num="12" count="8" type="cond" truecount="1" falsecount="1"/>
        <line num="13" count="0" type="stmt"/>
        <line num="15" count="8" type="stmt"/>
        <line num="18" count="8" type="stmt"/>
        <line num="21" count="88" type="cond" truecount="3" falsecount="0"/>
        <line num="24" count="80" type="stmt"/>
        <line num="25" count="80" type="stmt"/>
        <line num="28" count="8" type="stmt"/>
        <line num="29" count="80" type="cond" truecount="1" falsecount="1"/>
        <line num="30" count="80" type="stmt"/>
        <line num="34" count="8" type="stmt"/>
        <line num="35" count="8" type="stmt"/>
        <line num="37" count="8" type="stmt"/>
      </file>
      <file name="product.js" path="/home/dita/h8/eco-mmerce-project/server/models/product.js">
        <metrics statements="11" coveredstatements="11" conditionals="0" coveredconditionals="0" methods="2" coveredmethods="2"/>
        <line num="2" count="8" type="stmt"/>
        <line num="3" count="8" type="stmt"/>
        <line num="6" count="8" type="stmt"/>
        <line num="10" count="8" type="stmt"/>
        <line num="14" count="8" type="stmt"/>
        <line num="17" count="8" type="stmt"/>
        <line num="19" count="8" type="stmt"/>
        <line num="23" count="8" type="stmt"/>
        <line num="25" count="8" type="stmt"/>
        <line num="28" count="8" type="stmt"/>
        <line num="130" count="8" type="stmt"/>
      </file>
      <file name="productsbrand.js" path="/home/dita/h8/eco-mmerce-project/server/models/productsbrand.js">
        <metrics statements="4" coveredstatements="4" conditionals="0" coveredconditionals="0" methods="2" coveredmethods="2"/>
        <line num="2" count="8" type="stmt"/>
        <line num="3" count="8" type="stmt"/>
        <line num="7" count="8" type="stmt"/>
        <line num="33" count="8" type="stmt"/>
      </file>
      <file name="user.js" path="/home/dita/h8/eco-mmerce-project/server/models/user.js">
        <metrics statements="16" coveredstatements="14" conditionals="4" coveredconditionals="2" methods="3" coveredmethods="3"/>
        <line num="2" count="8" type="stmt"/>
        <line num="3" count="8" type="stmt"/>
        <line num="4" count="8" type="stmt"/>
        <line num="7" count="8" type="stmt"/>
        <line num="10" count="8" type="stmt"/>
        <line num="12" count="8" type="stmt"/>
        <line num="14" count="8" type="stmt"/>
        <line num="18" count="8" type="stmt"/>
        <line num="20" count="8" type="stmt"/>
        <line num="23" count="8" type="stmt"/>
        <line num="83" count="9" type="cond" truecount="1" falsecount="1"/>
        <line num="84" count="0" type="stmt"/>
        <line num="85" count="9" type="cond" truecount="1" falsecount="1"/>
        <line num="86" count="0" type="stmt"/>
        <line num="88" count="9" type="stmt"/>
        <line num="93" count="8" type="stmt"/>
      </file>
      <file name="usersproduct.js" path="/home/dita/h8/eco-mmerce-project/server/models/usersproduct.js">
        <metrics statements="6" coveredstatements="6" conditionals="0" coveredconditionals="0" methods="2" coveredmethods="2"/>
        <line num="2" count="8" type="stmt"/>
        <line num="3" count="8" type="stmt"/>
        <line num="6" count="8" type="stmt"/>
        <line num="7" count="8" type="stmt"/>
        <line num="10" count="8" type="stmt"/>
        <line num="36" count="8" type="stmt"/>
      </file>
    </package>
    <package name="server.routes">
      <metrics statements="72" coveredstatements="72" conditionals="0" coveredconditionals="0" methods="0" coveredmethods="0"/>
      <file name="brandRouter.js" path="/home/dita/h8/eco-mmerce-project/server/routes/brandRouter.js">
        <metrics statements="4" coveredstatements="4" conditionals="0" coveredconditionals="0" methods="0" coveredmethods="0"/>
        <line num="1" count="7" type="stmt"/>
        <line num="3" count="7" type="stmt"/>
        <line num="5" count="7" type="stmt"/>
        <line num="7" count="7" type="stmt"/>
      </file>
      <file name="buyerRouter.js" path="/home/dita/h8/eco-mmerce-project/server/routes/buyerRouter.js">
        <metrics statements="20" coveredstatements="20" conditionals="0" coveredconditionals="0" methods="0" coveredmethods="0"/>
        <line num="1" count="7" type="stmt"/>
        <line num="3" count="7" type="stmt"/>
        <line num="4" count="7" type="stmt"/>
        <line num="5" count="7" type="stmt"/>
        <line num="6" count="7" type="stmt"/>
        <line num="7" count="7" type="stmt"/>
        <line num="9" count="7" type="stmt"/>
        <line num="10" count="7" type="stmt"/>
        <line num="11" count="7" type="stmt"/>
        <line num="18" count="7" type="stmt"/>
        <line num="19" count="7" type="stmt"/>
        <line num="21" count="7" type="stmt"/>
        <line num="22" count="7" type="stmt"/>
        <line num="24" count="7" type="stmt"/>
        <line num="25" count="7" type="stmt"/>
        <line num="27" count="7" type="stmt"/>
        <line num="28" count="7" type="stmt"/>
        <line num="30" count="7" type="stmt"/>
        <line num="32" count="7" type="stmt"/>
        <line num="34" count="7" type="stmt"/>
      </file>
      <file name="categoryRouter.js" path="/home/dita/h8/eco-mmerce-project/server/routes/categoryRouter.js">
        <metrics statements="4" coveredstatements="4" conditionals="0" coveredconditionals="0" methods="0" coveredmethods="0"/>
        <line num="1" count="7" type="stmt"/>
        <line num="3" count="7" type="stmt"/>
        <line num="5" count="7" type="stmt"/>
        <line num="7" count="7" type="stmt"/>
      </file>
      <file name="chatRouter.js" path="/home/dita/h8/eco-mmerce-project/server/routes/chatRouter.js">
        <metrics statements="6" coveredstatements="6" conditionals="0" coveredconditionals="0" methods="0" coveredmethods="0"/>
        <line num="1" count="7" type="stmt"/>
        <line num="3" count="7" type="stmt"/>
        <line num="4" count="7" type="stmt"/>
        <line num="6" count="7" type="stmt"/>
        <line num="7" count="7" type="stmt"/>
        <line num="9" count="7" type="stmt"/>
      </file>
      <file name="index.js" path="/home/dita/h8/eco-mmerce-project/server/routes/index.js">
        <metrics statements="14" coveredstatements="14" conditionals="0" coveredconditionals="0" methods="0" coveredmethods="0"/>
        <line num="1" count="7" type="stmt"/>
        <line num="3" count="7" type="stmt"/>
        <line num="4" count="7" type="stmt"/>
        <line num="5" count="7" type="stmt"/>
        <line num="6" count="7" type="stmt"/>
        <line num="7" count="7" type="stmt"/>
        <line num="8" count="7" type="stmt"/>
        <line num="10" count="7" type="stmt"/>
        <line num="11" count="7" type="stmt"/>
        <line num="12" count="7" type="stmt"/>
        <line num="13" count="7" type="stmt"/>
        <line num="14" count="7" type="stmt"/>
        <line num="15" count="7" type="stmt"/>
        <line num="17" count="7" type="stmt"/>
      </file>
      <file name="ingridientsRouter.js" path="/home/dita/h8/eco-mmerce-project/server/routes/ingridientsRouter.js">
        <metrics statements="4" coveredstatements="4" conditionals="0" coveredconditionals="0" methods="0" coveredmethods="0"/>
        <line num="1" count="7" type="stmt"/>
        <line num="3" count="7" type="stmt"/>
        <line num="5" count="7" type="stmt"/>
        <line num="7" count="7" type="stmt"/>
      </file>
      <file name="sellerRouter.js" path="/home/dita/h8/eco-mmerce-project/server/routes/sellerRouter.js">
        <metrics statements="20" coveredstatements="20" conditionals="0" coveredconditionals="0" methods="0" coveredmethods="0"/>
        <line num="1" count="7" type="stmt"/>
        <line num="2" count="7" type="stmt"/>
        <line num="3" count="7" type="stmt"/>
        <line num="5" count="7" type="stmt"/>
        <line num="6" count="7" type="stmt"/>
        <line num="7" count="7" type="stmt"/>
        <line num="9" count="7" type="stmt"/>
        <line num="10" count="7" type="stmt"/>
        <line num="11" count="7" type="stmt"/>
        <line num="13" count="7" type="stmt"/>
        <line num="14" count="7" type="stmt"/>
        <line num="21" count="7" type="stmt"/>
        <line num="22" count="7" type="stmt"/>
        <line num="23" count="7" type="stmt"/>
        <line num="24" count="7" type="stmt"/>
        <line num="25" count="7" type="stmt"/>
        <line num="36" count="7" type="stmt"/>
        <line num="37" count="7" type="stmt"/>
        <line num="38" count="7" type="stmt"/>
        <line num="40" count="7" type="stmt"/>
      </file>
    </package>
  </project>
</coverage>
