{"/home/dita/h8/eco-mmerce-project/server/app.js": {"path":"/home/dita/h8/eco-mmerce-project/server/app.js","statementMap":{"0":{"start":{"line":1,"column":0},"end":{"line":3,"column":1}},"1":{"start":{"line":2,"column":2},"end":{"line":2,"column":29}},"2":{"start":{"line":5,"column":16},"end":{"line":5,"column":34}},"3":{"start":{"line":6,"column":13},"end":{"line":6,"column":28}},"4":{"start":{"line":8,"column":21},"end":{"line":8,"column":58}},"5":{"start":{"line":9,"column":15},"end":{"line":9,"column":34}},"6":{"start":{"line":11,"column":12},"end":{"line":11,"column":21}},"7":{"start":{"line":14,"column":0},"end":{"line":14,"column":48}},"8":{"start":{"line":15,"column":0},"end":{"line":15,"column":24}},"9":{"start":{"line":16,"column":0},"end":{"line":16,"column":16}},"10":{"start":{"line":17,"column":0},"end":{"line":17,"column":16}},"11":{"start":{"line":18,"column":0},"end":{"line":18,"column":22}},"12":{"start":{"line":20,"column":0},"end":{"line":20,"column":21}}},"fnMap":{},"branchMap":{"0":{"loc":{"start":{"line":1,"column":0},"end":{"line":3,"column":1}},"type":"if","locations":[{"start":{"line":1,"column":0},"end":{"line":3,"column":1}},{"start":{"line":1,"column":0},"end":{"line":3,"column":1}}],"line":1}},"s":{"0":7,"1":7,"2":7,"3":7,"4":7,"5":7,"6":7,"7":7,"8":7,"9":7,"10":7,"11":7,"12":7},"f":{},"b":{"0":[7,0]},"_coverageSchema":"1a1c01bbd47fc00a2c39e90264f33305004495a9","hash":"24fe3e2d30b6d0e3bd246023f59de71178e97832"}
,"/home/dita/h8/eco-mmerce-project/server/socketConfig.js": {"path":"/home/dita/h8/eco-mmerce-project/server/socketConfig.js","statementMap":{"0":{"start":{"line":1,"column":11},"end":{"line":6,"column":2}},"1":{"start":{"line":7,"column":17},"end":{"line":7,"column":36}},"2":{"start":{"line":9,"column":0},"end":{"line":28,"column":3}},"3":{"start":{"line":12,"column":2},"end":{"line":12,"column":45}},"4":{"start":{"line":13,"column":2},"end":{"line":18,"column":5}},"5":{"start":{"line":14,"column":21},"end":{"line":14,"column":63}},"6":{"start":{"line":16,"column":4},"end":{"line":16,"column":26}},"7":{"start":{"line":17,"column":4},"end":{"line":17,"column":26}},"8":{"start":{"line":20,"column":2},"end":{"line":27,"column":5}},"9":{"start":{"line":21,"column":21},"end":{"line":21,"column":79}},"10":{"start":{"line":22,"column":4},"end":{"line":22,"column":25}},"11":{"start":{"line":23,"column":4},"end":{"line":23,"column":25}},"12":{"start":{"line":24,"column":4},"end":{"line":24,"column":26}},"13":{"start":{"line":26,"column":4},"end":{"line":26,"column":45}},"14":{"start":{"line":30,"column":0},"end":{"line":30,"column":20}}},"fnMap":{"0":{"name":"(anonymous_0)","decl":{"start":{"line":9,"column":20},"end":{"line":9,"column":21}},"loc":{"start":{"line":9,"column":32},"end":{"line":28,"column":1}},"line":9},"1":{"name":"(anonymous_1)","decl":{"start":{"line":13,"column":24},"end":{"line":13,"column":25}},"loc":{"start":{"line":13,"column":51},"end":{"line":18,"column":3}},"line":13},"2":{"name":"(anonymous_2)","decl":{"start":{"line":20,"column":20},"end":{"line":20,"column":21}},"loc":{"start":{"line":20,"column":37},"end":{"line":27,"column":3}},"line":20}},"branchMap":{},"s":{"0":1,"1":1,"2":1,"3":1,"4":1,"5":1,"6":1,"7":1,"8":1,"9":1,"10":1,"11":1,"12":1,"13":1,"14":1},"f":{"0":1,"1":1,"2":1},"b":{},"_coverageSchema":"1a1c01bbd47fc00a2c39e90264f33305004495a9","hash":"605a9a50e4c85263c04a4f5eedd001d3d713322a"}
,"/home/dita/h8/eco-mmerce-project/server/apis/imagekit.js": {"path":"/home/dita/h8/eco-mmerce-project/server/apis/imagekit.js","statementMap":{"0":{"start":{"line":1,"column":14},"end":{"line":1,"column":38}},"1":{"start":{"line":3,"column":22},"end":{"line":9,"column":2}},"2":{"start":{"line":11,"column":0},"end":{"line":11,"column":31}}},"fnMap":{},"branchMap":{},"s":{"0":7,"1":7,"2":7},"f":{},"b":{},"_coverageSchema":"1a1c01bbd47fc00a2c39e90264f33305004495a9","hash":"a94552aaded4af0d30d2f5993ec05af4bebe27a2"}
,"/home/dita/h8/eco-mmerce-project/server/apis/midtrans.js": {"path":"/home/dita/h8/eco-mmerce-project/server/apis/midtrans.js","statementMap":{"0":{"start":{"line":1,"column":14},"end":{"line":1,"column":38}},"1":{"start":{"line":3,"column":20},"end":{"line":9,"column":2}},"2":{"start":{"line":11,"column":0},"end":{"line":11,"column":29}}},"fnMap":{},"branchMap":{},"s":{"0":7,"1":7,"2":7},"f":{},"b":{},"_coverageSchema":"1a1c01bbd47fc00a2c39e90264f33305004495a9","hash":"fc90da81f0f8d061ec0b686117d6c66920041094"}
,"/home/dita/h8/eco-mmerce-project/server/controllers/brandController.js": {"path":"/home/dita/h8/eco-mmerce-project/server/controllers/brandController.js","statementMap":{"0":{"start":{"line":1,"column":18},"end":{"line":1,"column":38}},"1":{"start":{"line":2,"column":10},"end":{"line":2,"column":27}},"2":{"start":{"line":6,"column":4},"end":{"line":17,"column":5}},"3":{"start":{"line":7,"column":21},"end":{"line":10,"column":8}},"4":{"start":{"line":12,"column":27},"end":{"line":12,"column":52}},"5":{"start":{"line":14,"column":6},"end":{"line":14,"column":41}},"6":{"start":{"line":16,"column":6},"end":{"line":16,"column":16}},"7":{"start":{"line":21,"column":0},"end":{"line":21,"column":33}}},"fnMap":{"0":{"name":"(anonymous_0)","decl":{"start":{"line":5,"column":2},"end":{"line":5,"column":3}},"loc":{"start":{"line":5,"column":41},"end":{"line":18,"column":3}},"line":5}},"branchMap":{},"s":{"0":7,"1":7,"2":1,"3":1,"4":1,"5":1,"6":0,"7":7},"f":{"0":1},"b":{},"_coverageSchema":"1a1c01bbd47fc00a2c39e90264f33305004495a9","hash":"bef35e3fad97ba8e3f58cef0f95cf10c3400f711"}
,"/home/dita/h8/eco-mmerce-project/server/controllers/buyerController.js": {"path":"/home/dita/h8/eco-mmerce-project/server/controllers/buyerController.js","statementMap":{"0":{"start":{"line":1,"column":25},"end":{"line":1,"column":55}},"1":{"start":{"line":3,"column":20},"end":{"line":3,"column":47}},"2":{"start":{"line":5,"column":22},"end":{"line":5,"column":47}},"3":{"start":{"line":6,"column":26},"end":{"line":6,"column":54}},"4":{"start":{"line":15,"column":4},"end":{"line":15,"column":24}},"5":{"start":{"line":16,"column":10},"end":{"line":16,"column":27}},"6":{"start":{"line":17,"column":15},"end":{"line":17,"column":61}},"7":{"start":{"line":21,"column":4},"end":{"line":52,"column":5}},"8":{"start":{"line":22,"column":34},"end":{"line":22,"column":42}},"9":{"start":{"line":24,"column":19},"end":{"line":26,"column":8}},"10":{"start":{"line":28,"column":6},"end":{"line":49,"column":7}},"11":{"start":{"line":29,"column":8},"end":{"line":46,"column":9}},"12":{"start":{"line":30,"column":31},"end":{"line":34,"column":12}},"13":{"start":{"line":36,"column":10},"end":{"line":43,"column":13}},"14":{"start":{"line":45,"column":10},"end":{"line":45,"column":79}},"15":{"start":{"line":48,"column":8},"end":{"line":48,"column":77}},"16":{"start":{"line":51,"column":6},"end":{"line":51,"column":16}},"17":{"start":{"line":56,"column":4},"end":{"line":94,"column":5}},"18":{"start":{"line":57,"column":21},"end":{"line":60,"column":8}},"19":{"start":{"line":61,"column":20},"end":{"line":61,"column":39}},"20":{"start":{"line":63,"column":25},"end":{"line":63,"column":48}},"21":{"start":{"line":64,"column":22},"end":{"line":64,"column":37}},"22":{"start":{"line":65,"column":21},"end":{"line":65,"column":36}},"23":{"start":{"line":67,"column":30},"end":{"line":78,"column":8}},"24":{"start":{"line":79,"column":27},"end":{"line":83,"column":8}},"25":{"start":{"line":84,"column":6},"end":{"line":91,"column":9}},"26":{"start":{"line":93,"column":6},"end":{"line":93,"column":16}},"27":{"start":{"line":98,"column":4},"end":{"line":117,"column":5}},"28":{"start":{"line":99,"column":68},"end":{"line":99,"column":76}},"29":{"start":{"line":101,"column":8},"end":{"line":102,"column":94}},"30":{"start":{"line":104,"column":23},"end":{"line":112,"column":8}},"31":{"start":{"line":114,"column":6},"end":{"line":114,"column":71}},"32":{"start":{"line":116,"column":6},"end":{"line":116,"column":16}},"33":{"start":{"line":121,"column":4},"end":{"line":177,"column":5}},"34":{"start":{"line":122,"column":48},"end":{"line":122,"column":57}},"35":{"start":{"line":123,"column":26},"end":{"line":123,"column":54}},"36":{"start":{"line":124,"column":29},"end":{"line":124,"column":65}},"37":{"start":{"line":125,"column":23},"end":{"line":173,"column":8}},"38":{"start":{"line":174,"column":6},"end":{"line":174,"column":37}},"39":{"start":{"line":176,"column":6},"end":{"line":176,"column":16}},"40":{"start":{"line":181,"column":4},"end":{"line":232,"column":5}},"41":{"start":{"line":182,"column":21},"end":{"line":182,"column":31}},"42":{"start":{"line":183,"column":22},"end":{"line":220,"column":8}},"43":{"start":{"line":222,"column":6},"end":{"line":229,"column":7}},"44":{"start":{"line":223,"column":8},"end":{"line":226,"column":10}},"45":{"start":{"line":228,"column":8},"end":{"line":228,"column":38}},"46":{"start":{"line":231,"column":6},"end":{"line":231,"column":16}},"47":{"start":{"line":236,"column":4},"end":{"line":302,"column":5}},"48":{"start":{"line":237,"column":20},"end":{"line":283,"column":8}},"49":{"start":{"line":285,"column":23},"end":{"line":285,"column":56}},"50":{"start":{"line":286,"column":17},"end":{"line":286,"column":19}},"51":{"start":{"line":287,"column":6},"end":{"line":295,"column":7}},"52":{"start":{"line":288,"column":20},"end":{"line":288,"column":21}},"53":{"start":{"line":289,"column":24},"end":{"line":289,"column":48}},"54":{"start":{"line":290,"column":8},"end":{"line":292,"column":9}},"55":{"start":{"line":291,"column":10},"end":{"line":291,"column":63}},"56":{"start":{"line":291,"column":55},"end":{"line":291,"column":63}},"57":{"start":{"line":293,"column":8},"end":{"line":293,"column":33}},"58":{"start":{"line":294,"column":8},"end":{"line":294,"column":42}},"59":{"start":{"line":297,"column":26},"end":{"line":297,"column":57}},"60":{"start":{"line":299,"column":6},"end":{"line":299,"column":40}},"61":{"start":{"line":301,"column":6},"end":{"line":301,"column":16}},"62":{"start":{"line":306,"column":4},"end":{"line":317,"column":5}},"63":{"start":{"line":307,"column":29},"end":{"line":307,"column":37}},"64":{"start":{"line":308,"column":28},"end":{"line":308,"column":36}},"65":{"start":{"line":309,"column":6},"end":{"line":312,"column":9}},"66":{"start":{"line":314,"column":6},"end":{"line":314,"column":79}},"67":{"start":{"line":316,"column":6},"end":{"line":316,"column":16}},"68":{"start":{"line":321,"column":4},"end":{"line":344,"column":5}},"69":{"start":{"line":322,"column":29},"end":{"line":322,"column":37}},"70":{"start":{"line":323,"column":32},"end":{"line":323,"column":42}},"71":{"start":{"line":325,"column":24},"end":{"line":328,"column":8}},"72":{"start":{"line":330,"column":6},"end":{"line":335,"column":7}},"73":{"start":{"line":331,"column":8},"end":{"line":334,"column":10}},"74":{"start":{"line":337,"column":6},"end":{"line":339,"column":9}},"75":{"start":{"line":341,"column":6},"end":{"line":341,"column":75}},"76":{"start":{"line":343,"column":6},"end":{"line":343,"column":16}},"77":{"start":{"line":348,"column":4},"end":{"line":366,"column":5}},"78":{"start":{"line":349,"column":29},"end":{"line":349,"column":37}},"79":{"start":{"line":350,"column":28},"end":{"line":350,"column":36}},"80":{"start":{"line":352,"column":27},"end":{"line":354,"column":8}},"81":{"start":{"line":356,"column":6},"end":{"line":361,"column":7}},"82":{"start":{"line":357,"column":8},"end":{"line":360,"column":10}},"83":{"start":{"line":363,"column":6},"end":{"line":363,"column":79}},"84":{"start":{"line":365,"column":6},"end":{"line":365,"column":16}},"85":{"start":{"line":370,"column":4},"end":{"line":447,"column":5}},"86":{"start":{"line":371,"column":29},"end":{"line":371,"column":37}},"87":{"start":{"line":373,"column":26},"end":{"line":382,"column":8}},"88":{"start":{"line":385,"column":25},"end":{"line":385,"column":26}},"89":{"start":{"line":386,"column":6},"end":{"line":388,"column":9}},"90":{"start":{"line":387,"column":8},"end":{"line":387,"column":43}},"91":{"start":{"line":391,"column":19},"end":{"line":396,"column":8}},"92":{"start":{"line":398,"column":31},"end":{"line":403,"column":7}},"93":{"start":{"line":407,"column":8},"end":{"line":407,"column":70}},"94":{"start":{"line":409,"column":24},"end":{"line":418,"column":7}},"95":{"start":{"line":420,"column":23},"end":{"line":425,"column":8}},"96":{"start":{"line":429,"column":6},"end":{"line":434,"column":9}},"97":{"start":{"line":430,"column":8},"end":{"line":433,"column":11}},"98":{"start":{"line":436,"column":25},"end":{"line":436,"column":66}},"99":{"start":{"line":437,"column":6},"end":{"line":442,"column":7}},"100":{"start":{"line":438,"column":8},"end":{"line":441,"column":10}},"101":{"start":{"line":444,"column":6},"end":{"line":444,"column":33}},"102":{"start":{"line":446,"column":6},"end":{"line":446,"column":16}},"103":{"start":{"line":451,"column":4},"end":{"line":471,"column":5}},"104":{"start":{"line":452,"column":29},"end":{"line":452,"column":37}},"105":{"start":{"line":453,"column":25},"end":{"line":466,"column":8}},"106":{"start":{"line":468,"column":6},"end":{"line":468,"column":39}},"107":{"start":{"line":470,"column":6},"end":{"line":470,"column":16}},"108":{"start":{"line":475,"column":0},"end":{"line":475,"column":33}}},"fnMap":{"0":{"name":"(anonymous_0)","decl":{"start":{"line":20,"column":2},"end":{"line":20,"column":3}},"loc":{"start":{"line":20,"column":42},"end":{"line":53,"column":3}},"line":20},"1":{"name":"(anonymous_1)","decl":{"start":{"line":55,"column":2},"end":{"line":55,"column":3}},"loc":{"start":{"line":55,"column":48},"end":{"line":95,"column":3}},"line":55},"2":{"name":"(anonymous_2)","decl":{"start":{"line":97,"column":2},"end":{"line":97,"column":3}},"loc":{"start":{"line":97,"column":45},"end":{"line":118,"column":3}},"line":97},"3":{"name":"(anonymous_3)","decl":{"start":{"line":120,"column":2},"end":{"line":120,"column":3}},"loc":{"start":{"line":120,"column":43},"end":{"line":178,"column":3}},"line":120},"4":{"name":"(anonymous_4)","decl":{"start":{"line":180,"column":2},"end":{"line":180,"column":3}},"loc":{"start":{"line":180,"column":42},"end":{"line":233,"column":3}},"line":180},"5":{"name":"(anonymous_5)","decl":{"start":{"line":235,"column":2},"end":{"line":235,"column":3}},"loc":{"start":{"line":235,"column":40},"end":{"line":303,"column":3}},"line":235},"6":{"name":"(anonymous_6)","decl":{"start":{"line":305,"column":2},"end":{"line":305,"column":3}},"loc":{"start":{"line":305,"column":42},"end":{"line":318,"column":3}},"line":305},"7":{"name":"(anonymous_7)","decl":{"start":{"line":320,"column":2},"end":{"line":320,"column":3}},"loc":{"start":{"line":320,"column":41},"end":{"line":345,"column":3}},"line":320},"8":{"name":"(anonymous_8)","decl":{"start":{"line":347,"column":2},"end":{"line":347,"column":3}},"loc":{"start":{"line":347,"column":42},"end":{"line":367,"column":3}},"line":347},"9":{"name":"(anonymous_9)","decl":{"start":{"line":369,"column":2},"end":{"line":369,"column":3}},"loc":{"start":{"line":369,"column":40},"end":{"line":448,"column":3}},"line":369},"10":{"name":"(anonymous_10)","decl":{"start":{"line":386,"column":26},"end":{"line":386,"column":27}},"loc":{"start":{"line":386,"column":36},"end":{"line":388,"column":7}},"line":386},"11":{"name":"(anonymous_11)","decl":{"start":{"line":429,"column":32},"end":{"line":429,"column":33}},"loc":{"start":{"line":429,"column":40},"end":{"line":434,"column":7}},"line":429},"12":{"name":"(anonymous_12)","decl":{"start":{"line":450,"column":2},"end":{"line":450,"column":3}},"loc":{"start":{"line":450,"column":42},"end":{"line":472,"column":3}},"line":450}},"branchMap":{"0":{"loc":{"start":{"line":28,"column":6},"end":{"line":49,"column":7}},"type":"if","locations":[{"start":{"line":28,"column":6},"end":{"line":49,"column":7}},{"start":{"line":28,"column":6},"end":{"line":49,"column":7}}],"line":28},"1":{"loc":{"start":{"line":29,"column":8},"end":{"line":46,"column":9}},"type":"if","locations":[{"start":{"line":29,"column":8},"end":{"line":46,"column":9}},{"start":{"line":29,"column":8},"end":{"line":46,"column":9}}],"line":29},"2":{"loc":{"start":{"line":72,"column":20},"end":{"line":72,"column":66}},"type":"cond-expr","locations":[{"start":{"line":72,"column":53},"end":{"line":72,"column":55}},{"start":{"line":72,"column":58},"end":{"line":72,"column":66}}],"line":72},"3":{"loc":{"start":{"line":72,"column":20},"end":{"line":72,"column":50}},"type":"binary-expr","locations":[{"start":{"line":72,"column":20},"end":{"line":72,"column":37}},{"start":{"line":72,"column":41},"end":{"line":72,"column":50}}],"line":72},"4":{"loc":{"start":{"line":101,"column":8},"end":{"line":102,"column":94}},"type":"binary-expr","locations":[{"start":{"line":101,"column":8},"end":{"line":101,"column":18}},{"start":{"line":102,"column":8},"end":{"line":102,"column":94}}],"line":101},"5":{"loc":{"start":{"line":123,"column":26},"end":{"line":123,"column":54}},"type":"cond-expr","locations":[{"start":{"line":123,"column":34},"end":{"line":123,"column":49}},{"start":{"line":123,"column":52},"end":{"line":123,"column":54}}],"line":123},"6":{"loc":{"start":{"line":124,"column":29},"end":{"line":124,"column":65}},"type":"cond-expr","locations":[{"start":{"line":124,"column":42},"end":{"line":124,"column":60}},{"start":{"line":124,"column":63},"end":{"line":124,"column":65}}],"line":124},"7":{"loc":{"start":{"line":222,"column":6},"end":{"line":229,"column":7}},"type":"if","locations":[{"start":{"line":222,"column":6},"end":{"line":229,"column":7}},{"start":{"line":222,"column":6},"end":{"line":229,"column":7}}],"line":222},"8":{"loc":{"start":{"line":291,"column":10},"end":{"line":291,"column":63}},"type":"if","locations":[{"start":{"line":291,"column":10},"end":{"line":291,"column":63}},{"start":{"line":291,"column":10},"end":{"line":291,"column":63}}],"line":291},"9":{"loc":{"start":{"line":330,"column":6},"end":{"line":335,"column":7}},"type":"if","locations":[{"start":{"line":330,"column":6},"end":{"line":335,"column":7}},{"start":{"line":330,"column":6},"end":{"line":335,"column":7}}],"line":330},"10":{"loc":{"start":{"line":356,"column":6},"end":{"line":361,"column":7}},"type":"if","locations":[{"start":{"line":356,"column":6},"end":{"line":361,"column":7}},{"start":{"line":356,"column":6},"end":{"line":361,"column":7}}],"line":356},"11":{"loc":{"start":{"line":437,"column":6},"end":{"line":442,"column":7}},"type":"if","locations":[{"start":{"line":437,"column":6},"end":{"line":442,"column":7}},{"start":{"line":437,"column":6},"end":{"line":442,"column":7}}],"line":437}},"s":{"0":7,"1":7,"2":7,"3":7,"4":7,"5":7,"6":7,"7":3,"8":3,"9":3,"10":3,"11":2,"12":1,"13":1,"14":1,"15":1,"16":2,"17":0,"18":0,"19":0,"20":0,"21":0,"22":0,"23":0,"24":0,"25":0,"26":0,"27":7,"28":7,"29":7,"30":7,"31":1,"32":6,"33":1,"34":1,"35":1,"36":1,"37":1,"38":1,"39":0,"40":2,"41":2,"42":2,"43":2,"44":1,"45":1,"46":1,"47":1,"48":1,"49":1,"50":1,"51":1,"52":3,"53":3,"54":3,"55":9,"56":9,"57":3,"58":3,"59":1,"60":1,"61":0,"62":1,"63":1,"64":1,"65":1,"66":1,"67":0,"68":2,"69":2,"70":2,"71":2,"72":2,"73":1,"74":1,"75":1,"76":1,"77":2,"78":2,"79":2,"80":2,"81":2,"82":1,"83":1,"84":1,"85":0,"86":0,"87":0,"88":0,"89":0,"90":0,"91":0,"92":0,"93":0,"94":0,"95":0,"96":0,"97":0,"98":0,"99":0,"100":0,"101":0,"102":0,"103":1,"104":1,"105":1,"106":1,"107":0,"108":7},"f":{"0":3,"1":0,"2":7,"3":1,"4":2,"5":1,"6":1,"7":2,"8":2,"9":0,"10":0,"11":0,"12":1},"b":{"0":[2,1],"1":[1,1],"2":[0,0],"3":[0,0],"4":[7,7],"5":[0,1],"6":[0,1],"7":[1,1],"8":[9,0],"9":[1,1],"10":[1,1],"11":[0,0]},"_coverageSchema":"1a1c01bbd47fc00a2c39e90264f33305004495a9","hash":"430acc51a5890776bbd9e3f9c8dc00f6cffc3190"}
,"/home/dita/h8/eco-mmerce-project/server/controllers/categoryController.js": {"path":"/home/dita/h8/eco-mmerce-project/server/controllers/categoryController.js","statementMap":{"0":{"start":{"line":1,"column":21},"end":{"line":1,"column":41}},"1":{"start":{"line":5,"column":4},"end":{"line":14,"column":5}},"2":{"start":{"line":6,"column":25},"end":{"line":9,"column":8}},"3":{"start":{"line":11,"column":6},"end":{"line":11,"column":39}},"4":{"start":{"line":13,"column":6},"end":{"line":13,"column":16}},"5":{"start":{"line":18,"column":0},"end":{"line":18,"column":36}}},"fnMap":{"0":{"name":"(anonymous_0)","decl":{"start":{"line":4,"column":2},"end":{"line":4,"column":3}},"loc":{"start":{"line":4,"column":45},"end":{"line":15,"column":3}},"line":4}},"branchMap":{},"s":{"0":7,"1":1,"2":1,"3":1,"4":0,"5":7},"f":{"0":1},"b":{},"_coverageSchema":"1a1c01bbd47fc00a2c39e90264f33305004495a9","hash":"a9a1e10cd2358d09a93e939e7c6dfb3604a127b6"}
,"/home/dita/h8/eco-mmerce-project/server/controllers/chatController.js": {"path":"/home/dita/h8/eco-mmerce-project/server/controllers/chatController.js","statementMap":{"0":{"start":{"line":1,"column":23},"end":{"line":1,"column":43}},"1":{"start":{"line":5,"column":4},"end":{"line":19,"column":5}},"2":{"start":{"line":6,"column":21},"end":{"line":9,"column":7}},"3":{"start":{"line":10,"column":19},"end":{"line":14,"column":8}},"4":{"start":{"line":16,"column":6},"end":{"line":16,"column":33}},"5":{"start":{"line":18,"column":6},"end":{"line":18,"column":16}},"6":{"start":{"line":23,"column":4},"end":{"line":37,"column":5}},"7":{"start":{"line":24,"column":31},"end":{"line":24,"column":39}},"8":{"start":{"line":25,"column":19},"end":{"line":32,"column":8}},"9":{"start":{"line":34,"column":6},"end":{"line":34,"column":33}},"10":{"start":{"line":36,"column":6},"end":{"line":36,"column":16}},"11":{"start":{"line":41,"column":0},"end":{"line":41,"column":32}}},"fnMap":{"0":{"name":"(anonymous_0)","decl":{"start":{"line":4,"column":2},"end":{"line":4,"column":3}},"loc":{"start":{"line":4,"column":39},"end":{"line":20,"column":3}},"line":4},"1":{"name":"(anonymous_1)","decl":{"start":{"line":22,"column":2},"end":{"line":22,"column":3}},"loc":{"start":{"line":22,"column":44},"end":{"line":38,"column":3}},"line":22}},"branchMap":{"0":{"loc":{"start":{"line":7,"column":17},"end":{"line":7,"column":72}},"type":"cond-expr","locations":[{"start":{"line":7,"column":45},"end":{"line":7,"column":56}},{"start":{"line":7,"column":59},"end":{"line":7,"column":72}}],"line":7},"1":{"loc":{"start":{"line":8,"column":18},"end":{"line":8,"column":74}},"type":"cond-expr","locations":[{"start":{"line":8,"column":47},"end":{"line":8,"column":58}},{"start":{"line":8,"column":61},"end":{"line":8,"column":74}}],"line":8}},"s":{"0":7,"1":1,"2":1,"3":1,"4":1,"5":0,"6":1,"7":1,"8":1,"9":1,"10":0,"11":7},"f":{"0":1,"1":1},"b":{"0":[0,1],"1":[1,0]},"_coverageSchema":"1a1c01bbd47fc00a2c39e90264f33305004495a9","hash":"f30dc176a1d45f3718e6a306f2168a1aec7b4b20"}
,"/home/dita/h8/eco-mmerce-project/server/controllers/ingridientController.js": {"path":"/home/dita/h8/eco-mmerce-project/server/controllers/ingridientController.js","statementMap":{"0":{"start":{"line":1,"column":30},"end":{"line":1,"column":50}},"1":{"start":{"line":5,"column":4},"end":{"line":14,"column":5}},"2":{"start":{"line":6,"column":33},"end":{"line":9,"column":8}},"3":{"start":{"line":11,"column":6},"end":{"line":11,"column":47}},"4":{"start":{"line":13,"column":6},"end":{"line":13,"column":16}},"5":{"start":{"line":18,"column":0},"end":{"line":18,"column":45}}},"fnMap":{"0":{"name":"(anonymous_0)","decl":{"start":{"line":4,"column":2},"end":{"line":4,"column":3}},"loc":{"start":{"line":4,"column":53},"end":{"line":15,"column":3}},"line":4}},"branchMap":{},"s":{"0":7,"1":1,"2":1,"3":1,"4":0,"5":7},"f":{"0":1},"b":{},"_coverageSchema":"1a1c01bbd47fc00a2c39e90264f33305004495a9","hash":"03b25884b5da8d7fb7c46bbcc0d3ccc066a0efe1"}
,"/home/dita/h8/eco-mmerce-project/server/controllers/sellerController.js": {"path":"/home/dita/h8/eco-mmerce-project/server/controllers/sellerController.js","statementMap":{"0":{"start":{"line":1,"column":22},"end":{"line":1,"column":47}},"1":{"start":{"line":2,"column":26},"end":{"line":2,"column":54}},"2":{"start":{"line":3,"column":10},"end":{"line":3,"column":27}},"3":{"start":{"line":11,"column":4},"end":{"line":11,"column":24}},"4":{"start":{"line":15,"column":4},"end":{"line":48,"column":5}},"5":{"start":{"line":16,"column":34},"end":{"line":16,"column":42}},"6":{"start":{"line":18,"column":19},"end":{"line":20,"column":8}},"7":{"start":{"line":22,"column":6},"end":{"line":22,"column":24}},"8":{"start":{"line":24,"column":6},"end":{"line":45,"column":7}},"9":{"start":{"line":25,"column":8},"end":{"line":42,"column":9}},"10":{"start":{"line":26,"column":31},"end":{"line":30,"column":12}},"11":{"start":{"line":32,"column":10},"end":{"line":39,"column":13}},"12":{"start":{"line":41,"column":10},"end":{"line":41,"column":79}},"13":{"start":{"line":44,"column":8},"end":{"line":44,"column":77}},"14":{"start":{"line":47,"column":6},"end":{"line":47,"column":16}},"15":{"start":{"line":52,"column":4},"end":{"line":70,"column":5}},"16":{"start":{"line":53,"column":68},"end":{"line":53,"column":76}},"17":{"start":{"line":55,"column":8},"end":{"line":56,"column":94}},"18":{"start":{"line":57,"column":24},"end":{"line":65,"column":8}},"19":{"start":{"line":67,"column":6},"end":{"line":67,"column":73}},"20":{"start":{"line":69,"column":6},"end":{"line":69,"column":16}},"21":{"start":{"line":74,"column":4},"end":{"line":111,"column":5}},"22":{"start":{"line":75,"column":21},"end":{"line":75,"column":29}},"23":{"start":{"line":76,"column":23},"end":{"line":106,"column":8}},"24":{"start":{"line":108,"column":6},"end":{"line":108,"column":37}},"25":{"start":{"line":110,"column":6},"end":{"line":110,"column":16}},"26":{"start":{"line":115,"column":4},"end":{"line":150,"column":5}},"27":{"start":{"line":116,"column":21},"end":{"line":116,"column":31}},"28":{"start":{"line":117,"column":29},"end":{"line":117,"column":37}},"29":{"start":{"line":118,"column":22},"end":{"line":139,"column":8}},"30":{"start":{"line":141,"column":6},"end":{"line":146,"column":7}},"31":{"start":{"line":142,"column":8},"end":{"line":145,"column":10}},"32":{"start":{"line":147,"column":6},"end":{"line":147,"column":36}},"33":{"start":{"line":149,"column":6},"end":{"line":149,"column":16}},"34":{"start":{"line":154,"column":4},"end":{"line":201,"column":5}},"35":{"start":{"line":167,"column":10},"end":{"line":167,"column":18}},"36":{"start":{"line":169,"column":6},"end":{"line":169,"column":40}},"37":{"start":{"line":171,"column":21},"end":{"line":171,"column":29}},"38":{"start":{"line":173,"column":25},"end":{"line":191,"column":7}},"39":{"start":{"line":193,"column":28},"end":{"line":196,"column":8}},"40":{"start":{"line":198,"column":6},"end":{"line":198,"column":70}},"41":{"start":{"line":200,"column":6},"end":{"line":200,"column":16}},"42":{"start":{"line":205,"column":4},"end":{"line":237,"column":5}},"43":{"start":{"line":206,"column":21},"end":{"line":206,"column":31}},"44":{"start":{"line":207,"column":29},"end":{"line":207,"column":37}},"45":{"start":{"line":208,"column":70},"end":{"line":208,"column":78}},"46":{"start":{"line":210,"column":29},"end":{"line":223,"column":7}},"47":{"start":{"line":225,"column":6},"end":{"line":234,"column":7}},"48":{"start":{"line":226,"column":8},"end":{"line":229,"column":10}},"49":{"start":{"line":231,"column":8},"end":{"line":233,"column":11}},"50":{"start":{"line":236,"column":6},"end":{"line":236,"column":16}},"51":{"start":{"line":241,"column":4},"end":{"line":258,"column":5}},"52":{"start":{"line":242,"column":21},"end":{"line":242,"column":31}},"53":{"start":{"line":243,"column":29},"end":{"line":243,"column":37}},"54":{"start":{"line":245,"column":29},"end":{"line":245,"column":77}},"55":{"start":{"line":246,"column":6},"end":{"line":255,"column":7}},"56":{"start":{"line":247,"column":8},"end":{"line":250,"column":10}},"57":{"start":{"line":252,"column":8},"end":{"line":254,"column":11}},"58":{"start":{"line":257,"column":6},"end":{"line":257,"column":16}},"59":{"start":{"line":262,"column":0},"end":{"line":262,"column":34}}},"fnMap":{"0":{"name":"(anonymous_0)","decl":{"start":{"line":14,"column":2},"end":{"line":14,"column":3}},"loc":{"start":{"line":14,"column":43},"end":{"line":49,"column":3}},"line":14},"1":{"name":"(anonymous_1)","decl":{"start":{"line":51,"column":2},"end":{"line":51,"column":3}},"loc":{"start":{"line":51,"column":46},"end":{"line":71,"column":3}},"line":51},"2":{"name":"(anonymous_2)","decl":{"start":{"line":73,"column":2},"end":{"line":73,"column":3}},"loc":{"start":{"line":73,"column":46},"end":{"line":112,"column":3}},"line":73},"3":{"name":"(anonymous_3)","decl":{"start":{"line":114,"column":2},"end":{"line":114,"column":3}},"loc":{"start":{"line":114,"column":42},"end":{"line":151,"column":3}},"line":114},"4":{"name":"(anonymous_4)","decl":{"start":{"line":153,"column":2},"end":{"line":153,"column":3}},"loc":{"start":{"line":153,"column":45},"end":{"line":202,"column":3}},"line":153},"5":{"name":"(anonymous_5)","decl":{"start":{"line":204,"column":2},"end":{"line":204,"column":3}},"loc":{"start":{"line":204,"column":45},"end":{"line":238,"column":3}},"line":204},"6":{"name":"(anonymous_6)","decl":{"start":{"line":240,"column":2},"end":{"line":240,"column":3}},"loc":{"start":{"line":240,"column":45},"end":{"line":259,"column":3}},"line":240}},"branchMap":{"0":{"loc":{"start":{"line":24,"column":6},"end":{"line":45,"column":7}},"type":"if","locations":[{"start":{"line":24,"column":6},"end":{"line":45,"column":7}},{"start":{"line":24,"column":6},"end":{"line":45,"column":7}}],"line":24},"1":{"loc":{"start":{"line":25,"column":8},"end":{"line":42,"column":9}},"type":"if","locations":[{"start":{"line":25,"column":8},"end":{"line":42,"column":9}},{"start":{"line":25,"column":8},"end":{"line":42,"column":9}}],"line":25},"2":{"loc":{"start":{"line":55,"column":8},"end":{"line":56,"column":94}},"type":"binary-expr","locations":[{"start":{"line":55,"column":8},"end":{"line":55,"column":18}},{"start":{"line":56,"column":8},"end":{"line":56,"column":94}}],"line":55},"3":{"loc":{"start":{"line":141,"column":6},"end":{"line":146,"column":7}},"type":"if","locations":[{"start":{"line":141,"column":6},"end":{"line":146,"column":7}},{"start":{"line":141,"column":6},"end":{"line":146,"column":7}}],"line":141},"4":{"loc":{"start":{"line":225,"column":6},"end":{"line":234,"column":7}},"type":"if","locations":[{"start":{"line":225,"column":6},"end":{"line":234,"column":7}},{"start":{"line":225,"column":6},"end":{"line":234,"column":7}}],"line":225},"5":{"loc":{"start":{"line":246,"column":6},"end":{"line":255,"column":7}},"type":"if","locations":[{"start":{"line":246,"column":6},"end":{"line":255,"column":7}},{"start":{"line":246,"column":6},"end":{"line":255,"column":7}}],"line":246}},"s":{"0":7,"1":7,"2":7,"3":7,"4":3,"5":3,"6":3,"7":3,"8":3,"9":2,"10":1,"11":1,"12":1,"13":1,"14":2,"15":7,"16":7,"17":7,"18":7,"19":1,"20":6,"21":1,"22":1,"23":1,"24":1,"25":0,"26":2,"27":2,"28":2,"29":2,"30":2,"31":1,"32":1,"33":1,"34":9,"35":9,"36":9,"37":9,"38":9,"39":1,"40":1,"41":8,"42":8,"43":8,"44":8,"45":8,"46":8,"47":2,"48":1,"49":1,"50":7,"51":2,"52":2,"53":2,"54":2,"55":2,"56":1,"57":1,"58":1,"59":7},"f":{"0":3,"1":7,"2":1,"3":2,"4":9,"5":8,"6":2},"b":{"0":[2,1],"1":[1,1],"2":[7,7],"3":[1,1],"4":[1,1],"5":[1,1]},"_coverageSchema":"1a1c01bbd47fc00a2c39e90264f33305004495a9","hash":"0e2d7d030bf3807268d4a0a3dfcbfe9fce0144fa"}
,"/home/dita/h8/eco-mmerce-project/server/helpers/bcrypt.js": {"path":"/home/dita/h8/eco-mmerce-project/server/helpers/bcrypt.js","statementMap":{"0":{"start":{"line":1,"column":15},"end":{"line":1,"column":34}},"1":{"start":{"line":2,"column":13},"end":{"line":2,"column":35}},"2":{"start":{"line":5,"column":2},"end":{"line":5,"column":41}},"3":{"start":{"line":9,"column":2},"end":{"line":9,"column":54}},"4":{"start":{"line":12,"column":0},"end":{"line":15,"column":2}}},"fnMap":{"0":{"name":"hashPassword","decl":{"start":{"line":4,"column":9},"end":{"line":4,"column":21}},"loc":{"start":{"line":4,"column":32},"end":{"line":6,"column":1}},"line":4},"1":{"name":"checkPassword","decl":{"start":{"line":8,"column":9},"end":{"line":8,"column":22}},"loc":{"start":{"line":8,"column":49},"end":{"line":10,"column":1}},"line":8}},"branchMap":{},"s":{"0":8,"1":8,"2":9,"3":4,"4":8},"f":{"0":9,"1":4},"b":{},"_coverageSchema":"1a1c01bbd47fc00a2c39e90264f33305004495a9","hash":"13513c92c18a60fd1624282f2a708b97861e8da9"}
,"/home/dita/h8/eco-mmerce-project/server/helpers/getDate.js": {"path":"/home/dita/h8/eco-mmerce-project/server/helpers/getDate.js","statementMap":{"0":{"start":{"line":1,"column":0},"end":{"line":17,"column":1}},"1":{"start":{"line":2,"column":14},"end":{"line":2,"column":24}},"2":{"start":{"line":3,"column":13},"end":{"line":3,"column":31}},"3":{"start":{"line":4,"column":14},"end":{"line":4,"column":37}},"4":{"start":{"line":5,"column":13},"end":{"line":5,"column":30}},"5":{"start":{"line":6,"column":13},"end":{"line":6,"column":32}},"6":{"start":{"line":7,"column":15},"end":{"line":7,"column":36}},"7":{"start":{"line":8,"column":15},"end":{"line":8,"column":36}},"8":{"start":{"line":10,"column":2},"end":{"line":10,"column":40}},"9":{"start":{"line":10,"column":23},"end":{"line":10,"column":40}},"10":{"start":{"line":11,"column":2},"end":{"line":11,"column":43}},"11":{"start":{"line":11,"column":24},"end":{"line":11,"column":43}},"12":{"start":{"line":12,"column":2},"end":{"line":12,"column":40}},"13":{"start":{"line":12,"column":23},"end":{"line":12,"column":40}},"14":{"start":{"line":13,"column":2},"end":{"line":13,"column":46}},"15":{"start":{"line":13,"column":25},"end":{"line":13,"column":46}},"16":{"start":{"line":14,"column":2},"end":{"line":14,"column":46}},"17":{"start":{"line":14,"column":25},"end":{"line":14,"column":46}},"18":{"start":{"line":16,"column":2},"end":{"line":16,"column":60}}},"fnMap":{"0":{"name":"(anonymous_0)","decl":{"start":{"line":1,"column":17},"end":{"line":1,"column":18}},"loc":{"start":{"line":1,"column":28},"end":{"line":17,"column":1}},"line":1}},"branchMap":{"0":{"loc":{"start":{"line":10,"column":2},"end":{"line":10,"column":40}},"type":"if","locations":[{"start":{"line":10,"column":2},"end":{"line":10,"column":40}},{"start":{"line":10,"column":2},"end":{"line":10,"column":40}}],"line":10},"1":{"loc":{"start":{"line":11,"column":2},"end":{"line":11,"column":43}},"type":"if","locations":[{"start":{"line":11,"column":2},"end":{"line":11,"column":43}},{"start":{"line":11,"column":2},"end":{"line":11,"column":43}}],"line":11},"2":{"loc":{"start":{"line":12,"column":2},"end":{"line":12,"column":40}},"type":"if","locations":[{"start":{"line":12,"column":2},"end":{"line":12,"column":40}},{"start":{"line":12,"column":2},"end":{"line":12,"column":40}}],"line":12},"3":{"loc":{"start":{"line":13,"column":2},"end":{"line":13,"column":46}},"type":"if","locations":[{"start":{"line":13,"column":2},"end":{"line":13,"column":46}},{"start":{"line":13,"column":2},"end":{"line":13,"column":46}}],"line":13},"4":{"loc":{"start":{"line":14,"column":2},"end":{"line":14,"column":46}},"type":"if","locations":[{"start":{"line":14,"column":2},"end":{"line":14,"column":46}},{"start":{"line":14,"column":2},"end":{"line":14,"column":46}}],"line":14}},"s":{"0":7,"1":8,"2":8,"3":8,"4":8,"5":8,"6":8,"7":8,"8":8,"9":0,"10":8,"11":8,"12":8,"13":0,"14":8,"15":0,"16":8,"17":2,"18":8},"f":{"0":8},"b":{"0":[0,8],"1":[8,0],"2":[0,8],"3":[0,8],"4":[2,6]},"_coverageSchema":"1a1c01bbd47fc00a2c39e90264f33305004495a9","hash":"e7aaad7cb6bcb9da52b5d499e6b59ac5bb2f4aea"}
,"/home/dita/h8/eco-mmerce-project/server/helpers/jwt.js": {"path":"/home/dita/h8/eco-mmerce-project/server/helpers/jwt.js","statementMap":{"0":{"start":{"line":1,"column":0},"end":{"line":1,"column":27}},"1":{"start":{"line":3,"column":12},"end":{"line":3,"column":35}},"2":{"start":{"line":6,"column":2},"end":{"line":6,"column":47}},"3":{"start":{"line":10,"column":2},"end":{"line":10,"column":47}},"4":{"start":{"line":13,"column":0},"end":{"line":16,"column":2}}},"fnMap":{"0":{"name":"signToken","decl":{"start":{"line":5,"column":9},"end":{"line":5,"column":18}},"loc":{"start":{"line":5,"column":28},"end":{"line":7,"column":1}},"line":5},"1":{"name":"verifyToken","decl":{"start":{"line":9,"column":9},"end":{"line":9,"column":20}},"loc":{"start":{"line":9,"column":28},"end":{"line":11,"column":1}},"line":9}},"branchMap":{},"s":{"0":7,"1":7,"2":6,"3":33,"4":7},"f":{"0":6,"1":33},"b":{},"_coverageSchema":"1a1c01bbd47fc00a2c39e90264f33305004495a9","hash":"808c78a4fe9e036f73c37074543cba67312105ca"}
,"/home/dita/h8/eco-mmerce-project/server/middlewares/authentication.js": {"path":"/home/dita/h8/eco-mmerce-project/server/middlewares/authentication.js","statementMap":{"0":{"start":{"line":1,"column":17},"end":{"line":1,"column":37}},"1":{"start":{"line":2,"column":24},"end":{"line":2,"column":49}},"2":{"start":{"line":5,"column":2},"end":{"line":26,"column":3}},"3":{"start":{"line":6,"column":29},"end":{"line":6,"column":40}},"4":{"start":{"line":7,"column":4},"end":{"line":7,"column":42}},"5":{"start":{"line":8,"column":4},"end":{"line":23,"column":5}},"6":{"start":{"line":9,"column":22},"end":{"line":9,"column":47}},"7":{"start":{"line":10,"column":19},"end":{"line":10,"column":50}},"8":{"start":{"line":11,"column":6},"end":{"line":20,"column":7}},"9":{"start":{"line":12,"column":8},"end":{"line":16,"column":10}},"10":{"start":{"line":17,"column":8},"end":{"line":17,"column":15}},"11":{"start":{"line":19,"column":8},"end":{"line":19,"column":75}},"12":{"start":{"line":22,"column":6},"end":{"line":22,"column":73}},"13":{"start":{"line":25,"column":4},"end":{"line":25,"column":14}},"14":{"start":{"line":29,"column":0},"end":{"line":29,"column":32}}},"fnMap":{"0":{"name":"authentication","decl":{"start":{"line":4,"column":15},"end":{"line":4,"column":29}},"loc":{"start":{"line":4,"column":46},"end":{"line":27,"column":1}},"line":4}},"branchMap":{"0":{"loc":{"start":{"line":8,"column":4},"end":{"line":23,"column":5}},"type":"if","locations":[{"start":{"line":8,"column":4},"end":{"line":23,"column":5}},{"start":{"line":8,"column":4},"end":{"line":23,"column":5}}],"line":8},"1":{"loc":{"start":{"line":11,"column":6},"end":{"line":20,"column":7}},"type":"if","locations":[{"start":{"line":11,"column":6},"end":{"line":20,"column":7}},{"start":{"line":11,"column":6},"end":{"line":20,"column":7}}],"line":11}},"s":{"0":7,"1":7,"2":40,"3":40,"4":40,"5":40,"6":33,"7":33,"8":33,"9":33,"10":33,"11":0,"12":7,"13":7,"14":7},"f":{"0":40},"b":{"0":[33,7],"1":[33,0]},"_coverageSchema":"1a1c01bbd47fc00a2c39e90264f33305004495a9","hash":"315b2814cfc971732ff9d054780141d58dec4742"}
,"/home/dita/h8/eco-mmerce-project/server/middlewares/authorization.js": {"path":"/home/dita/h8/eco-mmerce-project/server/middlewares/authorization.js","statementMap":{"0":{"start":{"line":1,"column":17},"end":{"line":1,"column":37}},"1":{"start":{"line":4,"column":2},"end":{"line":18,"column":3}},"2":{"start":{"line":5,"column":19},"end":{"line":5,"column":27}},"3":{"start":{"line":6,"column":23},"end":{"line":6,"column":56}},"4":{"start":{"line":8,"column":4},"end":{"line":15,"column":5}},"5":{"start":{"line":9,"column":6},"end":{"line":9,"column":13}},"6":{"start":{"line":11,"column":6},"end":{"line":14,"column":8}},"7":{"start":{"line":17,"column":4},"end":{"line":17,"column":14}},"8":{"start":{"line":22,"column":2},"end":{"line":35,"column":3}},"9":{"start":{"line":23,"column":19},"end":{"line":23,"column":27}},"10":{"start":{"line":24,"column":23},"end":{"line":24,"column":56}},"11":{"start":{"line":25,"column":4},"end":{"line":32,"column":5}},"12":{"start":{"line":26,"column":6},"end":{"line":26,"column":13}},"13":{"start":{"line":28,"column":6},"end":{"line":31,"column":8}},"14":{"start":{"line":34,"column":4},"end":{"line":34,"column":14}},"15":{"start":{"line":38,"column":0},"end":{"line":38,"column":55}}},"fnMap":{"0":{"name":"authorization","decl":{"start":{"line":3,"column":15},"end":{"line":3,"column":28}},"loc":{"start":{"line":3,"column":45},"end":{"line":19,"column":1}},"line":3},"1":{"name":"authorizationBuyer","decl":{"start":{"line":21,"column":15},"end":{"line":21,"column":33}},"loc":{"start":{"line":21,"column":50},"end":{"line":36,"column":1}},"line":21}},"branchMap":{"0":{"loc":{"start":{"line":8,"column":4},"end":{"line":15,"column":5}},"type":"if","locations":[{"start":{"line":8,"column":4},"end":{"line":15,"column":5}},{"start":{"line":8,"column":4},"end":{"line":15,"column":5}}],"line":8},"1":{"loc":{"start":{"line":25,"column":4},"end":{"line":32,"column":5}},"type":"if","locations":[{"start":{"line":25,"column":4},"end":{"line":32,"column":5}},{"start":{"line":25,"column":4},"end":{"line":32,"column":5}}],"line":25}},"s":{"0":7,"1":24,"2":24,"3":24,"4":24,"5":24,"6":0,"7":0,"8":8,"9":8,"10":8,"11":8,"12":8,"13":0,"14":0,"15":7},"f":{"0":24,"1":8},"b":{"0":[24,0],"1":[8,0]},"_coverageSchema":"1a1c01bbd47fc00a2c39e90264f33305004495a9","hash":"a0b955b59ee568bbaf0547c6df942e702c2635a2"}
,"/home/dita/h8/eco-mmerce-project/server/middlewares/checkIngredients.js": {"path":"/home/dita/h8/eco-mmerce-project/server/middlewares/checkIngredients.js","statementMap":{"0":{"start":{"line":1,"column":30},"end":{"line":1,"column":50}},"1":{"start":{"line":4,"column":23},"end":{"line":4,"column":31}},"2":{"start":{"line":5,"column":2},"end":{"line":35,"column":3}},"3":{"start":{"line":6,"column":4},"end":{"line":34,"column":5}},"4":{"start":{"line":7,"column":18},"end":{"line":7,"column":19}},"5":{"start":{"line":8,"column":34},"end":{"line":8,"column":36}},"6":{"start":{"line":9,"column":31},"end":{"line":9,"column":64}},"7":{"start":{"line":10,"column":6},"end":{"line":19,"column":9}},"8":{"start":{"line":11,"column":8},"end":{"line":18,"column":9}},"9":{"start":{"line":12,"column":10},"end":{"line":17,"column":13}},"10":{"start":{"line":13,"column":12},"end":{"line":16,"column":13}},"11":{"start":{"line":14,"column":14},"end":{"line":14,"column":22}},"12":{"start":{"line":15,"column":14},"end":{"line":15,"column":65}},"13":{"start":{"line":21,"column":6},"end":{"line":25,"column":10}},"14":{"start":{"line":22,"column":8},"end":{"line":25,"column":10}},"15":{"start":{"line":27,"column":6},"end":{"line":27,"column":30}},"16":{"start":{"line":28,"column":6},"end":{"line":28,"column":57}},"17":{"start":{"line":30,"column":6},"end":{"line":30,"column":13}},"18":{"start":{"line":33,"column":6},"end":{"line":33,"column":18}},"19":{"start":{"line":37,"column":0},"end":{"line":37,"column":34}}},"fnMap":{"0":{"name":"checkIngredients","decl":{"start":{"line":3,"column":15},"end":{"line":3,"column":31}},"loc":{"start":{"line":3,"column":48},"end":{"line":36,"column":1}},"line":3},"1":{"name":"(anonymous_1)","decl":{"start":{"line":10,"column":25},"end":{"line":10,"column":26}},"loc":{"start":{"line":10,"column":41},"end":{"line":19,"column":7}},"line":10},"2":{"name":"(anonymous_2)","decl":{"start":{"line":12,"column":37},"end":{"line":12,"column":38}},"loc":{"start":{"line":12,"column":60},"end":{"line":17,"column":11}},"line":12}},"branchMap":{"0":{"loc":{"start":{"line":5,"column":2},"end":{"line":35,"column":3}},"type":"if","locations":[{"start":{"line":5,"column":2},"end":{"line":35,"column":3}},{"start":{"line":5,"column":2},"end":{"line":35,"column":3}}],"line":5},"1":{"loc":{"start":{"line":11,"column":8},"end":{"line":18,"column":9}},"type":"if","locations":[{"start":{"line":11,"column":8},"end":{"line":18,"column":9}},{"start":{"line":11,"column":8},"end":{"line":18,"column":9}}],"line":11},"2":{"loc":{"start":{"line":13,"column":12},"end":{"line":16,"column":13}},"type":"if","locations":[{"start":{"line":13,"column":12},"end":{"line":16,"column":13}},{"start":{"line":13,"column":12},"end":{"line":16,"column":13}}],"line":13},"3":{"loc":{"start":{"line":21,"column":6},"end":{"line":25,"column":10}},"type":"if","locations":[{"start":{"line":21,"column":6},"end":{"line":25,"column":10}},{"start":{"line":21,"column":6},"end":{"line":25,"column":10}}],"line":21}},"s":{"0":7,"1":9,"2":9,"3":9,"4":9,"5":9,"6":9,"7":9,"8":198,"9":198,"10":0,"11":0,"12":0,"13":9,"14":0,"15":9,"16":9,"17":9,"18":0,"19":7},"f":{"0":9,"1":198,"2":0},"b":{"0":[9,0],"1":[198,0],"2":[0,0],"3":[0,9]},"_coverageSchema":"1a1c01bbd47fc00a2c39e90264f33305004495a9","hash":"17ed9a4952700c1f3ab576fe8ac418308475480b"}
,"/home/dita/h8/eco-mmerce-project/server/middlewares/cloudVision.js": {"path":"/home/dita/h8/eco-mmerce-project/server/middlewares/cloudVision.js","statementMap":{"0":{"start":{"line":3,"column":17},"end":{"line":3,"column":48}},"1":{"start":{"line":5,"column":2},"end":{"line":5,"column":47}},"2":{"start":{"line":6,"column":18},"end":{"line":6,"column":51}},"3":{"start":{"line":8,"column":2},"end":{"line":55,"column":3}},"4":{"start":{"line":11,"column":4},"end":{"line":51,"column":5}},"5":{"start":{"line":12,"column":23},"end":{"line":14,"column":7}},"6":{"start":{"line":15,"column":20},"end":{"line":15,"column":42}},"7":{"start":{"line":16,"column":20},"end":{"line":16,"column":25}},"8":{"start":{"line":17,"column":19},"end":{"line":17,"column":21}},"9":{"start":{"line":19,"column":6},"end":{"line":38,"column":9}},"10":{"start":{"line":20,"column":8},"end":{"line":37,"column":9}},"11":{"start":{"line":21,"column":10},"end":{"line":29,"column":11}},"12":{"start":{"line":28,"column":12},"end":{"line":28,"column":27}},"13":{"start":{"line":31,"column":10},"end":{"line":36,"column":11}},"14":{"start":{"line":32,"column":12},"end":{"line":32,"column":45}},"15":{"start":{"line":33,"column":12},"end":{"line":35,"column":13}},"16":{"start":{"line":34,"column":14},"end":{"line":34,"column":30}},"17":{"start":{"line":40,"column":6},"end":{"line":50,"column":7}},"18":{"start":{"line":41,"column":18},"end":{"line":41,"column":29}},"19":{"start":{"line":42,"column":8},"end":{"line":42,"column":33}},"20":{"start":{"line":43,"column":8},"end":{"line":43,"column":68}},"21":{"start":{"line":44,"column":8},"end":{"line":44,"column":18}},"22":{"start":{"line":46,"column":8},"end":{"line":46,"column":50}},"23":{"start":{"line":47,"column":8},"end":{"line":47,"column":60}},"24":{"start":{"line":48,"column":8},"end":{"line":48,"column":37}},"25":{"start":{"line":49,"column":8},"end":{"line":49,"column":15}},"26":{"start":{"line":54,"column":4},"end":{"line":54,"column":16}},"27":{"start":{"line":58,"column":0},"end":{"line":58,"column":35}}},"fnMap":{"0":{"name":"detectIngredients","decl":{"start":{"line":1,"column":15},"end":{"line":1,"column":32}},"loc":{"start":{"line":1,"column":49},"end":{"line":56,"column":1}},"line":1},"1":{"name":"(anonymous_1)","decl":{"start":{"line":19,"column":20},"end":{"line":19,"column":21}},"loc":{"start":{"line":19,"column":33},"end":{"line":38,"column":7}},"line":19}},"branchMap":{"0":{"loc":{"start":{"line":11,"column":4},"end":{"line":51,"column":5}},"type":"if","locations":[{"start":{"line":11,"column":4},"end":{"line":51,"column":5}},{"start":{"line":11,"column":4},"end":{"line":51,"column":5}}],"line":11},"1":{"loc":{"start":{"line":20,"column":8},"end":{"line":37,"column":9}},"type":"if","locations":[{"start":{"line":20,"column":8},"end":{"line":37,"column":9}},{"start":{"line":20,"column":8},"end":{"line":37,"column":9}}],"line":20},"2":{"loc":{"start":{"line":21,"column":10},"end":{"line":29,"column":11}},"type":"if","locations":[{"start":{"line":21,"column":10},"end":{"line":29,"column":11}},{"start":{"line":21,"column":10},"end":{"line":29,"column":11}}],"line":21},"3":{"loc":{"start":{"line":22,"column":12},"end":{"line":26,"column":64}},"type":"binary-expr","locations":[{"start":{"line":22,"column":12},"end":{"line":22,"column":65}},{"start":{"line":23,"column":12},"end":{"line":23,"column":66}},{"start":{"line":24,"column":12},"end":{"line":24,"column":66}},{"start":{"line":25,"column":12},"end":{"line":25,"column":67}},{"start":{"line":26,"column":12},"end":{"line":26,"column":64}}],"line":22},"4":{"loc":{"start":{"line":31,"column":10},"end":{"line":36,"column":11}},"type":"if","locations":[{"start":{"line":31,"column":10},"end":{"line":36,"column":11}},{"start":{"line":31,"column":10},"end":{"line":36,"column":11}}],"line":31},"5":{"loc":{"start":{"line":33,"column":12},"end":{"line":35,"column":13}},"type":"if","locations":[{"start":{"line":33,"column":12},"end":{"line":35,"column":13}},{"start":{"line":33,"column":12},"end":{"line":35,"column":13}}],"line":33},"6":{"loc":{"start":{"line":40,"column":6},"end":{"line":50,"column":7}},"type":"if","locations":[{"start":{"line":40,"column":6},"end":{"line":50,"column":7}},{"start":{"line":40,"column":6},"end":{"line":50,"column":7}}],"line":40}},"s":{"0":10,"1":10,"2":10,"3":10,"4":10,"5":10,"6":9,"7":9,"8":9,"9":9,"10":1080,"11":1071,"12":9,"13":1071,"14":486,"15":486,"16":9,"17":9,"18":0,"19":0,"20":0,"21":0,"22":9,"23":9,"24":9,"25":9,"26":1,"27":7},"f":{"0":10,"1":1080},"b":{"0":[10,0],"1":[1071,9],"2":[9,1062],"3":[1071,1062,1062,1062,1062],"4":[486,585],"5":[9,477],"6":[0,9]},"_coverageSchema":"1a1c01bbd47fc00a2c39e90264f33305004495a9","hash":"983335e9e6d7b01eeb362ac522322e0fc4ae328e"}
,"/home/dita/h8/eco-mmerce-project/server/middlewares/errorHandler.js": {"path":"/home/dita/h8/eco-mmerce-project/server/middlewares/errorHandler.js","statementMap":{"0":{"start":{"line":1,"column":18},"end":{"line":3,"column":1}},"1":{"start":{"line":7,"column":2},"end":{"line":9,"column":3}},"2":{"start":{"line":8,"column":4},"end":{"line":8,"column":21}},"3":{"start":{"line":11,"column":2},"end":{"line":40,"column":3}},"4":{"start":{"line":13,"column":6},"end":{"line":13,"column":53}},"5":{"start":{"line":14,"column":6},"end":{"line":14,"column":12}},"6":{"start":{"line":16,"column":6},"end":{"line":16,"column":53}},"7":{"start":{"line":17,"column":6},"end":{"line":17,"column":12}},"8":{"start":{"line":19,"column":6},"end":{"line":19,"column":53}},"9":{"start":{"line":20,"column":6},"end":{"line":20,"column":12}},"10":{"start":{"line":22,"column":6},"end":{"line":22,"column":53}},"11":{"start":{"line":23,"column":6},"end":{"line":23,"column":12}},"12":{"start":{"line":25,"column":6},"end":{"line":25,"column":64}},"13":{"start":{"line":26,"column":6},"end":{"line":26,"column":12}},"14":{"start":{"line":28,"column":26},"end":{"line":30,"column":8}},"15":{"start":{"line":29,"column":8},"end":{"line":29,"column":29}},"16":{"start":{"line":32,"column":26},"end":{"line":32,"column":48}},"17":{"start":{"line":34,"column":6},"end":{"line":34,"column":53}},"18":{"start":{"line":35,"column":6},"end":{"line":35,"column":12}},"19":{"start":{"line":38,"column":6},"end":{"line":38,"column":53}},"20":{"start":{"line":39,"column":6},"end":{"line":39,"column":12}},"21":{"start":{"line":43,"column":0},"end":{"line":43,"column":30}}},"fnMap":{"0":{"name":"errorHandler","decl":{"start":{"line":5,"column":9},"end":{"line":5,"column":21}},"loc":{"start":{"line":5,"column":43},"end":{"line":41,"column":1}},"line":5},"1":{"name":"(anonymous_1)","decl":{"start":{"line":28,"column":41},"end":{"line":28,"column":42}},"loc":{"start":{"line":28,"column":52},"end":{"line":30,"column":7}},"line":28}},"branchMap":{"0":{"loc":{"start":{"line":7,"column":2},"end":{"line":9,"column":3}},"type":"if","locations":[{"start":{"line":7,"column":2},"end":{"line":9,"column":3}},{"start":{"line":7,"column":2},"end":{"line":9,"column":3}}],"line":7},"1":{"loc":{"start":{"line":11,"column":2},"end":{"line":40,"column":3}},"type":"switch","locations":[{"start":{"line":12,"column":4},"end":{"line":14,"column":12}},{"start":{"line":15,"column":4},"end":{"line":17,"column":12}},{"start":{"line":18,"column":4},"end":{"line":20,"column":12}},{"start":{"line":21,"column":4},"end":{"line":23,"column":12}},{"start":{"line":24,"column":4},"end":{"line":26,"column":12}},{"start":{"line":27,"column":4},"end":{"line":35,"column":12}},{"start":{"line":36,"column":4},"end":{"line":39,"column":12}}],"line":11}},"s":{"0":7,"1":44,"2":0,"3":44,"4":6,"5":6,"6":0,"7":0,"8":11,"9":11,"10":0,"11":0,"12":2,"13":2,"14":24,"15":26,"16":24,"17":24,"18":24,"19":1,"20":1,"21":7},"f":{"0":44,"1":26},"b":{"0":[0,44],"1":[6,0,11,0,2,24,1]},"_coverageSchema":"1a1c01bbd47fc00a2c39e90264f33305004495a9","hash":"4f9802d5a6347a28b7d4419ee1dca0e202d8edbd"}
,"/home/dita/h8/eco-mmerce-project/server/middlewares/imagekit.js": {"path":"/home/dita/h8/eco-mmerce-project/server/middlewares/imagekit.js","statementMap":{"0":{"start":{"line":1,"column":17},"end":{"line":1,"column":37}},"1":{"start":{"line":2,"column":20},"end":{"line":2,"column":47}},"2":{"start":{"line":3,"column":16},"end":{"line":3,"column":45}},"3":{"start":{"line":6,"column":2},"end":{"line":45,"column":3}},"4":{"start":{"line":10,"column":4},"end":{"line":42,"column":5}},"5":{"start":{"line":11,"column":23},"end":{"line":11,"column":43}},"6":{"start":{"line":12,"column":19},"end":{"line":12,"column":33}},"7":{"start":{"line":13,"column":6},"end":{"line":13,"column":62}},"8":{"start":{"line":14,"column":6},"end":{"line":14,"column":40}},"9":{"start":{"line":16,"column":23},"end":{"line":20,"column":8}},"10":{"start":{"line":22,"column":6},"end":{"line":22,"column":37}},"11":{"start":{"line":23,"column":6},"end":{"line":23,"column":13}},"12":{"start":{"line":24,"column":11},"end":{"line":42,"column":5}},"13":{"start":{"line":25,"column":6},"end":{"line":25,"column":35}},"14":{"start":{"line":26,"column":23},"end":{"line":26,"column":43}},"15":{"start":{"line":27,"column":19},"end":{"line":27,"column":33}},"16":{"start":{"line":28,"column":6},"end":{"line":28,"column":72}},"17":{"start":{"line":29,"column":6},"end":{"line":29,"column":40}},"18":{"start":{"line":31,"column":23},"end":{"line":35,"column":8}},"19":{"start":{"line":37,"column":6},"end":{"line":37,"column":43}},"20":{"start":{"line":38,"column":6},"end":{"line":38,"column":13}},"21":{"start":{"line":41,"column":6},"end":{"line":41,"column":13}},"22":{"start":{"line":44,"column":4},"end":{"line":44,"column":14}},"23":{"start":{"line":48,"column":0},"end":{"line":48,"column":29}}},"fnMap":{"0":{"name":"uploadImage","decl":{"start":{"line":5,"column":15},"end":{"line":5,"column":26}},"loc":{"start":{"line":5,"column":43},"end":{"line":46,"column":1}},"line":5}},"branchMap":{"0":{"loc":{"start":{"line":10,"column":4},"end":{"line":42,"column":5}},"type":"if","locations":[{"start":{"line":10,"column":4},"end":{"line":42,"column":5}},{"start":{"line":10,"column":4},"end":{"line":42,"column":5}}],"line":10},"1":{"loc":{"start":{"line":24,"column":11},"end":{"line":42,"column":5}},"type":"if","locations":[{"start":{"line":24,"column":11},"end":{"line":42,"column":5}},{"start":{"line":24,"column":11},"end":{"line":42,"column":5}}],"line":24},"2":{"loc":{"start":{"line":24,"column":15},"end":{"line":24,"column":57}},"type":"binary-expr","locations":[{"start":{"line":24,"column":15},"end":{"line":24,"column":38}},{"start":{"line":24,"column":42},"end":{"line":24,"column":57}}],"line":24}},"s":{"0":7,"1":7,"2":7,"3":23,"4":23,"5":0,"6":0,"7":0,"8":0,"9":0,"10":0,"11":0,"12":23,"13":8,"14":8,"15":8,"16":8,"17":8,"18":8,"19":8,"20":8,"21":15,"22":0,"23":7},"f":{"0":23},"b":{"0":[0,23],"1":[8,15],"2":[23,9]},"_coverageSchema":"1a1c01bbd47fc00a2c39e90264f33305004495a9","hash":"6763796e726dc8b998b11490dbc853d2f73caebc"}
,"/home/dita/h8/eco-mmerce-project/server/middlewares/multer.js": {"path":"/home/dita/h8/eco-mmerce-project/server/middlewares/multer.js","statementMap":{"0":{"start":{"line":1,"column":15},"end":{"line":1,"column":32}},"1":{"start":{"line":2,"column":15},"end":{"line":13,"column":2}},"2":{"start":{"line":4,"column":4},"end":{"line":11,"column":5}},"3":{"start":{"line":5,"column":6},"end":{"line":5,"column":21}},"4":{"start":{"line":7,"column":20},"end":{"line":7,"column":31}},"5":{"start":{"line":8,"column":6},"end":{"line":8,"column":33}},"6":{"start":{"line":9,"column":6},"end":{"line":9,"column":45}},"7":{"start":{"line":10,"column":6},"end":{"line":10,"column":23}},"8":{"start":{"line":15,"column":0},"end":{"line":15,"column":24}}},"fnMap":{"0":{"name":"(anonymous_0)","decl":{"start":{"line":3,"column":2},"end":{"line":3,"column":3}},"loc":{"start":{"line":3,"column":28},"end":{"line":12,"column":3}},"line":3}},"branchMap":{"0":{"loc":{"start":{"line":4,"column":4},"end":{"line":11,"column":5}},"type":"if","locations":[{"start":{"line":4,"column":4},"end":{"line":11,"column":5}},{"start":{"line":4,"column":4},"end":{"line":11,"column":5}}],"line":4}},"s":{"0":7,"1":7,"2":18,"3":18,"4":0,"5":0,"6":0,"7":0,"8":7},"f":{"0":18},"b":{"0":[18,0]},"_coverageSchema":"1a1c01bbd47fc00a2c39e90264f33305004495a9","hash":"864e6721f807b1f6b7bb8d0775236b13a4555c9c"}
,"/home/dita/h8/eco-mmerce-project/server/models/brand.js": {"path":"/home/dita/h8/eco-mmerce-project/server/models/brand.js","statementMap":{"0":{"start":{"line":2,"column":18},"end":{"line":2,"column":38}},"1":{"start":{"line":3,"column":10},"end":{"line":3,"column":27}},"2":{"start":{"line":4,"column":0},"end":{"line":39,"column":2}},"3":{"start":{"line":7,"column":6},"end":{"line":10,"column":9}},"4":{"start":{"line":13,"column":2},"end":{"line":37,"column":4}},"5":{"start":{"line":30,"column":10},"end":{"line":33,"column":23}},"6":{"start":{"line":32,"column":25},"end":{"line":32,"column":41}},"7":{"start":{"line":38,"column":2},"end":{"line":38,"column":15}}},"fnMap":{"0":{"name":"(anonymous_0)","decl":{"start":{"line":4,"column":17},"end":{"line":4,"column":18}},"loc":{"start":{"line":4,"column":43},"end":{"line":39,"column":1}},"line":4},"1":{"name":"(anonymous_1)","decl":{"start":{"line":6,"column":4},"end":{"line":6,"column":5}},"loc":{"start":{"line":6,"column":29},"end":{"line":11,"column":5}},"line":6},"2":{"name":"(anonymous_2)","decl":{"start":{"line":29,"column":22},"end":{"line":29,"column":23}},"loc":{"start":{"line":29,"column":33},"end":{"line":34,"column":9}},"line":29},"3":{"name":"(anonymous_3)","decl":{"start":{"line":32,"column":17},"end":{"line":32,"column":18}},"loc":{"start":{"line":32,"column":25},"end":{"line":32,"column":41}},"line":32}},"branchMap":{},"s":{"0":8,"1":8,"2":8,"3":8,"4":8,"5":3,"6":3,"7":8},"f":{"0":8,"1":8,"2":3,"3":3},"b":{},"_coverageSchema":"1a1c01bbd47fc00a2c39e90264f33305004495a9","hash":"2d183c5fe1f183bc963275e18160f5aa172d4e89"}
,"/home/dita/h8/eco-mmerce-project/server/models/cart.js": {"path":"/home/dita/h8/eco-mmerce-project/server/models/cart.js","statementMap":{"0":{"start":{"line":2,"column":18},"end":{"line":2,"column":38}},"1":{"start":{"line":3,"column":0},"end":{"line":27,"column":2}},"2":{"start":{"line":6,"column":6},"end":{"line":6,"column":41}},"3":{"start":{"line":7,"column":6},"end":{"line":7,"column":44}},"4":{"start":{"line":10,"column":2},"end":{"line":25,"column":4}},"5":{"start":{"line":26,"column":2},"end":{"line":26,"column":14}}},"fnMap":{"0":{"name":"(anonymous_0)","decl":{"start":{"line":3,"column":17},"end":{"line":3,"column":18}},"loc":{"start":{"line":3,"column":43},"end":{"line":27,"column":1}},"line":3},"1":{"name":"(anonymous_1)","decl":{"start":{"line":5,"column":4},"end":{"line":5,"column":5}},"loc":{"start":{"line":5,"column":29},"end":{"line":8,"column":5}},"line":5}},"branchMap":{},"s":{"0":8,"1":8,"2":8,"3":8,"4":8,"5":8},"f":{"0":8,"1":8},"b":{},"_coverageSchema":"1a1c01bbd47fc00a2c39e90264f33305004495a9","hash":"220aafe5da60f5b40c31b97f76d8a695ab2276b6"}
,"/home/dita/h8/eco-mmerce-project/server/models/category.js": {"path":"/home/dita/h8/eco-mmerce-project/server/models/category.js","statementMap":{"0":{"start":{"line":2,"column":18},"end":{"line":2,"column":38}},"1":{"start":{"line":3,"column":0},"end":{"line":27,"column":2}},"2":{"start":{"line":6,"column":6},"end":{"line":6,"column":68}},"3":{"start":{"line":9,"column":2},"end":{"line":25,"column":4}},"4":{"start":{"line":26,"column":2},"end":{"line":26,"column":18}}},"fnMap":{"0":{"name":"(anonymous_0)","decl":{"start":{"line":3,"column":17},"end":{"line":3,"column":18}},"loc":{"start":{"line":3,"column":43},"end":{"line":27,"column":1}},"line":3},"1":{"name":"(anonymous_1)","decl":{"start":{"line":5,"column":4},"end":{"line":5,"column":5}},"loc":{"start":{"line":5,"column":29},"end":{"line":7,"column":5}},"line":5}},"branchMap":{},"s":{"0":8,"1":8,"2":8,"3":8,"4":8},"f":{"0":8,"1":8},"b":{},"_coverageSchema":"1a1c01bbd47fc00a2c39e90264f33305004495a9","hash":"45de5854dce56104b53523316f52b9fcc0802189"}
,"/home/dita/h8/eco-mmerce-project/server/models/chat.js": {"path":"/home/dita/h8/eco-mmerce-project/server/models/chat.js","statementMap":{"0":{"start":{"line":2,"column":18},"end":{"line":2,"column":38}},"1":{"start":{"line":3,"column":0},"end":{"line":34,"column":2}},"2":{"start":{"line":6,"column":6},"end":{"line":6,"column":68}},"3":{"start":{"line":9,"column":2},"end":{"line":32,"column":4}},"4":{"start":{"line":33,"column":2},"end":{"line":33,"column":14}}},"fnMap":{"0":{"name":"(anonymous_0)","decl":{"start":{"line":3,"column":17},"end":{"line":3,"column":18}},"loc":{"start":{"line":3,"column":43},"end":{"line":34,"column":1}},"line":3},"1":{"name":"(anonymous_1)","decl":{"start":{"line":5,"column":4},"end":{"line":5,"column":5}},"loc":{"start":{"line":5,"column":29},"end":{"line":7,"column":5}},"line":5}},"branchMap":{},"s":{"0":8,"1":8,"2":8,"3":8,"4":8},"f":{"0":8,"1":8},"b":{},"_coverageSchema":"1a1c01bbd47fc00a2c39e90264f33305004495a9","hash":"4eab80362bfcc41f8ab46c825d8c08fc3ff4e253"}
,"/home/dita/h8/eco-mmerce-project/server/models/harmfulingridient.js": {"path":"/home/dita/h8/eco-mmerce-project/server/models/harmfulingridient.js","statementMap":{"0":{"start":{"line":2,"column":18},"end":{"line":2,"column":38}},"1":{"start":{"line":3,"column":0},"end":{"line":25,"column":2}},"2":{"start":{"line":7,"column":2},"end":{"line":23,"column":4}},"3":{"start":{"line":17,"column":10},"end":{"line":17,"column":58}},"4":{"start":{"line":24,"column":2},"end":{"line":24,"column":27}}},"fnMap":{"0":{"name":"(anonymous_0)","decl":{"start":{"line":3,"column":17},"end":{"line":3,"column":18}},"loc":{"start":{"line":3,"column":43},"end":{"line":25,"column":1}},"line":3},"1":{"name":"(anonymous_1)","decl":{"start":{"line":5,"column":4},"end":{"line":5,"column":5}},"loc":{"start":{"line":5,"column":29},"end":{"line":5,"column":31}},"line":5},"2":{"name":"(anonymous_2)","decl":{"start":{"line":16,"column":22},"end":{"line":16,"column":23}},"loc":{"start":{"line":16,"column":41},"end":{"line":18,"column":9}},"line":16}},"branchMap":{},"s":{"0":8,"1":8,"2":8,"3":0,"4":8},"f":{"0":8,"1":8,"2":0},"b":{},"_coverageSchema":"1a1c01bbd47fc00a2c39e90264f33305004495a9","hash":"bf291fa8b696ab4e49dc63d90d9d57b429d10550"}
,"/home/dita/h8/eco-mmerce-project/server/models/history.js": {"path":"/home/dita/h8/eco-mmerce-project/server/models/history.js","statementMap":{"0":{"start":{"line":2,"column":18},"end":{"line":2,"column":38}},"1":{"start":{"line":3,"column":0},"end":{"line":21,"column":2}},"2":{"start":{"line":6,"column":6},"end":{"line":6,"column":44}},"3":{"start":{"line":7,"column":6},"end":{"line":7,"column":47}},"4":{"start":{"line":10,"column":2},"end":{"line":19,"column":4}},"5":{"start":{"line":20,"column":2},"end":{"line":20,"column":17}}},"fnMap":{"0":{"name":"(anonymous_0)","decl":{"start":{"line":3,"column":17},"end":{"line":3,"column":18}},"loc":{"start":{"line":3,"column":43},"end":{"line":21,"column":1}},"line":3},"1":{"name":"(anonymous_1)","decl":{"start":{"line":5,"column":4},"end":{"line":5,"column":5}},"loc":{"start":{"line":5,"column":29},"end":{"line":8,"column":5}},"line":5}},"branchMap":{},"s":{"0":8,"1":8,"2":8,"3":8,"4":8,"5":8},"f":{"0":8,"1":8},"b":{},"_coverageSchema":"1a1c01bbd47fc00a2c39e90264f33305004495a9","hash":"b58f062986e63c0bc4e5318862781ae613e115ad"}
,"/home/dita/h8/eco-mmerce-project/server/models/index.js": {"path":"/home/dita/h8/eco-mmerce-project/server/models/index.js","statementMap":{"0":{"start":{"line":3,"column":11},"end":{"line":3,"column":24}},"1":{"start":{"line":4,"column":13},"end":{"line":4,"column":28}},"2":{"start":{"line":5,"column":18},"end":{"line":5,"column":38}},"3":{"start":{"line":6,"column":17},"end":{"line":6,"column":42}},"4":{"start":{"line":7,"column":12},"end":{"line":7,"column":49}},"5":{"start":{"line":8,"column":15},"end":{"line":8,"column":65}},"6":{"start":{"line":9,"column":11},"end":{"line":9,"column":13}},"7":{"start":{"line":12,"column":0},"end":{"line":16,"column":1}},"8":{"start":{"line":13,"column":2},"end":{"line":13,"column":74}},"9":{"start":{"line":15,"column":2},"end":{"line":15,"column":87}},"10":{"start":{"line":18,"column":0},"end":{"line":26,"column":5}},"11":{"start":{"line":21,"column":4},"end":{"line":21,"column":90}},"12":{"start":{"line":24,"column":18},"end":{"line":24,"column":85}},"13":{"start":{"line":25,"column":4},"end":{"line":25,"column":27}},"14":{"start":{"line":28,"column":0},"end":{"line":32,"column":3}},"15":{"start":{"line":29,"column":2},"end":{"line":31,"column":3}},"16":{"start":{"line":30,"column":4},"end":{"line":30,"column":32}},"17":{"start":{"line":34,"column":0},"end":{"line":34,"column":25}},"18":{"start":{"line":35,"column":0},"end":{"line":35,"column":25}},"19":{"start":{"line":37,"column":0},"end":{"line":37,"column":20}}},"fnMap":{"0":{"name":"(anonymous_0)","decl":{"start":{"line":20,"column":10},"end":{"line":20,"column":11}},"loc":{"start":{"line":20,"column":18},"end":{"line":22,"column":3}},"line":20},"1":{"name":"(anonymous_1)","decl":{"start":{"line":23,"column":11},"end":{"line":23,"column":12}},"loc":{"start":{"line":23,"column":19},"end":{"line":26,"column":3}},"line":23},"2":{"name":"(anonymous_2)","decl":{"start":{"line":28,"column":24},"end":{"line":28,"column":25}},"loc":{"start":{"line":28,"column":37},"end":{"line":32,"column":1}},"line":28}},"branchMap":{"0":{"loc":{"start":{"line":7,"column":12},"end":{"line":7,"column":49}},"type":"binary-expr","locations":[{"start":{"line":7,"column":12},"end":{"line":7,"column":32}},{"start":{"line":7,"column":36},"end":{"line":7,"column":49}}],"line":7},"1":{"loc":{"start":{"line":12,"column":0},"end":{"line":16,"column":1}},"type":"if","locations":[{"start":{"line":12,"column":0},"end":{"line":16,"column":1}},{"start":{"line":12,"column":0},"end":{"line":16,"column":1}}],"line":12},"2":{"loc":{"start":{"line":21,"column":11},"end":{"line":21,"column":89}},"type":"binary-expr","locations":[{"start":{"line":21,"column":12},"end":{"line":21,"column":35}},{"start":{"line":21,"column":41},"end":{"line":21,"column":58}},{"start":{"line":21,"column":64},"end":{"line":21,"column":88}}],"line":21},"3":{"loc":{"start":{"line":29,"column":2},"end":{"line":31,"column":3}},"type":"if","locations":[{"start":{"line":29,"column":2},"end":{"line":31,"column":3}},{"start":{"line":29,"column":2},"end":{"line":31,"column":3}}],"line":29}},"s":{"0":8,"1":8,"2":8,"3":8,"4":8,"5":8,"6":8,"7":8,"8":0,"9":8,"10":8,"11":88,"12":80,"13":80,"14":8,"15":80,"16":80,"17":8,"18":8,"19":8},"f":{"0":88,"1":80,"2":80},"b":{"0":[8,0],"1":[0,8],"2":[88,88,80],"3":[80,0]},"_coverageSchema":"1a1c01bbd47fc00a2c39e90264f33305004495a9","hash":"d5e99a7bcbc232c2fdf68abca393364f5b6a4601"}
,"/home/dita/h8/eco-mmerce-project/server/models/product.js": {"path":"/home/dita/h8/eco-mmerce-project/server/models/product.js","statementMap":{"0":{"start":{"line":2,"column":18},"end":{"line":2,"column":38}},"1":{"start":{"line":3,"column":0},"end":{"line":131,"column":2}},"2":{"start":{"line":6,"column":6},"end":{"line":8,"column":9}},"3":{"start":{"line":10,"column":6},"end":{"line":12,"column":9}},"4":{"start":{"line":14,"column":6},"end":{"line":16,"column":9}},"5":{"start":{"line":17,"column":6},"end":{"line":17,"column":50}},"6":{"start":{"line":19,"column":6},"end":{"line":21,"column":9}},"7":{"start":{"line":23,"column":6},"end":{"line":23,"column":42}},"8":{"start":{"line":25,"column":6},"end":{"line":25,"column":45}},"9":{"start":{"line":28,"column":2},"end":{"line":129,"column":4}},"10":{"start":{"line":130,"column":2},"end":{"line":130,"column":17}}},"fnMap":{"0":{"name":"(anonymous_0)","decl":{"start":{"line":3,"column":17},"end":{"line":3,"column":18}},"loc":{"start":{"line":3,"column":43},"end":{"line":131,"column":1}},"line":3},"1":{"name":"(anonymous_1)","decl":{"start":{"line":5,"column":4},"end":{"line":5,"column":5}},"loc":{"start":{"line":5,"column":29},"end":{"line":26,"column":5}},"line":5}},"branchMap":{},"s":{"0":8,"1":8,"2":8,"3":8,"4":8,"5":8,"6":8,"7":8,"8":8,"9":8,"10":8},"f":{"0":8,"1":8},"b":{},"_coverageSchema":"1a1c01bbd47fc00a2c39e90264f33305004495a9","hash":"d927bc5046be92089671736283ace9d260042779"}
,"/home/dita/h8/eco-mmerce-project/server/models/productsbrand.js": {"path":"/home/dita/h8/eco-mmerce-project/server/models/productsbrand.js","statementMap":{"0":{"start":{"line":2,"column":18},"end":{"line":2,"column":38}},"1":{"start":{"line":3,"column":0},"end":{"line":34,"column":2}},"2":{"start":{"line":7,"column":2},"end":{"line":32,"column":4}},"3":{"start":{"line":33,"column":2},"end":{"line":33,"column":23}}},"fnMap":{"0":{"name":"(anonymous_0)","decl":{"start":{"line":3,"column":17},"end":{"line":3,"column":18}},"loc":{"start":{"line":3,"column":43},"end":{"line":34,"column":1}},"line":3},"1":{"name":"(anonymous_1)","decl":{"start":{"line":5,"column":4},"end":{"line":5,"column":5}},"loc":{"start":{"line":5,"column":29},"end":{"line":5,"column":31}},"line":5}},"branchMap":{},"s":{"0":8,"1":8,"2":8,"3":8},"f":{"0":8,"1":8},"b":{},"_coverageSchema":"1a1c01bbd47fc00a2c39e90264f33305004495a9","hash":"79899759eb9e3cd8a45631b8881173a033310e3a"}
,"/home/dita/h8/eco-mmerce-project/server/models/user.js": {"path":"/home/dita/h8/eco-mmerce-project/server/models/user.js","statementMap":{"0":{"start":{"line":2,"column":18},"end":{"line":2,"column":38}},"1":{"start":{"line":3,"column":25},"end":{"line":3,"column":53}},"2":{"start":{"line":4,"column":0},"end":{"line":94,"column":2}},"3":{"start":{"line":7,"column":6},"end":{"line":9,"column":9}},"4":{"start":{"line":10,"column":6},"end":{"line":10,"column":47}},"5":{"start":{"line":12,"column":6},"end":{"line":12,"column":66}},"6":{"start":{"line":14,"column":6},"end":{"line":16,"column":9}},"7":{"start":{"line":18,"column":6},"end":{"line":18,"column":39}},"8":{"start":{"line":20,"column":6},"end":{"line":20,"column":42}},"9":{"start":{"line":23,"column":2},"end":{"line":92,"column":4}},"10":{"start":{"line":83,"column":10},"end":{"line":87,"column":11}},"11":{"start":{"line":84,"column":12},"end":{"line":84,"column":51}},"12":{"start":{"line":85,"column":17},"end":{"line":87,"column":11}},"13":{"start":{"line":86,"column":12},"end":{"line":86,"column":51}},"14":{"start":{"line":88,"column":10},"end":{"line":88,"column":62}},"15":{"start":{"line":93,"column":2},"end":{"line":93,"column":14}}},"fnMap":{"0":{"name":"(anonymous_0)","decl":{"start":{"line":4,"column":17},"end":{"line":4,"column":18}},"loc":{"start":{"line":4,"column":43},"end":{"line":94,"column":1}},"line":4},"1":{"name":"(anonymous_1)","decl":{"start":{"line":6,"column":4},"end":{"line":6,"column":5}},"loc":{"start":{"line":6,"column":29},"end":{"line":21,"column":5}},"line":6},"2":{"name":"(anonymous_2)","decl":{"start":{"line":82,"column":8},"end":{"line":82,"column":9}},"loc":{"start":{"line":82,"column":40},"end":{"line":89,"column":9}},"line":82}},"branchMap":{"0":{"loc":{"start":{"line":83,"column":10},"end":{"line":87,"column":11}},"type":"if","locations":[{"start":{"line":83,"column":10},"end":{"line":87,"column":11}},{"start":{"line":83,"column":10},"end":{"line":87,"column":11}}],"line":83},"1":{"loc":{"start":{"line":85,"column":17},"end":{"line":87,"column":11}},"type":"if","locations":[{"start":{"line":85,"column":17},"end":{"line":87,"column":11}},{"start":{"line":85,"column":17},"end":{"line":87,"column":11}}],"line":85}},"s":{"0":8,"1":8,"2":8,"3":8,"4":8,"5":8,"6":8,"7":8,"8":8,"9":8,"10":9,"11":0,"12":9,"13":0,"14":9,"15":8},"f":{"0":8,"1":8,"2":9},"b":{"0":[0,9],"1":[0,9]},"_coverageSchema":"1a1c01bbd47fc00a2c39e90264f33305004495a9","hash":"f5b13cf3dfff2f504a24e86783d72ee9bf25f65b"}
,"/home/dita/h8/eco-mmerce-project/server/models/usersproduct.js": {"path":"/home/dita/h8/eco-mmerce-project/server/models/usersproduct.js","statementMap":{"0":{"start":{"line":2,"column":18},"end":{"line":2,"column":38}},"1":{"start":{"line":3,"column":0},"end":{"line":37,"column":2}},"2":{"start":{"line":6,"column":6},"end":{"line":6,"column":49}},"3":{"start":{"line":7,"column":6},"end":{"line":7,"column":52}},"4":{"start":{"line":10,"column":2},"end":{"line":35,"column":4}},"5":{"start":{"line":36,"column":2},"end":{"line":36,"column":22}}},"fnMap":{"0":{"name":"(anonymous_0)","decl":{"start":{"line":3,"column":17},"end":{"line":3,"column":18}},"loc":{"start":{"line":3,"column":43},"end":{"line":37,"column":1}},"line":3},"1":{"name":"(anonymous_1)","decl":{"start":{"line":5,"column":4},"end":{"line":5,"column":5}},"loc":{"start":{"line":5,"column":29},"end":{"line":8,"column":5}},"line":5}},"branchMap":{},"s":{"0":8,"1":8,"2":8,"3":8,"4":8,"5":8},"f":{"0":8,"1":8},"b":{},"_coverageSchema":"1a1c01bbd47fc00a2c39e90264f33305004495a9","hash":"2b608233a15c9c73d926b8bc96c63445ab3b1c06"}
,"/home/dita/h8/eco-mmerce-project/server/routes/brandRouter.js": {"path":"/home/dita/h8/eco-mmerce-project/server/routes/brandRouter.js","statementMap":{"0":{"start":{"line":1,"column":24},"end":{"line":1,"column":65}},"1":{"start":{"line":3,"column":15},"end":{"line":3,"column":42}},"2":{"start":{"line":5,"column":0},"end":{"line":5,"column":43}},"3":{"start":{"line":7,"column":0},"end":{"line":7,"column":24}}},"fnMap":{},"branchMap":{},"s":{"0":7,"1":7,"2":7,"3":7},"f":{},"b":{},"_coverageSchema":"1a1c01bbd47fc00a2c39e90264f33305004495a9","hash":"cbf5f2cb953ed69f736664c70e6bb3888f7a3862"}
,"/home/dita/h8/eco-mmerce-project/server/routes/buyerRouter.js": {"path":"/home/dita/h8/eco-mmerce-project/server/routes/buyerRouter.js","statementMap":{"0":{"start":{"line":1,"column":15},"end":{"line":1,"column":42}},"1":{"start":{"line":3,"column":24},"end":{"line":3,"column":68}},"2":{"start":{"line":4,"column":23},"end":{"line":4,"column":66}},"3":{"start":{"line":5,"column":31},"end":{"line":5,"column":73}},"4":{"start":{"line":6,"column":20},"end":{"line":6,"column":54}},"5":{"start":{"line":7,"column":15},"end":{"line":7,"column":47}},"6":{"start":{"line":9,"column":0},"end":{"line":9,"column":50}},"7":{"start":{"line":10,"column":0},"end":{"line":10,"column":63}},"8":{"start":{"line":11,"column":0},"end":{"line":16,"column":2}},"9":{"start":{"line":18,"column":0},"end":{"line":18,"column":53}},"10":{"start":{"line":19,"column":0},"end":{"line":19,"column":56}},"11":{"start":{"line":21,"column":0},"end":{"line":21,"column":27}},"12":{"start":{"line":22,"column":0},"end":{"line":22,"column":31}},"13":{"start":{"line":24,"column":0},"end":{"line":24,"column":47}},"14":{"start":{"line":25,"column":0},"end":{"line":25,"column":50}},"15":{"start":{"line":27,"column":0},"end":{"line":27,"column":52}},"16":{"start":{"line":28,"column":0},"end":{"line":28,"column":55}},"17":{"start":{"line":30,"column":0},"end":{"line":30,"column":57}},"18":{"start":{"line":32,"column":0},"end":{"line":32,"column":51}},"19":{"start":{"line":34,"column":0},"end":{"line":34,"column":24}}},"fnMap":{},"branchMap":{},"s":{"0":7,"1":7,"2":7,"3":7,"4":7,"5":7,"6":7,"7":7,"8":7,"9":7,"10":7,"11":7,"12":7,"13":7,"14":7,"15":7,"16":7,"17":7,"18":7,"19":7},"f":{},"b":{},"_coverageSchema":"1a1c01bbd47fc00a2c39e90264f33305004495a9","hash":"66d3d136e83a58308f05f8224e2fae4ee2cff287"}
,"/home/dita/h8/eco-mmerce-project/server/routes/categoryRouter.js": {"path":"/home/dita/h8/eco-mmerce-project/server/routes/categoryRouter.js","statementMap":{"0":{"start":{"line":1,"column":27},"end":{"line":1,"column":71}},"1":{"start":{"line":3,"column":15},"end":{"line":3,"column":42}},"2":{"start":{"line":5,"column":0},"end":{"line":5,"column":50}},"3":{"start":{"line":7,"column":0},"end":{"line":7,"column":24}}},"fnMap":{},"branchMap":{},"s":{"0":7,"1":7,"2":7,"3":7},"f":{},"b":{},"_coverageSchema":"1a1c01bbd47fc00a2c39e90264f33305004495a9","hash":"cf54c69d5fa05e875e0b4f985222a605a4bed6e7"}
,"/home/dita/h8/eco-mmerce-project/server/routes/chatRouter.js": {"path":"/home/dita/h8/eco-mmerce-project/server/routes/chatRouter.js","statementMap":{"0":{"start":{"line":1,"column":15},"end":{"line":1,"column":42}},"1":{"start":{"line":3,"column":23},"end":{"line":3,"column":63}},"2":{"start":{"line":4,"column":23},"end":{"line":4,"column":63}},"3":{"start":{"line":6,"column":0},"end":{"line":6,"column":27}},"4":{"start":{"line":7,"column":0},"end":{"line":7,"column":43}},"5":{"start":{"line":9,"column":0},"end":{"line":9,"column":24}}},"fnMap":{},"branchMap":{},"s":{"0":7,"1":7,"2":7,"3":7,"4":7,"5":7},"f":{},"b":{},"_coverageSchema":"1a1c01bbd47fc00a2c39e90264f33305004495a9","hash":"5cf4509a7617347a7d60f28126d7ff11d0d8e8a3"}
,"/home/dita/h8/eco-mmerce-project/server/routes/index.js": {"path":"/home/dita/h8/eco-mmerce-project/server/routes/index.js","statementMap":{"0":{"start":{"line":1,"column":15},"end":{"line":1,"column":42}},"1":{"start":{"line":3,"column":14},"end":{"line":3,"column":37}},"2":{"start":{"line":4,"column":14},"end":{"line":4,"column":38}},"3":{"start":{"line":5,"column":15},"end":{"line":5,"column":39}},"4":{"start":{"line":6,"column":15},"end":{"line":6,"column":40}},"5":{"start":{"line":7,"column":19},"end":{"line":7,"column":46}},"6":{"start":{"line":8,"column":27},"end":{"line":8,"column":57}},"7":{"start":{"line":10,"column":0},"end":{"line":10,"column":29}},"8":{"start":{"line":11,"column":0},"end":{"line":11,"column":28}},"9":{"start":{"line":12,"column":0},"end":{"line":12,"column":30}},"10":{"start":{"line":13,"column":0},"end":{"line":13,"column":31}},"11":{"start":{"line":14,"column":0},"end":{"line":14,"column":38}},"12":{"start":{"line":15,"column":0},"end":{"line":15,"column":47}},"13":{"start":{"line":17,"column":0},"end":{"line":17,"column":24}}},"fnMap":{},"branchMap":{},"s":{"0":7,"1":7,"2":7,"3":7,"4":7,"5":7,"6":7,"7":7,"8":7,"9":7,"10":7,"11":7,"12":7,"13":7},"f":{},"b":{},"_coverageSchema":"1a1c01bbd47fc00a2c39e90264f33305004495a9","hash":"2afbe3f2c642fdfbad3b8632b2ed40bb5df74e6b"}
,"/home/dita/h8/eco-mmerce-project/server/routes/ingridientsRouter.js": {"path":"/home/dita/h8/eco-mmerce-project/server/routes/ingridientsRouter.js","statementMap":{"0":{"start":{"line":1,"column":15},"end":{"line":1,"column":42}},"1":{"start":{"line":3,"column":36},"end":{"line":3,"column":82}},"2":{"start":{"line":5,"column":0},"end":{"line":5,"column":67}},"3":{"start":{"line":7,"column":0},"end":{"line":7,"column":24}}},"fnMap":{},"branchMap":{},"s":{"0":7,"1":7,"2":7,"3":7},"f":{},"b":{},"_coverageSchema":"1a1c01bbd47fc00a2c39e90264f33305004495a9","hash":"a060d521128f63ac40f9651cb83caff8883dac78"}
,"/home/dita/h8/eco-mmerce-project/server/routes/sellerRouter.js": {"path":"/home/dita/h8/eco-mmerce-project/server/routes/sellerRouter.js","statementMap":{"0":{"start":{"line":1,"column":15},"end":{"line":1,"column":42}},"1":{"start":{"line":2,"column":15},"end":{"line":2,"column":47}},"2":{"start":{"line":3,"column":20},"end":{"line":3,"column":54}},"3":{"start":{"line":5,"column":23},"end":{"line":5,"column":63}},"4":{"start":{"line":6,"column":23},"end":{"line":6,"column":63}},"5":{"start":{"line":7,"column":25},"end":{"line":7,"column":67}},"6":{"start":{"line":9,"column":26},"end":{"line":9,"column":65}},"7":{"start":{"line":10,"column":26},"end":{"line":10,"column":63}},"8":{"start":{"line":11,"column":25},"end":{"line":11,"column":67}},"9":{"start":{"line":13,"column":0},"end":{"line":13,"column":52}},"10":{"start":{"line":14,"column":0},"end":{"line":19,"column":2}},"11":{"start":{"line":21,"column":0},"end":{"line":21,"column":27}},"12":{"start":{"line":22,"column":0},"end":{"line":22,"column":26}},"13":{"start":{"line":23,"column":0},"end":{"line":23,"column":50}},"14":{"start":{"line":24,"column":0},"end":{"line":24,"column":57}},"15":{"start":{"line":25,"column":0},"end":{"line":35,"column":2}},"16":{"start":{"line":36,"column":0},"end":{"line":36,"column":57}},"17":{"start":{"line":37,"column":0},"end":{"line":37,"column":60}},"18":{"start":{"line":38,"column":0},"end":{"line":38,"column":63}},"19":{"start":{"line":40,"column":0},"end":{"line":40,"column":24}}},"fnMap":{},"branchMap":{},"s":{"0":7,"1":7,"2":7,"3":7,"4":7,"5":7,"6":7,"7":7,"8":7,"9":7,"10":7,"11":7,"12":7,"13":7,"14":7,"15":7,"16":7,"17":7,"18":7,"19":7},"f":{},"b":{},"_coverageSchema":"1a1c01bbd47fc00a2c39e90264f33305004495a9","hash":"12bdb5459bd6ee7b491e652ff4e2fcd5c9df3866"}
}
