{"/home/dita/h8/eco-mmerce-project/server/app.js": {"path":"/home/dita/h8/eco-mmerce-project/server/app.js","statementMap":{"0":{"start":{"line":1,"column":0},"end":{"line":3,"column":1}},"1":{"start":{"line":2,"column":2},"end":{"line":2,"column":29}},"2":{"start":{"line":5,"column":16},"end":{"line":5,"column":34}},"3":{"start":{"line":6,"column":13},"end":{"line":6,"column":28}},"4":{"start":{"line":8,"column":21},"end":{"line":8,"column":58}},"5":{"start":{"line":9,"column":15},"end":{"line":9,"column":34}},"6":{"start":{"line":11,"column":12},"end":{"line":11,"column":21}},"7":{"start":{"line":14,"column":0},"end":{"line":14,"column":48}},"8":{"start":{"line":15,"column":0},"end":{"line":15,"column":24}},"9":{"start":{"line":16,"column":0},"end":{"line":16,"column":16}},"10":{"start":{"line":17,"column":0},"end":{"line":17,"column":16}},"11":{"start":{"line":18,"column":0},"end":{"line":18,"column":22}},"12":{"start":{"line":20,"column":0},"end":{"line":20,"column":21}}},"fnMap":{},"branchMap":{"0":{"loc":{"start":{"line":1,"column":0},"end":{"line":3,"column":1}},"type":"if","locations":[{"start":{"line":1,"column":0},"end":{"line":3,"column":1}},{"start":{"line":1,"column":0},"end":{"line":3,"column":1}}],"line":1}},"s":{"0":7,"1":7,"2":7,"3":7,"4":7,"5":7,"6":7,"7":7,"8":7,"9":7,"10":7,"11":7,"12":7},"f":{},"b":{"0":[7,0]},"_coverageSchema":"1a1c01bbd47fc00a2c39e90264f33305004495a9","hash":"24fe3e2d30b6d0e3bd246023f59de71178e97832"}
,"/home/dita/h8/eco-mmerce-project/server/socketConfig.js": {"path":"/home/dita/h8/eco-mmerce-project/server/socketConfig.js","statementMap":{"0":{"start":{"line":1,"column":11},"end":{"line":6,"column":2}},"1":{"start":{"line":7,"column":17},"end":{"line":7,"column":36}},"2":{"start":{"line":11,"column":0},"end":{"line":13,"column":3}},"3":{"start":{"line":15,"column":0},"end":{"line":34,"column":3}},"4":{"start":{"line":19,"column":2},"end":{"line":24,"column":5}},"5":{"start":{"line":20,"column":21},"end":{"line":20,"column":63}},"6":{"start":{"line":23,"column":4},"end":{"line":23,"column":26}},"7":{"start":{"line":26,"column":2},"end":{"line":33,"column":5}},"8":{"start":{"line":27,"column":21},"end":{"line":27,"column":79}},"9":{"start":{"line":28,"column":4},"end":{"line":28,"column":25}},"10":{"start":{"line":32,"column":4},"end":{"line":32,"column":45}},"11":{"start":{"line":36,"column":0},"end":{"line":36,"column":20}}},"fnMap":{"0":{"name":"(anonymous_0)","decl":{"start":{"line":11,"column":23},"end":{"line":11,"column":24}},"loc":{"start":{"line":11,"column":32},"end":{"line":13,"column":1}},"line":11},"1":{"name":"(anonymous_1)","decl":{"start":{"line":15,"column":20},"end":{"line":15,"column":21}},"loc":{"start":{"line":15,"column":32},"end":{"line":34,"column":1}},"line":15},"2":{"name":"(anonymous_2)","decl":{"start":{"line":19,"column":24},"end":{"line":19,"column":25}},"loc":{"start":{"line":19,"column":51},"end":{"line":24,"column":3}},"line":19},"3":{"name":"(anonymous_3)","decl":{"start":{"line":26,"column":20},"end":{"line":26,"column":21}},"loc":{"start":{"line":26,"column":37},"end":{"line":33,"column":3}},"line":26}},"branchMap":{},"s":{"0":1,"1":1,"2":1,"3":1,"4":1,"5":0,"6":0,"7":1,"8":0,"9":0,"10":0,"11":1},"f":{"0":0,"1":1,"2":0,"3":0},"b":{},"_coverageSchema":"1a1c01bbd47fc00a2c39e90264f33305004495a9","hash":"4e81caa101aca2cbdc887b8ede513304cf9edaf4"}
,"/home/dita/h8/eco-mmerce-project/server/apis/imagekit.js": {"path":"/home/dita/h8/eco-mmerce-project/server/apis/imagekit.js","statementMap":{"0":{"start":{"line":1,"column":14},"end":{"line":1,"column":38}},"1":{"start":{"line":3,"column":22},"end":{"line":9,"column":2}},"2":{"start":{"line":11,"column":0},"end":{"line":11,"column":31}}},"fnMap":{},"branchMap":{},"s":{"0":7,"1":7,"2":7},"f":{},"b":{},"_coverageSchema":"1a1c01bbd47fc00a2c39e90264f33305004495a9","hash":"a94552aaded4af0d30d2f5993ec05af4bebe27a2"}
,"/home/dita/h8/eco-mmerce-project/server/apis/midtrans.js": {"path":"/home/dita/h8/eco-mmerce-project/server/apis/midtrans.js","statementMap":{"0":{"start":{"line":1,"column":14},"end":{"line":1,"column":38}},"1":{"start":{"line":3,"column":20},"end":{"line":9,"column":2}},"2":{"start":{"line":11,"column":0},"end":{"line":11,"column":29}}},"fnMap":{},"branchMap":{},"s":{"0":7,"1":7,"2":7},"f":{},"b":{},"_coverageSchema":"1a1c01bbd47fc00a2c39e90264f33305004495a9","hash":"fc90da81f0f8d061ec0b686117d6c66920041094"}
,"/home/dita/h8/eco-mmerce-project/server/controllers/brandController.js": {"path":"/home/dita/h8/eco-mmerce-project/server/controllers/brandController.js","statementMap":{"0":{"start":{"line":1,"column":18},"end":{"line":1,"column":38}},"1":{"start":{"line":2,"column":10},"end":{"line":2,"column":27}},"2":{"start":{"line":6,"column":4},"end":{"line":17,"column":5}},"3":{"start":{"line":7,"column":21},"end":{"line":10,"column":8}},"4":{"start":{"line":12,"column":27},"end":{"line":12,"column":52}},"5":{"start":{"line":14,"column":6},"end":{"line":14,"column":41}},"6":{"start":{"line":16,"column":6},"end":{"line":16,"column":16}},"7":{"start":{"line":21,"column":0},"end":{"line":21,"column":33}}},"fnMap":{"0":{"name":"(anonymous_0)","decl":{"start":{"line":5,"column":2},"end":{"line":5,"column":3}},"loc":{"start":{"line":5,"column":41},"end":{"line":18,"column":3}},"line":5}},"branchMap":{},"s":{"0":7,"1":7,"2":1,"3":1,"4":1,"5":1,"6":0,"7":7},"f":{"0":1},"b":{},"_coverageSchema":"1a1c01bbd47fc00a2c39e90264f33305004495a9","hash":"bef35e3fad97ba8e3f58cef0f95cf10c3400f711"}
,"/home/dita/h8/eco-mmerce-project/server/controllers/buyerController.js": {"path":"/home/dita/h8/eco-mmerce-project/server/controllers/buyerController.js","statementMap":{"0":{"start":{"line":1,"column":25},"end":{"line":1,"column":55}},"1":{"start":{"line":3,"column":20},"end":{"line":3,"column":47}},"2":{"start":{"line":5,"column":22},"end":{"line":5,"column":47}},"3":{"start":{"line":6,"column":26},"end":{"line":6,"column":54}},"4":{"start":{"line":16,"column":4},"end":{"line":16,"column":24}},"5":{"start":{"line":17,"column":10},"end":{"line":17,"column":27}},"6":{"start":{"line":18,"column":15},"end":{"line":18,"column":61}},"7":{"start":{"line":22,"column":4},"end":{"line":53,"column":5}},"8":{"start":{"line":23,"column":34},"end":{"line":23,"column":42}},"9":{"start":{"line":25,"column":19},"end":{"line":27,"column":8}},"10":{"start":{"line":29,"column":6},"end":{"line":50,"column":7}},"11":{"start":{"line":30,"column":8},"end":{"line":47,"column":9}},"12":{"start":{"line":31,"column":31},"end":{"line":35,"column":12}},"13":{"start":{"line":37,"column":10},"end":{"line":44,"column":13}},"14":{"start":{"line":46,"column":10},"end":{"line":46,"column":79}},"15":{"start":{"line":49,"column":8},"end":{"line":49,"column":77}},"16":{"start":{"line":52,"column":6},"end":{"line":52,"column":16}},"17":{"start":{"line":57,"column":4},"end":{"line":95,"column":5}},"18":{"start":{"line":58,"column":21},"end":{"line":61,"column":8}},"19":{"start":{"line":62,"column":20},"end":{"line":62,"column":39}},"20":{"start":{"line":64,"column":25},"end":{"line":64,"column":48}},"21":{"start":{"line":65,"column":22},"end":{"line":65,"column":37}},"22":{"start":{"line":66,"column":21},"end":{"line":66,"column":36}},"23":{"start":{"line":68,"column":30},"end":{"line":79,"column":8}},"24":{"start":{"line":80,"column":27},"end":{"line":84,"column":8}},"25":{"start":{"line":85,"column":6},"end":{"line":92,"column":9}},"26":{"start":{"line":94,"column":6},"end":{"line":94,"column":16}},"27":{"start":{"line":99,"column":4},"end":{"line":118,"column":5}},"28":{"start":{"line":100,"column":68},"end":{"line":100,"column":76}},"29":{"start":{"line":102,"column":8},"end":{"line":103,"column":68}},"30":{"start":{"line":105,"column":23},"end":{"line":113,"column":8}},"31":{"start":{"line":115,"column":6},"end":{"line":115,"column":71}},"32":{"start":{"line":117,"column":6},"end":{"line":117,"column":16}},"33":{"start":{"line":122,"column":4},"end":{"line":178,"column":5}},"34":{"start":{"line":123,"column":48},"end":{"line":123,"column":57}},"35":{"start":{"line":124,"column":26},"end":{"line":124,"column":54}},"36":{"start":{"line":125,"column":29},"end":{"line":125,"column":65}},"37":{"start":{"line":126,"column":23},"end":{"line":174,"column":8}},"38":{"start":{"line":175,"column":6},"end":{"line":175,"column":37}},"39":{"start":{"line":177,"column":6},"end":{"line":177,"column":16}},"40":{"start":{"line":182,"column":4},"end":{"line":233,"column":5}},"41":{"start":{"line":183,"column":21},"end":{"line":183,"column":31}},"42":{"start":{"line":184,"column":22},"end":{"line":221,"column":8}},"43":{"start":{"line":223,"column":6},"end":{"line":230,"column":7}},"44":{"start":{"line":224,"column":8},"end":{"line":227,"column":10}},"45":{"start":{"line":229,"column":8},"end":{"line":229,"column":38}},"46":{"start":{"line":232,"column":6},"end":{"line":232,"column":16}},"47":{"start":{"line":237,"column":4},"end":{"line":303,"column":5}},"48":{"start":{"line":238,"column":20},"end":{"line":284,"column":8}},"49":{"start":{"line":286,"column":23},"end":{"line":286,"column":56}},"50":{"start":{"line":287,"column":17},"end":{"line":287,"column":19}},"51":{"start":{"line":288,"column":6},"end":{"line":296,"column":7}},"52":{"start":{"line":289,"column":20},"end":{"line":289,"column":21}},"53":{"start":{"line":290,"column":24},"end":{"line":290,"column":48}},"54":{"start":{"line":291,"column":8},"end":{"line":293,"column":9}},"55":{"start":{"line":292,"column":10},"end":{"line":292,"column":63}},"56":{"start":{"line":292,"column":55},"end":{"line":292,"column":63}},"57":{"start":{"line":294,"column":8},"end":{"line":294,"column":33}},"58":{"start":{"line":295,"column":8},"end":{"line":295,"column":42}},"59":{"start":{"line":298,"column":26},"end":{"line":298,"column":57}},"60":{"start":{"line":300,"column":6},"end":{"line":300,"column":40}},"61":{"start":{"line":302,"column":6},"end":{"line":302,"column":16}},"62":{"start":{"line":307,"column":4},"end":{"line":318,"column":5}},"63":{"start":{"line":308,"column":29},"end":{"line":308,"column":37}},"64":{"start":{"line":309,"column":28},"end":{"line":309,"column":36}},"65":{"start":{"line":310,"column":6},"end":{"line":313,"column":9}},"66":{"start":{"line":315,"column":6},"end":{"line":315,"column":79}},"67":{"start":{"line":317,"column":6},"end":{"line":317,"column":16}},"68":{"start":{"line":322,"column":4},"end":{"line":345,"column":5}},"69":{"start":{"line":323,"column":29},"end":{"line":323,"column":37}},"70":{"start":{"line":324,"column":32},"end":{"line":324,"column":42}},"71":{"start":{"line":326,"column":24},"end":{"line":329,"column":8}},"72":{"start":{"line":331,"column":6},"end":{"line":336,"column":7}},"73":{"start":{"line":332,"column":8},"end":{"line":335,"column":10}},"74":{"start":{"line":338,"column":6},"end":{"line":340,"column":9}},"75":{"start":{"line":342,"column":6},"end":{"line":342,"column":75}},"76":{"start":{"line":344,"column":6},"end":{"line":344,"column":16}},"77":{"start":{"line":349,"column":4},"end":{"line":367,"column":5}},"78":{"start":{"line":350,"column":29},"end":{"line":350,"column":37}},"79":{"start":{"line":351,"column":28},"end":{"line":351,"column":36}},"80":{"start":{"line":353,"column":27},"end":{"line":355,"column":8}},"81":{"start":{"line":357,"column":6},"end":{"line":362,"column":7}},"82":{"start":{"line":358,"column":8},"end":{"line":361,"column":10}},"83":{"start":{"line":364,"column":6},"end":{"line":364,"column":79}},"84":{"start":{"line":366,"column":6},"end":{"line":366,"column":16}},"85":{"start":{"line":371,"column":4},"end":{"line":436,"column":5}},"86":{"start":{"line":372,"column":29},"end":{"line":372,"column":37}},"87":{"start":{"line":374,"column":26},"end":{"line":383,"column":8}},"88":{"start":{"line":386,"column":25},"end":{"line":386,"column":26}},"89":{"start":{"line":387,"column":6},"end":{"line":389,"column":9}},"90":{"start":{"line":388,"column":8},"end":{"line":388,"column":43}},"91":{"start":{"line":392,"column":19},"end":{"line":397,"column":8}},"92":{"start":{"line":399,"column":31},"end":{"line":404,"column":7}},"93":{"start":{"line":408,"column":8},"end":{"line":408,"column":70}},"94":{"start":{"line":410,"column":6},"end":{"line":413,"column":9}},"95":{"start":{"line":415,"column":24},"end":{"line":424,"column":7}},"96":{"start":{"line":426,"column":23},"end":{"line":431,"column":8}},"97":{"start":{"line":433,"column":6},"end":{"line":433,"column":33}},"98":{"start":{"line":435,"column":6},"end":{"line":435,"column":16}},"99":{"start":{"line":440,"column":4},"end":{"line":489,"column":5}},"100":{"start":{"line":441,"column":47},"end":{"line":441,"column":55}},"101":{"start":{"line":443,"column":6},"end":{"line":484,"column":7}},"102":{"start":{"line":448,"column":21},"end":{"line":452,"column":10}},"103":{"start":{"line":454,"column":36},"end":{"line":454,"column":40}},"104":{"start":{"line":457,"column":28},"end":{"line":466,"column":10}},"105":{"start":{"line":469,"column":8},"end":{"line":474,"column":11}},"106":{"start":{"line":470,"column":10},"end":{"line":473,"column":13}},"107":{"start":{"line":477,"column":27},"end":{"line":477,"column":68}},"108":{"start":{"line":478,"column":8},"end":{"line":483,"column":9}},"109":{"start":{"line":479,"column":10},"end":{"line":482,"column":12}},"110":{"start":{"line":486,"column":6},"end":{"line":486,"column":46}},"111":{"start":{"line":488,"column":6},"end":{"line":488,"column":16}},"112":{"start":{"line":493,"column":4},"end":{"line":513,"column":5}},"113":{"start":{"line":494,"column":29},"end":{"line":494,"column":37}},"114":{"start":{"line":495,"column":25},"end":{"line":508,"column":8}},"115":{"start":{"line":510,"column":6},"end":{"line":510,"column":39}},"116":{"start":{"line":512,"column":6},"end":{"line":512,"column":16}},"117":{"start":{"line":517,"column":4},"end":{"line":525,"column":5}},"118":{"start":{"line":518,"column":56},"end":{"line":518,"column":64}},"119":{"start":{"line":520,"column":6},"end":{"line":522,"column":74}},"120":{"start":{"line":524,"column":6},"end":{"line":524,"column":18}},"121":{"start":{"line":529,"column":0},"end":{"line":529,"column":33}}},"fnMap":{"0":{"name":"(anonymous_0)","decl":{"start":{"line":21,"column":2},"end":{"line":21,"column":3}},"loc":{"start":{"line":21,"column":42},"end":{"line":54,"column":3}},"line":21},"1":{"name":"(anonymous_1)","decl":{"start":{"line":56,"column":2},"end":{"line":56,"column":3}},"loc":{"start":{"line":56,"column":48},"end":{"line":96,"column":3}},"line":56},"2":{"name":"(anonymous_2)","decl":{"start":{"line":98,"column":2},"end":{"line":98,"column":3}},"loc":{"start":{"line":98,"column":45},"end":{"line":119,"column":3}},"line":98},"3":{"name":"(anonymous_3)","decl":{"start":{"line":121,"column":2},"end":{"line":121,"column":3}},"loc":{"start":{"line":121,"column":43},"end":{"line":179,"column":3}},"line":121},"4":{"name":"(anonymous_4)","decl":{"start":{"line":181,"column":2},"end":{"line":181,"column":3}},"loc":{"start":{"line":181,"column":42},"end":{"line":234,"column":3}},"line":181},"5":{"name":"(anonymous_5)","decl":{"start":{"line":236,"column":2},"end":{"line":236,"column":3}},"loc":{"start":{"line":236,"column":40},"end":{"line":304,"column":3}},"line":236},"6":{"name":"(anonymous_6)","decl":{"start":{"line":306,"column":2},"end":{"line":306,"column":3}},"loc":{"start":{"line":306,"column":42},"end":{"line":319,"column":3}},"line":306},"7":{"name":"(anonymous_7)","decl":{"start":{"line":321,"column":2},"end":{"line":321,"column":3}},"loc":{"start":{"line":321,"column":41},"end":{"line":346,"column":3}},"line":321},"8":{"name":"(anonymous_8)","decl":{"start":{"line":348,"column":2},"end":{"line":348,"column":3}},"loc":{"start":{"line":348,"column":42},"end":{"line":368,"column":3}},"line":348},"9":{"name":"(anonymous_9)","decl":{"start":{"line":370,"column":2},"end":{"line":370,"column":3}},"loc":{"start":{"line":370,"column":40},"end":{"line":437,"column":3}},"line":370},"10":{"name":"(anonymous_10)","decl":{"start":{"line":387,"column":26},"end":{"line":387,"column":27}},"loc":{"start":{"line":387,"column":36},"end":{"line":389,"column":7}},"line":387},"11":{"name":"(anonymous_11)","decl":{"start":{"line":439,"column":2},"end":{"line":439,"column":3}},"loc":{"start":{"line":439,"column":47},"end":{"line":490,"column":3}},"line":439},"12":{"name":"(anonymous_12)","decl":{"start":{"line":469,"column":34},"end":{"line":469,"column":35}},"loc":{"start":{"line":469,"column":42},"end":{"line":474,"column":9}},"line":469},"13":{"name":"(anonymous_13)","decl":{"start":{"line":492,"column":2},"end":{"line":492,"column":3}},"loc":{"start":{"line":492,"column":42},"end":{"line":514,"column":3}},"line":492},"14":{"name":"(anonymous_14)","decl":{"start":{"line":516,"column":2},"end":{"line":516,"column":3}},"loc":{"start":{"line":516,"column":48},"end":{"line":526,"column":3}},"line":516}},"branchMap":{"0":{"loc":{"start":{"line":29,"column":6},"end":{"line":50,"column":7}},"type":"if","locations":[{"start":{"line":29,"column":6},"end":{"line":50,"column":7}},{"start":{"line":29,"column":6},"end":{"line":50,"column":7}}],"line":29},"1":{"loc":{"start":{"line":30,"column":8},"end":{"line":47,"column":9}},"type":"if","locations":[{"start":{"line":30,"column":8},"end":{"line":47,"column":9}},{"start":{"line":30,"column":8},"end":{"line":47,"column":9}}],"line":30},"2":{"loc":{"start":{"line":73,"column":20},"end":{"line":73,"column":66}},"type":"cond-expr","locations":[{"start":{"line":73,"column":53},"end":{"line":73,"column":55}},{"start":{"line":73,"column":58},"end":{"line":73,"column":66}}],"line":73},"3":{"loc":{"start":{"line":73,"column":20},"end":{"line":73,"column":50}},"type":"binary-expr","locations":[{"start":{"line":73,"column":20},"end":{"line":73,"column":37}},{"start":{"line":73,"column":41},"end":{"line":73,"column":50}}],"line":73},"4":{"loc":{"start":{"line":102,"column":8},"end":{"line":103,"column":68}},"type":"binary-expr","locations":[{"start":{"line":102,"column":8},"end":{"line":102,"column":18}},{"start":{"line":103,"column":8},"end":{"line":103,"column":68}}],"line":102},"5":{"loc":{"start":{"line":124,"column":26},"end":{"line":124,"column":54}},"type":"cond-expr","locations":[{"start":{"line":124,"column":34},"end":{"line":124,"column":49}},{"start":{"line":124,"column":52},"end":{"line":124,"column":54}}],"line":124},"6":{"loc":{"start":{"line":125,"column":29},"end":{"line":125,"column":65}},"type":"cond-expr","locations":[{"start":{"line":125,"column":42},"end":{"line":125,"column":60}},{"start":{"line":125,"column":63},"end":{"line":125,"column":65}}],"line":125},"7":{"loc":{"start":{"line":223,"column":6},"end":{"line":230,"column":7}},"type":"if","locations":[{"start":{"line":223,"column":6},"end":{"line":230,"column":7}},{"start":{"line":223,"column":6},"end":{"line":230,"column":7}}],"line":223},"8":{"loc":{"start":{"line":292,"column":10},"end":{"line":292,"column":63}},"type":"if","locations":[{"start":{"line":292,"column":10},"end":{"line":292,"column":63}},{"start":{"line":292,"column":10},"end":{"line":292,"column":63}}],"line":292},"9":{"loc":{"start":{"line":331,"column":6},"end":{"line":336,"column":7}},"type":"if","locations":[{"start":{"line":331,"column":6},"end":{"line":336,"column":7}},{"start":{"line":331,"column":6},"end":{"line":336,"column":7}}],"line":331},"10":{"loc":{"start":{"line":357,"column":6},"end":{"line":362,"column":7}},"type":"if","locations":[{"start":{"line":357,"column":6},"end":{"line":362,"column":7}},{"start":{"line":357,"column":6},"end":{"line":362,"column":7}}],"line":357},"11":{"loc":{"start":{"line":443,"column":6},"end":{"line":484,"column":7}},"type":"if","locations":[{"start":{"line":443,"column":6},"end":{"line":484,"column":7}},{"start":{"line":443,"column":6},"end":{"line":484,"column":7}}],"line":443},"12":{"loc":{"start":{"line":444,"column":8},"end":{"line":445,"column":43}},"type":"binary-expr","locations":[{"start":{"line":444,"column":8},"end":{"line":444,"column":40}},{"start":{"line":445,"column":8},"end":{"line":445,"column":43}}],"line":444},"13":{"loc":{"start":{"line":478,"column":8},"end":{"line":483,"column":9}},"type":"if","locations":[{"start":{"line":478,"column":8},"end":{"line":483,"column":9}},{"start":{"line":478,"column":8},"end":{"line":483,"column":9}}],"line":478}},"s":{"0":7,"1":7,"2":7,"3":7,"4":7,"5":7,"6":7,"7":3,"8":3,"9":3,"10":3,"11":2,"12":1,"13":1,"14":1,"15":1,"16":2,"17":1,"18":1,"19":1,"20":1,"21":1,"22":1,"23":1,"24":1,"25":1,"26":0,"27":7,"28":7,"29":7,"30":7,"31":1,"32":6,"33":1,"34":1,"35":1,"36":1,"37":1,"38":1,"39":0,"40":2,"41":2,"42":2,"43":2,"44":1,"45":1,"46":1,"47":1,"48":1,"49":1,"50":1,"51":1,"52":4,"53":4,"54":4,"55":16,"56":10,"57":4,"58":4,"59":1,"60":1,"61":0,"62":1,"63":1,"64":1,"65":1,"66":1,"67":0,"68":2,"69":2,"70":2,"71":2,"72":2,"73":1,"74":1,"75":1,"76":1,"77":2,"78":2,"79":2,"80":2,"81":2,"82":1,"83":1,"84":1,"85":1,"86":1,"87":1,"88":1,"89":1,"90":1,"91":1,"92":1,"93":1,"94":1,"95":1,"96":1,"97":1,"98":0,"99":1,"100":1,"101":1,"102":1,"103":1,"104":1,"105":1,"106":1,"107":1,"108":1,"109":0,"110":1,"111":0,"112":1,"113":1,"114":1,"115":1,"116":0,"117":1,"118":1,"119":1,"120":0,"121":7},"f":{"0":3,"1":1,"2":7,"3":1,"4":2,"5":1,"6":1,"7":2,"8":2,"9":1,"10":1,"11":1,"12":1,"13":1,"14":1},"b":{"0":[2,1],"1":[1,1],"2":[0,1],"3":[1,1],"4":[7,7],"5":[0,1],"6":[0,1],"7":[1,1],"8":[10,6],"9":[1,1],"10":[1,1],"11":[1,0],"12":[1,0],"13":[0,1]},"_coverageSchema":"1a1c01bbd47fc00a2c39e90264f33305004495a9","hash":"3df5b6d6ebc305f5da00951501ec98f5f6710c3b"}
,"/home/dita/h8/eco-mmerce-project/server/controllers/categoryController.js": {"path":"/home/dita/h8/eco-mmerce-project/server/controllers/categoryController.js","statementMap":{"0":{"start":{"line":1,"column":21},"end":{"line":1,"column":41}},"1":{"start":{"line":5,"column":4},"end":{"line":14,"column":5}},"2":{"start":{"line":6,"column":25},"end":{"line":9,"column":8}},"3":{"start":{"line":11,"column":6},"end":{"line":11,"column":39}},"4":{"start":{"line":13,"column":6},"end":{"line":13,"column":16}},"5":{"start":{"line":18,"column":0},"end":{"line":18,"column":36}}},"fnMap":{"0":{"name":"(anonymous_0)","decl":{"start":{"line":4,"column":2},"end":{"line":4,"column":3}},"loc":{"start":{"line":4,"column":45},"end":{"line":15,"column":3}},"line":4}},"branchMap":{},"s":{"0":7,"1":1,"2":1,"3":1,"4":0,"5":7},"f":{"0":1},"b":{},"_coverageSchema":"1a1c01bbd47fc00a2c39e90264f33305004495a9","hash":"a9a1e10cd2358d09a93e939e7c6dfb3604a127b6"}
,"/home/dita/h8/eco-mmerce-project/server/controllers/chatController.js": {"path":"/home/dita/h8/eco-mmerce-project/server/controllers/chatController.js","statementMap":{"0":{"start":{"line":1,"column":23},"end":{"line":1,"column":43}},"1":{"start":{"line":5,"column":4},"end":{"line":19,"column":5}},"2":{"start":{"line":6,"column":21},"end":{"line":9,"column":7}},"3":{"start":{"line":10,"column":19},"end":{"line":14,"column":8}},"4":{"start":{"line":16,"column":6},"end":{"line":16,"column":33}},"5":{"start":{"line":18,"column":6},"end":{"line":18,"column":16}},"6":{"start":{"line":23,"column":4},"end":{"line":40,"column":5}},"7":{"start":{"line":24,"column":31},"end":{"line":24,"column":39}},"8":{"start":{"line":25,"column":19},"end":{"line":35,"column":8}},"9":{"start":{"line":37,"column":6},"end":{"line":37,"column":33}},"10":{"start":{"line":39,"column":6},"end":{"line":39,"column":16}},"11":{"start":{"line":44,"column":0},"end":{"line":44,"column":32}}},"fnMap":{"0":{"name":"(anonymous_0)","decl":{"start":{"line":4,"column":2},"end":{"line":4,"column":3}},"loc":{"start":{"line":4,"column":39},"end":{"line":20,"column":3}},"line":4},"1":{"name":"(anonymous_1)","decl":{"start":{"line":22,"column":2},"end":{"line":22,"column":3}},"loc":{"start":{"line":22,"column":44},"end":{"line":41,"column":3}},"line":22}},"branchMap":{"0":{"loc":{"start":{"line":7,"column":17},"end":{"line":7,"column":72}},"type":"cond-expr","locations":[{"start":{"line":7,"column":45},"end":{"line":7,"column":56}},{"start":{"line":7,"column":59},"end":{"line":7,"column":72}}],"line":7},"1":{"loc":{"start":{"line":8,"column":18},"end":{"line":8,"column":74}},"type":"cond-expr","locations":[{"start":{"line":8,"column":47},"end":{"line":8,"column":58}},{"start":{"line":8,"column":61},"end":{"line":8,"column":74}}],"line":8}},"s":{"0":7,"1":1,"2":1,"3":1,"4":1,"5":0,"6":1,"7":1,"8":1,"9":1,"10":0,"11":7},"f":{"0":1,"1":1},"b":{"0":[0,1],"1":[1,0]},"_coverageSchema":"1a1c01bbd47fc00a2c39e90264f33305004495a9","hash":"8f6ade9f2a683550a7538cc305bcf319b7272f7d"}
,"/home/dita/h8/eco-mmerce-project/server/controllers/ingridientController.js": {"path":"/home/dita/h8/eco-mmerce-project/server/controllers/ingridientController.js","statementMap":{"0":{"start":{"line":1,"column":30},"end":{"line":1,"column":50}},"1":{"start":{"line":5,"column":4},"end":{"line":14,"column":5}},"2":{"start":{"line":6,"column":33},"end":{"line":9,"column":8}},"3":{"start":{"line":11,"column":6},"end":{"line":11,"column":47}},"4":{"start":{"line":13,"column":6},"end":{"line":13,"column":16}},"5":{"start":{"line":18,"column":0},"end":{"line":18,"column":45}}},"fnMap":{"0":{"name":"(anonymous_0)","decl":{"start":{"line":4,"column":2},"end":{"line":4,"column":3}},"loc":{"start":{"line":4,"column":53},"end":{"line":15,"column":3}},"line":4}},"branchMap":{},"s":{"0":7,"1":1,"2":1,"3":1,"4":0,"5":7},"f":{"0":1},"b":{},"_coverageSchema":"1a1c01bbd47fc00a2c39e90264f33305004495a9","hash":"03b25884b5da8d7fb7c46bbcc0d3ccc066a0efe1"}
,"/home/dita/h8/eco-mmerce-project/server/controllers/sellerController.js": {"path":"/home/dita/h8/eco-mmerce-project/server/controllers/sellerController.js","statementMap":{"0":{"start":{"line":1,"column":22},"end":{"line":1,"column":47}},"1":{"start":{"line":2,"column":26},"end":{"line":2,"column":54}},"2":{"start":{"line":3,"column":10},"end":{"line":3,"column":27}},"3":{"start":{"line":11,"column":4},"end":{"line":11,"column":24}},"4":{"start":{"line":15,"column":4},"end":{"line":48,"column":5}},"5":{"start":{"line":16,"column":34},"end":{"line":16,"column":42}},"6":{"start":{"line":18,"column":19},"end":{"line":20,"column":8}},"7":{"start":{"line":24,"column":6},"end":{"line":45,"column":7}},"8":{"start":{"line":25,"column":8},"end":{"line":42,"column":9}},"9":{"start":{"line":26,"column":31},"end":{"line":30,"column":12}},"10":{"start":{"line":32,"column":10},"end":{"line":39,"column":13}},"11":{"start":{"line":41,"column":10},"end":{"line":41,"column":79}},"12":{"start":{"line":44,"column":8},"end":{"line":44,"column":77}},"13":{"start":{"line":47,"column":6},"end":{"line":47,"column":16}},"14":{"start":{"line":52,"column":4},"end":{"line":70,"column":5}},"15":{"start":{"line":53,"column":68},"end":{"line":53,"column":76}},"16":{"start":{"line":55,"column":8},"end":{"line":56,"column":94}},"17":{"start":{"line":57,"column":24},"end":{"line":65,"column":8}},"18":{"start":{"line":67,"column":6},"end":{"line":67,"column":73}},"19":{"start":{"line":69,"column":6},"end":{"line":69,"column":16}},"20":{"start":{"line":74,"column":4},"end":{"line":111,"column":5}},"21":{"start":{"line":75,"column":21},"end":{"line":75,"column":29}},"22":{"start":{"line":76,"column":23},"end":{"line":106,"column":8}},"23":{"start":{"line":108,"column":6},"end":{"line":108,"column":37}},"24":{"start":{"line":110,"column":6},"end":{"line":110,"column":16}},"25":{"start":{"line":115,"column":4},"end":{"line":150,"column":5}},"26":{"start":{"line":116,"column":21},"end":{"line":116,"column":31}},"27":{"start":{"line":117,"column":29},"end":{"line":117,"column":37}},"28":{"start":{"line":118,"column":22},"end":{"line":139,"column":8}},"29":{"start":{"line":141,"column":6},"end":{"line":146,"column":7}},"30":{"start":{"line":142,"column":8},"end":{"line":145,"column":10}},"31":{"start":{"line":147,"column":6},"end":{"line":147,"column":36}},"32":{"start":{"line":149,"column":6},"end":{"line":149,"column":16}},"33":{"start":{"line":154,"column":4},"end":{"line":207,"column":5}},"34":{"start":{"line":167,"column":10},"end":{"line":167,"column":18}},"35":{"start":{"line":171,"column":6},"end":{"line":175,"column":10}},"36":{"start":{"line":172,"column":8},"end":{"line":175,"column":10}},"37":{"start":{"line":177,"column":21},"end":{"line":177,"column":29}},"38":{"start":{"line":179,"column":25},"end":{"line":197,"column":7}},"39":{"start":{"line":199,"column":28},"end":{"line":202,"column":8}},"40":{"start":{"line":204,"column":6},"end":{"line":204,"column":70}},"41":{"start":{"line":206,"column":6},"end":{"line":206,"column":16}},"42":{"start":{"line":211,"column":4},"end":{"line":243,"column":5}},"43":{"start":{"line":212,"column":21},"end":{"line":212,"column":31}},"44":{"start":{"line":213,"column":29},"end":{"line":213,"column":37}},"45":{"start":{"line":214,"column":70},"end":{"line":214,"column":78}},"46":{"start":{"line":216,"column":29},"end":{"line":229,"column":7}},"47":{"start":{"line":231,"column":6},"end":{"line":240,"column":7}},"48":{"start":{"line":232,"column":8},"end":{"line":235,"column":10}},"49":{"start":{"line":237,"column":8},"end":{"line":239,"column":11}},"50":{"start":{"line":242,"column":6},"end":{"line":242,"column":16}},"51":{"start":{"line":247,"column":4},"end":{"line":264,"column":5}},"52":{"start":{"line":248,"column":21},"end":{"line":248,"column":31}},"53":{"start":{"line":249,"column":29},"end":{"line":249,"column":37}},"54":{"start":{"line":251,"column":29},"end":{"line":251,"column":77}},"55":{"start":{"line":252,"column":6},"end":{"line":261,"column":7}},"56":{"start":{"line":253,"column":8},"end":{"line":256,"column":10}},"57":{"start":{"line":258,"column":8},"end":{"line":260,"column":11}},"58":{"start":{"line":263,"column":6},"end":{"line":263,"column":16}},"59":{"start":{"line":268,"column":0},"end":{"line":268,"column":34}}},"fnMap":{"0":{"name":"(anonymous_0)","decl":{"start":{"line":14,"column":2},"end":{"line":14,"column":3}},"loc":{"start":{"line":14,"column":43},"end":{"line":49,"column":3}},"line":14},"1":{"name":"(anonymous_1)","decl":{"start":{"line":51,"column":2},"end":{"line":51,"column":3}},"loc":{"start":{"line":51,"column":46},"end":{"line":71,"column":3}},"line":51},"2":{"name":"(anonymous_2)","decl":{"start":{"line":73,"column":2},"end":{"line":73,"column":3}},"loc":{"start":{"line":73,"column":46},"end":{"line":112,"column":3}},"line":73},"3":{"name":"(anonymous_3)","decl":{"start":{"line":114,"column":2},"end":{"line":114,"column":3}},"loc":{"start":{"line":114,"column":42},"end":{"line":151,"column":3}},"line":114},"4":{"name":"(anonymous_4)","decl":{"start":{"line":153,"column":2},"end":{"line":153,"column":3}},"loc":{"start":{"line":153,"column":45},"end":{"line":208,"column":3}},"line":153},"5":{"name":"(anonymous_5)","decl":{"start":{"line":210,"column":2},"end":{"line":210,"column":3}},"loc":{"start":{"line":210,"column":45},"end":{"line":244,"column":3}},"line":210},"6":{"name":"(anonymous_6)","decl":{"start":{"line":246,"column":2},"end":{"line":246,"column":3}},"loc":{"start":{"line":246,"column":45},"end":{"line":265,"column":3}},"line":246}},"branchMap":{"0":{"loc":{"start":{"line":24,"column":6},"end":{"line":45,"column":7}},"type":"if","locations":[{"start":{"line":24,"column":6},"end":{"line":45,"column":7}},{"start":{"line":24,"column":6},"end":{"line":45,"column":7}}],"line":24},"1":{"loc":{"start":{"line":25,"column":8},"end":{"line":42,"column":9}},"type":"if","locations":[{"start":{"line":25,"column":8},"end":{"line":42,"column":9}},{"start":{"line":25,"column":8},"end":{"line":42,"column":9}}],"line":25},"2":{"loc":{"start":{"line":55,"column":8},"end":{"line":56,"column":94}},"type":"binary-expr","locations":[{"start":{"line":55,"column":8},"end":{"line":55,"column":18}},{"start":{"line":56,"column":8},"end":{"line":56,"column":94}}],"line":55},"3":{"loc":{"start":{"line":141,"column":6},"end":{"line":146,"column":7}},"type":"if","locations":[{"start":{"line":141,"column":6},"end":{"line":146,"column":7}},{"start":{"line":141,"column":6},"end":{"line":146,"column":7}}],"line":141},"4":{"loc":{"start":{"line":171,"column":6},"end":{"line":175,"column":10}},"type":"if","locations":[{"start":{"line":171,"column":6},"end":{"line":175,"column":10}},{"start":{"line":171,"column":6},"end":{"line":175,"column":10}}],"line":171},"5":{"loc":{"start":{"line":231,"column":6},"end":{"line":240,"column":7}},"type":"if","locations":[{"start":{"line":231,"column":6},"end":{"line":240,"column":7}},{"start":{"line":231,"column":6},"end":{"line":240,"column":7}}],"line":231},"6":{"loc":{"start":{"line":252,"column":6},"end":{"line":261,"column":7}},"type":"if","locations":[{"start":{"line":252,"column":6},"end":{"line":261,"column":7}},{"start":{"line":252,"column":6},"end":{"line":261,"column":7}}],"line":252}},"s":{"0":7,"1":7,"2":7,"3":7,"4":3,"5":3,"6":3,"7":3,"8":2,"9":1,"10":1,"11":1,"12":1,"13":2,"14":7,"15":7,"16":7,"17":7,"18":1,"19":6,"20":1,"21":1,"22":1,"23":1,"24":0,"25":2,"26":2,"27":2,"28":2,"29":2,"30":1,"31":1,"32":1,"33":9,"34":9,"35":9,"36":0,"37":9,"38":9,"39":1,"40":1,"41":8,"42":8,"43":8,"44":8,"45":8,"46":8,"47":2,"48":1,"49":1,"50":7,"51":2,"52":2,"53":2,"54":2,"55":2,"56":1,"57":1,"58":1,"59":7},"f":{"0":3,"1":7,"2":1,"3":2,"4":9,"5":8,"6":2},"b":{"0":[2,1],"1":[1,1],"2":[7,7],"3":[1,1],"4":[0,9],"5":[1,1],"6":[1,1]},"_coverageSchema":"1a1c01bbd47fc00a2c39e90264f33305004495a9","hash":"33ad34dde18dbf8540a02d2414afcd875671f1f2"}
,"/home/dita/h8/eco-mmerce-project/server/helpers/bcrypt.js": {"path":"/home/dita/h8/eco-mmerce-project/server/helpers/bcrypt.js","statementMap":{"0":{"start":{"line":1,"column":15},"end":{"line":1,"column":34}},"1":{"start":{"line":2,"column":13},"end":{"line":2,"column":35}},"2":{"start":{"line":5,"column":2},"end":{"line":5,"column":41}},"3":{"start":{"line":9,"column":2},"end":{"line":9,"column":54}},"4":{"start":{"line":12,"column":0},"end":{"line":15,"column":2}}},"fnMap":{"0":{"name":"hashPassword","decl":{"start":{"line":4,"column":9},"end":{"line":4,"column":21}},"loc":{"start":{"line":4,"column":32},"end":{"line":6,"column":1}},"line":4},"1":{"name":"checkPassword","decl":{"start":{"line":8,"column":9},"end":{"line":8,"column":22}},"loc":{"start":{"line":8,"column":49},"end":{"line":10,"column":1}},"line":8}},"branchMap":{},"s":{"0":8,"1":8,"2":11,"3":4,"4":8},"f":{"0":11,"1":4},"b":{},"_coverageSchema":"1a1c01bbd47fc00a2c39e90264f33305004495a9","hash":"13513c92c18a60fd1624282f2a708b97861e8da9"}
,"/home/dita/h8/eco-mmerce-project/server/helpers/getDate.js": {"path":"/home/dita/h8/eco-mmerce-project/server/helpers/getDate.js","statementMap":{"0":{"start":{"line":1,"column":0},"end":{"line":17,"column":1}},"1":{"start":{"line":2,"column":14},"end":{"line":2,"column":24}},"2":{"start":{"line":3,"column":13},"end":{"line":3,"column":31}},"3":{"start":{"line":4,"column":14},"end":{"line":4,"column":37}},"4":{"start":{"line":5,"column":13},"end":{"line":5,"column":30}},"5":{"start":{"line":6,"column":13},"end":{"line":6,"column":32}},"6":{"start":{"line":7,"column":15},"end":{"line":7,"column":36}},"7":{"start":{"line":8,"column":15},"end":{"line":8,"column":36}},"8":{"start":{"line":10,"column":2},"end":{"line":10,"column":40}},"9":{"start":{"line":10,"column":23},"end":{"line":10,"column":40}},"10":{"start":{"line":11,"column":2},"end":{"line":11,"column":43}},"11":{"start":{"line":11,"column":24},"end":{"line":11,"column":43}},"12":{"start":{"line":12,"column":2},"end":{"line":12,"column":40}},"13":{"start":{"line":12,"column":23},"end":{"line":12,"column":40}},"14":{"start":{"line":13,"column":2},"end":{"line":13,"column":46}},"15":{"start":{"line":13,"column":25},"end":{"line":13,"column":46}},"16":{"start":{"line":14,"column":2},"end":{"line":14,"column":46}},"17":{"start":{"line":14,"column":25},"end":{"line":14,"column":46}},"18":{"start":{"line":16,"column":2},"end":{"line":16,"column":60}}},"fnMap":{"0":{"name":"(anonymous_0)","decl":{"start":{"line":1,"column":17},"end":{"line":1,"column":18}},"loc":{"start":{"line":1,"column":28},"end":{"line":17,"column":1}},"line":1}},"branchMap":{"0":{"loc":{"start":{"line":10,"column":2},"end":{"line":10,"column":40}},"type":"if","locations":[{"start":{"line":10,"column":2},"end":{"line":10,"column":40}},{"start":{"line":10,"column":2},"end":{"line":10,"column":40}}],"line":10},"1":{"loc":{"start":{"line":11,"column":2},"end":{"line":11,"column":43}},"type":"if","locations":[{"start":{"line":11,"column":2},"end":{"line":11,"column":43}},{"start":{"line":11,"column":2},"end":{"line":11,"column":43}}],"line":11},"2":{"loc":{"start":{"line":12,"column":2},"end":{"line":12,"column":40}},"type":"if","locations":[{"start":{"line":12,"column":2},"end":{"line":12,"column":40}},{"start":{"line":12,"column":2},"end":{"line":12,"column":40}}],"line":12},"3":{"loc":{"start":{"line":13,"column":2},"end":{"line":13,"column":46}},"type":"if","locations":[{"start":{"line":13,"column":2},"end":{"line":13,"column":46}},{"start":{"line":13,"column":2},"end":{"line":13,"column":46}}],"line":13},"4":{"loc":{"start":{"line":14,"column":2},"end":{"line":14,"column":46}},"type":"if","locations":[{"start":{"line":14,"column":2},"end":{"line":14,"column":46}},{"start":{"line":14,"column":2},"end":{"line":14,"column":46}}],"line":14}},"s":{"0":7,"1":8,"2":8,"3":8,"4":8,"5":8,"6":8,"7":8,"8":8,"9":0,"10":8,"11":8,"12":8,"13":8,"14":8,"15":8,"16":8,"17":2,"18":8},"f":{"0":8},"b":{"0":[0,8],"1":[8,0],"2":[8,0],"3":[8,0],"4":[2,6]},"_coverageSchema":"1a1c01bbd47fc00a2c39e90264f33305004495a9","hash":"e7aaad7cb6bcb9da52b5d499e6b59ac5bb2f4aea"}
,"/home/dita/h8/eco-mmerce-project/server/helpers/jwt.js": {"path":"/home/dita/h8/eco-mmerce-project/server/helpers/jwt.js","statementMap":{"0":{"start":{"line":1,"column":0},"end":{"line":1,"column":27}},"1":{"start":{"line":3,"column":12},"end":{"line":3,"column":35}},"2":{"start":{"line":6,"column":2},"end":{"line":6,"column":47}},"3":{"start":{"line":10,"column":2},"end":{"line":10,"column":47}},"4":{"start":{"line":13,"column":0},"end":{"line":16,"column":2}}},"fnMap":{"0":{"name":"signToken","decl":{"start":{"line":5,"column":9},"end":{"line":5,"column":18}},"loc":{"start":{"line":5,"column":28},"end":{"line":7,"column":1}},"line":5},"1":{"name":"verifyToken","decl":{"start":{"line":9,"column":9},"end":{"line":9,"column":20}},"loc":{"start":{"line":9,"column":28},"end":{"line":11,"column":1}},"line":9}},"branchMap":{},"s":{"0":7,"1":7,"2":9,"3":38,"4":7},"f":{"0":9,"1":38},"b":{},"_coverageSchema":"1a1c01bbd47fc00a2c39e90264f33305004495a9","hash":"808c78a4fe9e036f73c37074543cba67312105ca"}
,"/home/dita/h8/eco-mmerce-project/server/middlewares/authentication.js": {"path":"/home/dita/h8/eco-mmerce-project/server/middlewares/authentication.js","statementMap":{"0":{"start":{"line":1,"column":17},"end":{"line":1,"column":37}},"1":{"start":{"line":2,"column":24},"end":{"line":2,"column":49}},"2":{"start":{"line":5,"column":2},"end":{"line":23,"column":3}},"3":{"start":{"line":6,"column":29},"end":{"line":6,"column":40}},"4":{"start":{"line":7,"column":4},"end":{"line":20,"column":5}},"5":{"start":{"line":8,"column":22},"end":{"line":8,"column":47}},"6":{"start":{"line":9,"column":19},"end":{"line":9,"column":50}},"7":{"start":{"line":10,"column":6},"end":{"line":17,"column":7}},"8":{"start":{"line":11,"column":8},"end":{"line":15,"column":10}},"9":{"start":{"line":16,"column":8},"end":{"line":16,"column":15}},"10":{"start":{"line":19,"column":6},"end":{"line":19,"column":73}},"11":{"start":{"line":22,"column":4},"end":{"line":22,"column":14}},"12":{"start":{"line":26,"column":0},"end":{"line":26,"column":32}}},"fnMap":{"0":{"name":"authentication","decl":{"start":{"line":4,"column":15},"end":{"line":4,"column":29}},"loc":{"start":{"line":4,"column":46},"end":{"line":24,"column":1}},"line":4}},"branchMap":{"0":{"loc":{"start":{"line":7,"column":4},"end":{"line":20,"column":5}},"type":"if","locations":[{"start":{"line":7,"column":4},"end":{"line":20,"column":5}},{"start":{"line":7,"column":4},"end":{"line":20,"column":5}}],"line":7},"1":{"loc":{"start":{"line":10,"column":6},"end":{"line":17,"column":7}},"type":"if","locations":[{"start":{"line":10,"column":6},"end":{"line":17,"column":7}},{"start":{"line":10,"column":6},"end":{"line":17,"column":7}}],"line":10}},"s":{"0":7,"1":7,"2":46,"3":46,"4":46,"5":38,"6":38,"7":38,"8":38,"9":38,"10":8,"11":8,"12":7},"f":{"0":46},"b":{"0":[38,8],"1":[38,0]},"_coverageSchema":"1a1c01bbd47fc00a2c39e90264f33305004495a9","hash":"48ca2e046e9302e5c0c7db5e22f4ccd099710148"}
,"/home/dita/h8/eco-mmerce-project/server/middlewares/authorization.js": {"path":"/home/dita/h8/eco-mmerce-project/server/middlewares/authorization.js","statementMap":{"0":{"start":{"line":1,"column":17},"end":{"line":1,"column":37}},"1":{"start":{"line":4,"column":2},"end":{"line":18,"column":3}},"2":{"start":{"line":5,"column":19},"end":{"line":5,"column":27}},"3":{"start":{"line":6,"column":23},"end":{"line":6,"column":56}},"4":{"start":{"line":8,"column":4},"end":{"line":15,"column":5}},"5":{"start":{"line":9,"column":6},"end":{"line":9,"column":13}},"6":{"start":{"line":11,"column":6},"end":{"line":14,"column":8}},"7":{"start":{"line":17,"column":4},"end":{"line":17,"column":14}},"8":{"start":{"line":22,"column":2},"end":{"line":35,"column":3}},"9":{"start":{"line":23,"column":19},"end":{"line":23,"column":27}},"10":{"start":{"line":24,"column":23},"end":{"line":24,"column":56}},"11":{"start":{"line":25,"column":4},"end":{"line":32,"column":5}},"12":{"start":{"line":26,"column":6},"end":{"line":26,"column":13}},"13":{"start":{"line":28,"column":6},"end":{"line":31,"column":8}},"14":{"start":{"line":34,"column":4},"end":{"line":34,"column":14}},"15":{"start":{"line":38,"column":0},"end":{"line":38,"column":55}}},"fnMap":{"0":{"name":"authorization","decl":{"start":{"line":3,"column":15},"end":{"line":3,"column":28}},"loc":{"start":{"line":3,"column":45},"end":{"line":19,"column":1}},"line":3},"1":{"name":"authorizationBuyer","decl":{"start":{"line":21,"column":15},"end":{"line":21,"column":33}},"loc":{"start":{"line":21,"column":50},"end":{"line":36,"column":1}},"line":21}},"branchMap":{"0":{"loc":{"start":{"line":8,"column":4},"end":{"line":15,"column":5}},"type":"if","locations":[{"start":{"line":8,"column":4},"end":{"line":15,"column":5}},{"start":{"line":8,"column":4},"end":{"line":15,"column":5}}],"line":8},"1":{"loc":{"start":{"line":25,"column":4},"end":{"line":32,"column":5}},"type":"if","locations":[{"start":{"line":25,"column":4},"end":{"line":32,"column":5}},{"start":{"line":25,"column":4},"end":{"line":32,"column":5}}],"line":25}},"s":{"0":7,"1":27,"2":27,"3":27,"4":27,"5":25,"6":2,"7":2,"8":10,"9":10,"10":10,"11":10,"12":8,"13":2,"14":2,"15":7},"f":{"0":27,"1":10},"b":{"0":[25,2],"1":[8,2]},"_coverageSchema":"1a1c01bbd47fc00a2c39e90264f33305004495a9","hash":"a0b955b59ee568bbaf0547c6df942e702c2635a2"}
,"/home/dita/h8/eco-mmerce-project/server/middlewares/checkIngredients.js": {"path":"/home/dita/h8/eco-mmerce-project/server/middlewares/checkIngredients.js","statementMap":{"0":{"start":{"line":1,"column":10},"end":{"line":1,"column":27}},"1":{"start":{"line":3,"column":30},"end":{"line":3,"column":50}},"2":{"start":{"line":6,"column":15},"end":{"line":6,"column":25}},"3":{"start":{"line":7,"column":15},"end":{"line":7,"column":17}},"4":{"start":{"line":8,"column":2},"end":{"line":47,"column":3}},"5":{"start":{"line":9,"column":4},"end":{"line":46,"column":5}},"6":{"start":{"line":10,"column":18},"end":{"line":10,"column":19}},"7":{"start":{"line":11,"column":34},"end":{"line":11,"column":36}},"8":{"start":{"line":12,"column":31},"end":{"line":12,"column":64}},"9":{"start":{"line":13,"column":6},"end":{"line":22,"column":9}},"10":{"start":{"line":14,"column":8},"end":{"line":21,"column":9}},"11":{"start":{"line":15,"column":10},"end":{"line":20,"column":13}},"12":{"start":{"line":16,"column":12},"end":{"line":19,"column":13}},"13":{"start":{"line":17,"column":14},"end":{"line":17,"column":22}},"14":{"start":{"line":18,"column":14},"end":{"line":18,"column":65}},"15":{"start":{"line":24,"column":6},"end":{"line":24,"column":37}},"16":{"start":{"line":24,"column":22},"end":{"line":24,"column":37}},"17":{"start":{"line":25,"column":6},"end":{"line":25,"column":52}},"18":{"start":{"line":25,"column":36},"end":{"line":25,"column":52}},"19":{"start":{"line":26,"column":6},"end":{"line":26,"column":41}},"20":{"start":{"line":26,"column":22},"end":{"line":26,"column":41}},"21":{"start":{"line":27,"column":6},"end":{"line":27,"column":39}},"22":{"start":{"line":27,"column":21},"end":{"line":27,"column":39}},"23":{"start":{"line":34,"column":6},"end":{"line":39,"column":8}},"24":{"start":{"line":35,"column":8},"end":{"line":38,"column":20}},"25":{"start":{"line":37,"column":23},"end":{"line":37,"column":39}},"26":{"start":{"line":40,"column":6},"end":{"line":40,"column":31}},"27":{"start":{"line":41,"column":6},"end":{"line":41,"column":57}},"28":{"start":{"line":43,"column":6},"end":{"line":43,"column":13}},"29":{"start":{"line":45,"column":6},"end":{"line":45,"column":18}},"30":{"start":{"line":49,"column":0},"end":{"line":49,"column":34}}},"fnMap":{"0":{"name":"checkIngredients","decl":{"start":{"line":5,"column":15},"end":{"line":5,"column":31}},"loc":{"start":{"line":5,"column":48},"end":{"line":48,"column":1}},"line":5},"1":{"name":"(anonymous_1)","decl":{"start":{"line":13,"column":21},"end":{"line":13,"column":22}},"loc":{"start":{"line":13,"column":33},"end":{"line":22,"column":7}},"line":13},"2":{"name":"(anonymous_2)","decl":{"start":{"line":15,"column":37},"end":{"line":15,"column":38}},"loc":{"start":{"line":15,"column":60},"end":{"line":20,"column":11}},"line":15},"3":{"name":"(anonymous_3)","decl":{"start":{"line":34,"column":39},"end":{"line":34,"column":40}},"loc":{"start":{"line":35,"column":8},"end":{"line":38,"column":20}},"line":35},"4":{"name":"(anonymous_4)","decl":{"start":{"line":37,"column":15},"end":{"line":37,"column":16}},"loc":{"start":{"line":37,"column":23},"end":{"line":37,"column":39}},"line":37}},"branchMap":{"0":{"loc":{"start":{"line":8,"column":2},"end":{"line":47,"column":3}},"type":"if","locations":[{"start":{"line":8,"column":2},"end":{"line":47,"column":3}},{"start":{"line":8,"column":2},"end":{"line":47,"column":3}}],"line":8},"1":{"loc":{"start":{"line":14,"column":8},"end":{"line":21,"column":9}},"type":"if","locations":[{"start":{"line":14,"column":8},"end":{"line":21,"column":9}},{"start":{"line":14,"column":8},"end":{"line":21,"column":9}}],"line":14},"2":{"loc":{"start":{"line":16,"column":12},"end":{"line":19,"column":13}},"type":"if","locations":[{"start":{"line":16,"column":12},"end":{"line":19,"column":13}},{"start":{"line":16,"column":12},"end":{"line":19,"column":13}}],"line":16},"3":{"loc":{"start":{"line":24,"column":6},"end":{"line":24,"column":37}},"type":"if","locations":[{"start":{"line":24,"column":6},"end":{"line":24,"column":37}},{"start":{"line":24,"column":6},"end":{"line":24,"column":37}}],"line":24},"4":{"loc":{"start":{"line":25,"column":6},"end":{"line":25,"column":52}},"type":"if","locations":[{"start":{"line":25,"column":6},"end":{"line":25,"column":52}},{"start":{"line":25,"column":6},"end":{"line":25,"column":52}}],"line":25},"5":{"loc":{"start":{"line":25,"column":10},"end":{"line":25,"column":34}},"type":"binary-expr","locations":[{"start":{"line":25,"column":10},"end":{"line":25,"column":20}},{"start":{"line":25,"column":24},"end":{"line":25,"column":34}}],"line":25},"6":{"loc":{"start":{"line":26,"column":6},"end":{"line":26,"column":41}},"type":"if","locations":[{"start":{"line":26,"column":6},"end":{"line":26,"column":41}},{"start":{"line":26,"column":6},"end":{"line":26,"column":41}}],"line":26},"7":{"loc":{"start":{"line":27,"column":6},"end":{"line":27,"column":39}},"type":"if","locations":[{"start":{"line":27,"column":6},"end":{"line":27,"column":39}},{"start":{"line":27,"column":6},"end":{"line":27,"column":39}}],"line":27}},"s":{"0":7,"1":7,"2":10,"3":10,"4":10,"5":10,"6":10,"7":10,"8":10,"9":10,"10":30,"11":30,"12":0,"13":0,"14":0,"15":10,"16":10,"17":10,"18":0,"19":10,"20":0,"21":10,"22":0,"23":10,"24":30,"25":120,"26":10,"27":10,"28":10,"29":0,"30":7},"f":{"0":10,"1":30,"2":0,"3":30,"4":120},"b":{"0":[10,0],"1":[30,0],"2":[0,0],"3":[10,0],"4":[0,10],"5":[10,10],"6":[0,10],"7":[0,10]},"_coverageSchema":"1a1c01bbd47fc00a2c39e90264f33305004495a9","hash":"c2dfe3fb4e43433defe7394e3a1c2458a872f534"}
,"/home/dita/h8/eco-mmerce-project/server/middlewares/cloudVision.js": {"path":"/home/dita/h8/eco-mmerce-project/server/middlewares/cloudVision.js","statementMap":{"0":{"start":{"line":3,"column":17},"end":{"line":3,"column":48}},"1":{"start":{"line":5,"column":18},"end":{"line":5,"column":51}},"2":{"start":{"line":6,"column":2},"end":{"line":53,"column":3}},"3":{"start":{"line":9,"column":4},"end":{"line":49,"column":5}},"4":{"start":{"line":10,"column":23},"end":{"line":12,"column":7}},"5":{"start":{"line":13,"column":20},"end":{"line":13,"column":42}},"6":{"start":{"line":14,"column":20},"end":{"line":14,"column":25}},"7":{"start":{"line":15,"column":19},"end":{"line":15,"column":21}},"8":{"start":{"line":17,"column":6},"end":{"line":36,"column":9}},"9":{"start":{"line":18,"column":8},"end":{"line":35,"column":9}},"10":{"start":{"line":19,"column":10},"end":{"line":27,"column":11}},"11":{"start":{"line":26,"column":12},"end":{"line":26,"column":27}},"12":{"start":{"line":29,"column":10},"end":{"line":34,"column":11}},"13":{"start":{"line":30,"column":12},"end":{"line":30,"column":45}},"14":{"start":{"line":31,"column":12},"end":{"line":33,"column":13}},"15":{"start":{"line":32,"column":14},"end":{"line":32,"column":30}},"16":{"start":{"line":38,"column":6},"end":{"line":48,"column":7}},"17":{"start":{"line":39,"column":18},"end":{"line":39,"column":29}},"18":{"start":{"line":40,"column":8},"end":{"line":40,"column":33}},"19":{"start":{"line":41,"column":8},"end":{"line":41,"column":68}},"20":{"start":{"line":42,"column":8},"end":{"line":42,"column":18}},"21":{"start":{"line":44,"column":8},"end":{"line":44,"column":50}},"22":{"start":{"line":45,"column":8},"end":{"line":45,"column":60}},"23":{"start":{"line":46,"column":8},"end":{"line":46,"column":28}},"24":{"start":{"line":47,"column":8},"end":{"line":47,"column":15}},"25":{"start":{"line":52,"column":4},"end":{"line":52,"column":16}},"26":{"start":{"line":56,"column":0},"end":{"line":56,"column":35}}},"fnMap":{"0":{"name":"detectIngredients","decl":{"start":{"line":1,"column":15},"end":{"line":1,"column":32}},"loc":{"start":{"line":1,"column":49},"end":{"line":54,"column":1}},"line":1},"1":{"name":"(anonymous_1)","decl":{"start":{"line":17,"column":20},"end":{"line":17,"column":21}},"loc":{"start":{"line":17,"column":33},"end":{"line":36,"column":7}},"line":17}},"branchMap":{"0":{"loc":{"start":{"line":9,"column":4},"end":{"line":49,"column":5}},"type":"if","locations":[{"start":{"line":9,"column":4},"end":{"line":49,"column":5}},{"start":{"line":9,"column":4},"end":{"line":49,"column":5}}],"line":9},"1":{"loc":{"start":{"line":18,"column":8},"end":{"line":35,"column":9}},"type":"if","locations":[{"start":{"line":18,"column":8},"end":{"line":35,"column":9}},{"start":{"line":18,"column":8},"end":{"line":35,"column":9}}],"line":18},"2":{"loc":{"start":{"line":19,"column":10},"end":{"line":27,"column":11}},"type":"if","locations":[{"start":{"line":19,"column":10},"end":{"line":27,"column":11}},{"start":{"line":19,"column":10},"end":{"line":27,"column":11}}],"line":19},"3":{"loc":{"start":{"line":20,"column":12},"end":{"line":24,"column":64}},"type":"binary-expr","locations":[{"start":{"line":20,"column":12},"end":{"line":20,"column":65}},{"start":{"line":21,"column":12},"end":{"line":21,"column":66}},{"start":{"line":22,"column":12},"end":{"line":22,"column":66}},{"start":{"line":23,"column":12},"end":{"line":23,"column":67}},{"start":{"line":24,"column":12},"end":{"line":24,"column":64}}],"line":20},"4":{"loc":{"start":{"line":29,"column":10},"end":{"line":34,"column":11}},"type":"if","locations":[{"start":{"line":29,"column":10},"end":{"line":34,"column":11}},{"start":{"line":29,"column":10},"end":{"line":34,"column":11}}],"line":29},"5":{"loc":{"start":{"line":31,"column":12},"end":{"line":33,"column":13}},"type":"if","locations":[{"start":{"line":31,"column":12},"end":{"line":33,"column":13}},{"start":{"line":31,"column":12},"end":{"line":33,"column":13}}],"line":31},"6":{"loc":{"start":{"line":38,"column":6},"end":{"line":48,"column":7}},"type":"if","locations":[{"start":{"line":38,"column":6},"end":{"line":48,"column":7}},{"start":{"line":38,"column":6},"end":{"line":48,"column":7}}],"line":38}},"s":{"0":11,"1":11,"2":11,"3":11,"4":11,"5":11,"6":11,"7":11,"8":11,"9":1169,"10":1158,"11":10,"12":1158,"13":120,"14":120,"15":10,"16":11,"17":1,"18":1,"19":1,"20":1,"21":10,"22":10,"23":10,"24":10,"25":0,"26":7},"f":{"0":11,"1":1169},"b":{"0":[11,0],"1":[1158,11],"2":[10,1148],"3":[1158,1158,1158,1158,1158],"4":[120,1038],"5":[10,110],"6":[1,10]},"_coverageSchema":"1a1c01bbd47fc00a2c39e90264f33305004495a9","hash":"8b59afd92116369bb778880d71011d16f436bca0"}
,"/home/dita/h8/eco-mmerce-project/server/middlewares/errorHandler.js": {"path":"/home/dita/h8/eco-mmerce-project/server/middlewares/errorHandler.js","statementMap":{"0":{"start":{"line":1,"column":18},"end":{"line":3,"column":1}},"1":{"start":{"line":7,"column":2},"end":{"line":9,"column":3}},"2":{"start":{"line":8,"column":4},"end":{"line":8,"column":21}},"3":{"start":{"line":11,"column":2},"end":{"line":40,"column":3}},"4":{"start":{"line":13,"column":6},"end":{"line":13,"column":53}},"5":{"start":{"line":14,"column":6},"end":{"line":14,"column":12}},"6":{"start":{"line":16,"column":6},"end":{"line":16,"column":53}},"7":{"start":{"line":17,"column":6},"end":{"line":17,"column":12}},"8":{"start":{"line":19,"column":6},"end":{"line":19,"column":53}},"9":{"start":{"line":20,"column":6},"end":{"line":20,"column":12}},"10":{"start":{"line":22,"column":6},"end":{"line":22,"column":53}},"11":{"start":{"line":23,"column":6},"end":{"line":23,"column":12}},"12":{"start":{"line":25,"column":6},"end":{"line":25,"column":64}},"13":{"start":{"line":26,"column":6},"end":{"line":26,"column":12}},"14":{"start":{"line":28,"column":26},"end":{"line":30,"column":8}},"15":{"start":{"line":29,"column":8},"end":{"line":29,"column":29}},"16":{"start":{"line":32,"column":26},"end":{"line":32,"column":48}},"17":{"start":{"line":34,"column":6},"end":{"line":34,"column":53}},"18":{"start":{"line":35,"column":6},"end":{"line":35,"column":12}},"19":{"start":{"line":37,"column":6},"end":{"line":37,"column":38}},"20":{"start":{"line":39,"column":6},"end":{"line":39,"column":12}},"21":{"start":{"line":43,"column":0},"end":{"line":43,"column":30}}},"fnMap":{"0":{"name":"errorHandler","decl":{"start":{"line":5,"column":9},"end":{"line":5,"column":21}},"loc":{"start":{"line":5,"column":43},"end":{"line":41,"column":1}},"line":5},"1":{"name":"(anonymous_1)","decl":{"start":{"line":28,"column":41},"end":{"line":28,"column":42}},"loc":{"start":{"line":28,"column":52},"end":{"line":30,"column":7}},"line":28}},"branchMap":{"0":{"loc":{"start":{"line":7,"column":2},"end":{"line":9,"column":3}},"type":"if","locations":[{"start":{"line":7,"column":2},"end":{"line":9,"column":3}},{"start":{"line":7,"column":2},"end":{"line":9,"column":3}}],"line":7},"1":{"loc":{"start":{"line":11,"column":2},"end":{"line":40,"column":3}},"type":"switch","locations":[{"start":{"line":12,"column":4},"end":{"line":14,"column":12}},{"start":{"line":15,"column":4},"end":{"line":17,"column":12}},{"start":{"line":18,"column":4},"end":{"line":20,"column":12}},{"start":{"line":21,"column":4},"end":{"line":23,"column":12}},{"start":{"line":24,"column":4},"end":{"line":26,"column":12}},{"start":{"line":27,"column":4},"end":{"line":35,"column":12}},{"start":{"line":36,"column":4},"end":{"line":39,"column":12}}],"line":11}},"s":{"0":7,"1":50,"2":0,"3":50,"4":6,"5":6,"6":2,"7":2,"8":12,"9":12,"10":4,"11":4,"12":2,"13":2,"14":24,"15":26,"16":24,"17":24,"18":24,"19":0,"20":0,"21":7},"f":{"0":50,"1":26},"b":{"0":[0,50],"1":[6,2,12,4,2,24,0]},"_coverageSchema":"1a1c01bbd47fc00a2c39e90264f33305004495a9","hash":"350dd62f52a9f6472f041e6bfc67b9224f2e98f1"}
,"/home/dita/h8/eco-mmerce-project/server/middlewares/imagekit.js": {"path":"/home/dita/h8/eco-mmerce-project/server/middlewares/imagekit.js","statementMap":{"0":{"start":{"line":1,"column":17},"end":{"line":1,"column":37}},"1":{"start":{"line":2,"column":20},"end":{"line":2,"column":47}},"2":{"start":{"line":3,"column":16},"end":{"line":3,"column":45}},"3":{"start":{"line":7,"column":2},"end":{"line":47,"column":3}},"4":{"start":{"line":11,"column":4},"end":{"line":43,"column":5}},"5":{"start":{"line":12,"column":23},"end":{"line":12,"column":43}},"6":{"start":{"line":13,"column":19},"end":{"line":13,"column":33}},"7":{"start":{"line":14,"column":6},"end":{"line":14,"column":62}},"8":{"start":{"line":15,"column":6},"end":{"line":15,"column":40}},"9":{"start":{"line":17,"column":23},"end":{"line":21,"column":8}},"10":{"start":{"line":23,"column":6},"end":{"line":23,"column":37}},"11":{"start":{"line":24,"column":6},"end":{"line":24,"column":13}},"12":{"start":{"line":25,"column":11},"end":{"line":43,"column":5}},"13":{"start":{"line":27,"column":23},"end":{"line":27,"column":43}},"14":{"start":{"line":28,"column":19},"end":{"line":28,"column":33}},"15":{"start":{"line":29,"column":6},"end":{"line":29,"column":72}},"16":{"start":{"line":30,"column":6},"end":{"line":30,"column":40}},"17":{"start":{"line":32,"column":23},"end":{"line":36,"column":8}},"18":{"start":{"line":38,"column":6},"end":{"line":38,"column":43}},"19":{"start":{"line":39,"column":6},"end":{"line":39,"column":13}},"20":{"start":{"line":42,"column":6},"end":{"line":42,"column":13}},"21":{"start":{"line":46,"column":4},"end":{"line":46,"column":14}},"22":{"start":{"line":50,"column":0},"end":{"line":50,"column":29}}},"fnMap":{"0":{"name":"uploadImage","decl":{"start":{"line":5,"column":15},"end":{"line":5,"column":26}},"loc":{"start":{"line":5,"column":43},"end":{"line":48,"column":1}},"line":5}},"branchMap":{"0":{"loc":{"start":{"line":11,"column":4},"end":{"line":43,"column":5}},"type":"if","locations":[{"start":{"line":11,"column":4},"end":{"line":43,"column":5}},{"start":{"line":11,"column":4},"end":{"line":43,"column":5}}],"line":11},"1":{"loc":{"start":{"line":25,"column":11},"end":{"line":43,"column":5}},"type":"if","locations":[{"start":{"line":25,"column":11},"end":{"line":43,"column":5}},{"start":{"line":25,"column":11},"end":{"line":43,"column":5}}],"line":25},"2":{"loc":{"start":{"line":25,"column":15},"end":{"line":25,"column":57}},"type":"binary-expr","locations":[{"start":{"line":25,"column":15},"end":{"line":25,"column":38}},{"start":{"line":25,"column":42},"end":{"line":25,"column":57}}],"line":25}},"s":{"0":7,"1":7,"2":7,"3":23,"4":23,"5":0,"6":0,"7":0,"8":0,"9":0,"10":0,"11":0,"12":23,"13":8,"14":8,"15":8,"16":8,"17":8,"18":8,"19":8,"20":15,"21":0,"22":7},"f":{"0":23},"b":{"0":[0,23],"1":[8,15],"2":[23,9]},"_coverageSchema":"1a1c01bbd47fc00a2c39e90264f33305004495a9","hash":"642fc2c1acaf8a1a749dccd7080c110222906444"}
,"/home/dita/h8/eco-mmerce-project/server/middlewares/multer.js": {"path":"/home/dita/h8/eco-mmerce-project/server/middlewares/multer.js","statementMap":{"0":{"start":{"line":1,"column":15},"end":{"line":1,"column":32}},"1":{"start":{"line":2,"column":15},"end":{"line":14,"column":2}},"2":{"start":{"line":5,"column":4},"end":{"line":12,"column":5}},"3":{"start":{"line":6,"column":6},"end":{"line":6,"column":21}},"4":{"start":{"line":8,"column":20},"end":{"line":8,"column":31}},"5":{"start":{"line":9,"column":6},"end":{"line":9,"column":33}},"6":{"start":{"line":10,"column":6},"end":{"line":10,"column":45}},"7":{"start":{"line":11,"column":6},"end":{"line":11,"column":23}},"8":{"start":{"line":16,"column":0},"end":{"line":16,"column":24}}},"fnMap":{"0":{"name":"(anonymous_0)","decl":{"start":{"line":3,"column":2},"end":{"line":3,"column":3}},"loc":{"start":{"line":3,"column":28},"end":{"line":13,"column":3}},"line":3}},"branchMap":{"0":{"loc":{"start":{"line":5,"column":4},"end":{"line":12,"column":5}},"type":"if","locations":[{"start":{"line":5,"column":4},"end":{"line":12,"column":5}},{"start":{"line":5,"column":4},"end":{"line":12,"column":5}}],"line":5}},"s":{"0":7,"1":7,"2":21,"3":20,"4":1,"5":1,"6":1,"7":1,"8":7},"f":{"0":21},"b":{"0":[20,1]},"_coverageSchema":"1a1c01bbd47fc00a2c39e90264f33305004495a9","hash":"c528724bea3de5767f9dfd543ee3ffda23d01aaa"}
,"/home/dita/h8/eco-mmerce-project/server/models/brand.js": {"path":"/home/dita/h8/eco-mmerce-project/server/models/brand.js","statementMap":{"0":{"start":{"line":2,"column":18},"end":{"line":2,"column":38}},"1":{"start":{"line":3,"column":10},"end":{"line":3,"column":27}},"2":{"start":{"line":4,"column":0},"end":{"line":39,"column":2}},"3":{"start":{"line":7,"column":6},"end":{"line":10,"column":9}},"4":{"start":{"line":13,"column":2},"end":{"line":37,"column":4}},"5":{"start":{"line":30,"column":10},"end":{"line":33,"column":23}},"6":{"start":{"line":32,"column":25},"end":{"line":32,"column":41}},"7":{"start":{"line":38,"column":2},"end":{"line":38,"column":15}}},"fnMap":{"0":{"name":"(anonymous_0)","decl":{"start":{"line":4,"column":17},"end":{"line":4,"column":18}},"loc":{"start":{"line":4,"column":43},"end":{"line":39,"column":1}},"line":4},"1":{"name":"(anonymous_1)","decl":{"start":{"line":6,"column":4},"end":{"line":6,"column":5}},"loc":{"start":{"line":6,"column":29},"end":{"line":11,"column":5}},"line":6},"2":{"name":"(anonymous_2)","decl":{"start":{"line":29,"column":22},"end":{"line":29,"column":23}},"loc":{"start":{"line":29,"column":33},"end":{"line":34,"column":9}},"line":29},"3":{"name":"(anonymous_3)","decl":{"start":{"line":32,"column":17},"end":{"line":32,"column":18}},"loc":{"start":{"line":32,"column":25},"end":{"line":32,"column":41}},"line":32}},"branchMap":{},"s":{"0":8,"1":8,"2":8,"3":8,"4":8,"5":4,"6":4,"7":8},"f":{"0":8,"1":8,"2":4,"3":4},"b":{},"_coverageSchema":"1a1c01bbd47fc00a2c39e90264f33305004495a9","hash":"2d183c5fe1f183bc963275e18160f5aa172d4e89"}
,"/home/dita/h8/eco-mmerce-project/server/models/cart.js": {"path":"/home/dita/h8/eco-mmerce-project/server/models/cart.js","statementMap":{"0":{"start":{"line":2,"column":18},"end":{"line":2,"column":38}},"1":{"start":{"line":3,"column":0},"end":{"line":27,"column":2}},"2":{"start":{"line":6,"column":6},"end":{"line":6,"column":41}},"3":{"start":{"line":7,"column":6},"end":{"line":7,"column":44}},"4":{"start":{"line":10,"column":2},"end":{"line":25,"column":4}},"5":{"start":{"line":26,"column":2},"end":{"line":26,"column":14}}},"fnMap":{"0":{"name":"(anonymous_0)","decl":{"start":{"line":3,"column":17},"end":{"line":3,"column":18}},"loc":{"start":{"line":3,"column":43},"end":{"line":27,"column":1}},"line":3},"1":{"name":"(anonymous_1)","decl":{"start":{"line":5,"column":4},"end":{"line":5,"column":5}},"loc":{"start":{"line":5,"column":29},"end":{"line":8,"column":5}},"line":5}},"branchMap":{},"s":{"0":8,"1":8,"2":8,"3":8,"4":8,"5":8},"f":{"0":8,"1":8},"b":{},"_coverageSchema":"1a1c01bbd47fc00a2c39e90264f33305004495a9","hash":"220aafe5da60f5b40c31b97f76d8a695ab2276b6"}
,"/home/dita/h8/eco-mmerce-project/server/models/category.js": {"path":"/home/dita/h8/eco-mmerce-project/server/models/category.js","statementMap":{"0":{"start":{"line":2,"column":18},"end":{"line":2,"column":38}},"1":{"start":{"line":3,"column":0},"end":{"line":27,"column":2}},"2":{"start":{"line":6,"column":6},"end":{"line":6,"column":68}},"3":{"start":{"line":9,"column":2},"end":{"line":25,"column":4}},"4":{"start":{"line":26,"column":2},"end":{"line":26,"column":18}}},"fnMap":{"0":{"name":"(anonymous_0)","decl":{"start":{"line":3,"column":17},"end":{"line":3,"column":18}},"loc":{"start":{"line":3,"column":43},"end":{"line":27,"column":1}},"line":3},"1":{"name":"(anonymous_1)","decl":{"start":{"line":5,"column":4},"end":{"line":5,"column":5}},"loc":{"start":{"line":5,"column":29},"end":{"line":7,"column":5}},"line":5}},"branchMap":{},"s":{"0":8,"1":8,"2":8,"3":8,"4":8},"f":{"0":8,"1":8},"b":{},"_coverageSchema":"1a1c01bbd47fc00a2c39e90264f33305004495a9","hash":"45de5854dce56104b53523316f52b9fcc0802189"}
,"/home/dita/h8/eco-mmerce-project/server/models/chat.js": {"path":"/home/dita/h8/eco-mmerce-project/server/models/chat.js","statementMap":{"0":{"start":{"line":2,"column":18},"end":{"line":2,"column":38}},"1":{"start":{"line":3,"column":0},"end":{"line":34,"column":2}},"2":{"start":{"line":6,"column":6},"end":{"line":6,"column":68}},"3":{"start":{"line":9,"column":2},"end":{"line":32,"column":4}},"4":{"start":{"line":33,"column":2},"end":{"line":33,"column":14}}},"fnMap":{"0":{"name":"(anonymous_0)","decl":{"start":{"line":3,"column":17},"end":{"line":3,"column":18}},"loc":{"start":{"line":3,"column":43},"end":{"line":34,"column":1}},"line":3},"1":{"name":"(anonymous_1)","decl":{"start":{"line":5,"column":4},"end":{"line":5,"column":5}},"loc":{"start":{"line":5,"column":29},"end":{"line":7,"column":5}},"line":5}},"branchMap":{},"s":{"0":8,"1":8,"2":8,"3":8,"4":8},"f":{"0":8,"1":8},"b":{},"_coverageSchema":"1a1c01bbd47fc00a2c39e90264f33305004495a9","hash":"4eab80362bfcc41f8ab46c825d8c08fc3ff4e253"}
,"/home/dita/h8/eco-mmerce-project/server/models/harmfulingridient.js": {"path":"/home/dita/h8/eco-mmerce-project/server/models/harmfulingridient.js","statementMap":{"0":{"start":{"line":2,"column":18},"end":{"line":2,"column":38}},"1":{"start":{"line":3,"column":0},"end":{"line":25,"column":2}},"2":{"start":{"line":7,"column":2},"end":{"line":23,"column":4}},"3":{"start":{"line":17,"column":10},"end":{"line":17,"column":58}},"4":{"start":{"line":24,"column":2},"end":{"line":24,"column":27}}},"fnMap":{"0":{"name":"(anonymous_0)","decl":{"start":{"line":3,"column":17},"end":{"line":3,"column":18}},"loc":{"start":{"line":3,"column":43},"end":{"line":25,"column":1}},"line":3},"1":{"name":"(anonymous_1)","decl":{"start":{"line":5,"column":4},"end":{"line":5,"column":5}},"loc":{"start":{"line":5,"column":29},"end":{"line":5,"column":31}},"line":5},"2":{"name":"(anonymous_2)","decl":{"start":{"line":16,"column":22},"end":{"line":16,"column":23}},"loc":{"start":{"line":16,"column":41},"end":{"line":18,"column":9}},"line":16}},"branchMap":{},"s":{"0":8,"1":8,"2":8,"3":0,"4":8},"f":{"0":8,"1":8,"2":0},"b":{},"_coverageSchema":"1a1c01bbd47fc00a2c39e90264f33305004495a9","hash":"bf291fa8b696ab4e49dc63d90d9d57b429d10550"}
,"/home/dita/h8/eco-mmerce-project/server/models/history.js": {"path":"/home/dita/h8/eco-mmerce-project/server/models/history.js","statementMap":{"0":{"start":{"line":2,"column":18},"end":{"line":2,"column":38}},"1":{"start":{"line":3,"column":0},"end":{"line":21,"column":2}},"2":{"start":{"line":6,"column":6},"end":{"line":6,"column":44}},"3":{"start":{"line":7,"column":6},"end":{"line":7,"column":47}},"4":{"start":{"line":10,"column":2},"end":{"line":19,"column":4}},"5":{"start":{"line":20,"column":2},"end":{"line":20,"column":17}}},"fnMap":{"0":{"name":"(anonymous_0)","decl":{"start":{"line":3,"column":17},"end":{"line":3,"column":18}},"loc":{"start":{"line":3,"column":43},"end":{"line":21,"column":1}},"line":3},"1":{"name":"(anonymous_1)","decl":{"start":{"line":5,"column":4},"end":{"line":5,"column":5}},"loc":{"start":{"line":5,"column":29},"end":{"line":8,"column":5}},"line":5}},"branchMap":{},"s":{"0":8,"1":8,"2":8,"3":8,"4":8,"5":8},"f":{"0":8,"1":8},"b":{},"_coverageSchema":"1a1c01bbd47fc00a2c39e90264f33305004495a9","hash":"b58f062986e63c0bc4e5318862781ae613e115ad"}
,"/home/dita/h8/eco-mmerce-project/server/models/index.js": {"path":"/home/dita/h8/eco-mmerce-project/server/models/index.js","statementMap":{"0":{"start":{"line":3,"column":11},"end":{"line":3,"column":24}},"1":{"start":{"line":4,"column":13},"end":{"line":4,"column":28}},"2":{"start":{"line":5,"column":18},"end":{"line":5,"column":38}},"3":{"start":{"line":6,"column":17},"end":{"line":6,"column":42}},"4":{"start":{"line":7,"column":12},"end":{"line":7,"column":49}},"5":{"start":{"line":8,"column":15},"end":{"line":8,"column":65}},"6":{"start":{"line":9,"column":11},"end":{"line":9,"column":13}},"7":{"start":{"line":12,"column":0},"end":{"line":16,"column":1}},"8":{"start":{"line":13,"column":2},"end":{"line":13,"column":74}},"9":{"start":{"line":15,"column":2},"end":{"line":15,"column":87}},"10":{"start":{"line":18,"column":0},"end":{"line":26,"column":5}},"11":{"start":{"line":21,"column":4},"end":{"line":21,"column":90}},"12":{"start":{"line":24,"column":18},"end":{"line":24,"column":85}},"13":{"start":{"line":25,"column":4},"end":{"line":25,"column":27}},"14":{"start":{"line":28,"column":0},"end":{"line":32,"column":3}},"15":{"start":{"line":29,"column":2},"end":{"line":31,"column":3}},"16":{"start":{"line":30,"column":4},"end":{"line":30,"column":32}},"17":{"start":{"line":34,"column":0},"end":{"line":34,"column":25}},"18":{"start":{"line":35,"column":0},"end":{"line":35,"column":25}},"19":{"start":{"line":37,"column":0},"end":{"line":37,"column":20}}},"fnMap":{"0":{"name":"(anonymous_0)","decl":{"start":{"line":20,"column":10},"end":{"line":20,"column":11}},"loc":{"start":{"line":20,"column":18},"end":{"line":22,"column":3}},"line":20},"1":{"name":"(anonymous_1)","decl":{"start":{"line":23,"column":11},"end":{"line":23,"column":12}},"loc":{"start":{"line":23,"column":19},"end":{"line":26,"column":3}},"line":23},"2":{"name":"(anonymous_2)","decl":{"start":{"line":28,"column":24},"end":{"line":28,"column":25}},"loc":{"start":{"line":28,"column":37},"end":{"line":32,"column":1}},"line":28}},"branchMap":{"0":{"loc":{"start":{"line":7,"column":12},"end":{"line":7,"column":49}},"type":"binary-expr","locations":[{"start":{"line":7,"column":12},"end":{"line":7,"column":32}},{"start":{"line":7,"column":36},"end":{"line":7,"column":49}}],"line":7},"1":{"loc":{"start":{"line":12,"column":0},"end":{"line":16,"column":1}},"type":"if","locations":[{"start":{"line":12,"column":0},"end":{"line":16,"column":1}},{"start":{"line":12,"column":0},"end":{"line":16,"column":1}}],"line":12},"2":{"loc":{"start":{"line":21,"column":11},"end":{"line":21,"column":89}},"type":"binary-expr","locations":[{"start":{"line":21,"column":12},"end":{"line":21,"column":35}},{"start":{"line":21,"column":41},"end":{"line":21,"column":58}},{"start":{"line":21,"column":64},"end":{"line":21,"column":88}}],"line":21},"3":{"loc":{"start":{"line":29,"column":2},"end":{"line":31,"column":3}},"type":"if","locations":[{"start":{"line":29,"column":2},"end":{"line":31,"column":3}},{"start":{"line":29,"column":2},"end":{"line":31,"column":3}}],"line":29}},"s":{"0":8,"1":8,"2":8,"3":8,"4":8,"5":8,"6":8,"7":8,"8":0,"9":8,"10":8,"11":96,"12":88,"13":88,"14":8,"15":88,"16":88,"17":8,"18":8,"19":8},"f":{"0":96,"1":88,"2":88},"b":{"0":[8,0],"1":[0,8],"2":[96,96,88],"3":[88,0]},"_coverageSchema":"1a1c01bbd47fc00a2c39e90264f33305004495a9","hash":"d5e99a7bcbc232c2fdf68abca393364f5b6a4601"}
,"/home/dita/h8/eco-mmerce-project/server/models/product.js": {"path":"/home/dita/h8/eco-mmerce-project/server/models/product.js","statementMap":{"0":{"start":{"line":2,"column":18},"end":{"line":2,"column":38}},"1":{"start":{"line":3,"column":0},"end":{"line":131,"column":2}},"2":{"start":{"line":6,"column":6},"end":{"line":8,"column":9}},"3":{"start":{"line":10,"column":6},"end":{"line":12,"column":9}},"4":{"start":{"line":14,"column":6},"end":{"line":16,"column":9}},"5":{"start":{"line":17,"column":6},"end":{"line":17,"column":50}},"6":{"start":{"line":19,"column":6},"end":{"line":21,"column":9}},"7":{"start":{"line":23,"column":6},"end":{"line":23,"column":42}},"8":{"start":{"line":25,"column":6},"end":{"line":25,"column":45}},"9":{"start":{"line":28,"column":2},"end":{"line":129,"column":4}},"10":{"start":{"line":130,"column":2},"end":{"line":130,"column":17}}},"fnMap":{"0":{"name":"(anonymous_0)","decl":{"start":{"line":3,"column":17},"end":{"line":3,"column":18}},"loc":{"start":{"line":3,"column":43},"end":{"line":131,"column":1}},"line":3},"1":{"name":"(anonymous_1)","decl":{"start":{"line":5,"column":4},"end":{"line":5,"column":5}},"loc":{"start":{"line":5,"column":29},"end":{"line":26,"column":5}},"line":5}},"branchMap":{},"s":{"0":8,"1":8,"2":8,"3":8,"4":8,"5":8,"6":8,"7":8,"8":8,"9":8,"10":8},"f":{"0":8,"1":8},"b":{},"_coverageSchema":"1a1c01bbd47fc00a2c39e90264f33305004495a9","hash":"d927bc5046be92089671736283ace9d260042779"}
,"/home/dita/h8/eco-mmerce-project/server/models/productsbrand.js": {"path":"/home/dita/h8/eco-mmerce-project/server/models/productsbrand.js","statementMap":{"0":{"start":{"line":2,"column":18},"end":{"line":2,"column":38}},"1":{"start":{"line":3,"column":0},"end":{"line":34,"column":2}},"2":{"start":{"line":7,"column":2},"end":{"line":32,"column":4}},"3":{"start":{"line":33,"column":2},"end":{"line":33,"column":23}}},"fnMap":{"0":{"name":"(anonymous_0)","decl":{"start":{"line":3,"column":17},"end":{"line":3,"column":18}},"loc":{"start":{"line":3,"column":43},"end":{"line":34,"column":1}},"line":3},"1":{"name":"(anonymous_1)","decl":{"start":{"line":5,"column":4},"end":{"line":5,"column":5}},"loc":{"start":{"line":5,"column":29},"end":{"line":5,"column":31}},"line":5}},"branchMap":{},"s":{"0":8,"1":8,"2":8,"3":8},"f":{"0":8,"1":8},"b":{},"_coverageSchema":"1a1c01bbd47fc00a2c39e90264f33305004495a9","hash":"79899759eb9e3cd8a45631b8881173a033310e3a"}
,"/home/dita/h8/eco-mmerce-project/server/models/transaction.js": {"path":"/home/dita/h8/eco-mmerce-project/server/models/transaction.js","statementMap":{"0":{"start":{"line":2,"column":18},"end":{"line":2,"column":38}},"1":{"start":{"line":3,"column":0},"end":{"line":48,"column":2}},"2":{"start":{"line":14,"column":2},"end":{"line":46,"column":4}},"3":{"start":{"line":47,"column":2},"end":{"line":47,"column":21}}},"fnMap":{"0":{"name":"(anonymous_0)","decl":{"start":{"line":3,"column":17},"end":{"line":3,"column":18}},"loc":{"start":{"line":3,"column":43},"end":{"line":48,"column":1}},"line":3},"1":{"name":"(anonymous_1)","decl":{"start":{"line":10,"column":4},"end":{"line":10,"column":5}},"loc":{"start":{"line":10,"column":29},"end":{"line":12,"column":5}},"line":10}},"branchMap":{},"s":{"0":8,"1":8,"2":8,"3":8},"f":{"0":8,"1":8},"b":{},"_coverageSchema":"1a1c01bbd47fc00a2c39e90264f33305004495a9","hash":"5499936649b97a90d7bcf6d637824f795da0de20"}
,"/home/dita/h8/eco-mmerce-project/server/models/user.js": {"path":"/home/dita/h8/eco-mmerce-project/server/models/user.js","statementMap":{"0":{"start":{"line":2,"column":18},"end":{"line":2,"column":38}},"1":{"start":{"line":3,"column":25},"end":{"line":3,"column":53}},"2":{"start":{"line":4,"column":0},"end":{"line":94,"column":2}},"3":{"start":{"line":7,"column":6},"end":{"line":9,"column":9}},"4":{"start":{"line":10,"column":6},"end":{"line":10,"column":47}},"5":{"start":{"line":12,"column":6},"end":{"line":12,"column":66}},"6":{"start":{"line":14,"column":6},"end":{"line":16,"column":9}},"7":{"start":{"line":18,"column":6},"end":{"line":18,"column":39}},"8":{"start":{"line":20,"column":6},"end":{"line":20,"column":42}},"9":{"start":{"line":23,"column":2},"end":{"line":92,"column":4}},"10":{"start":{"line":83,"column":10},"end":{"line":87,"column":11}},"11":{"start":{"line":84,"column":12},"end":{"line":84,"column":51}},"12":{"start":{"line":85,"column":17},"end":{"line":87,"column":11}},"13":{"start":{"line":86,"column":12},"end":{"line":86,"column":51}},"14":{"start":{"line":88,"column":10},"end":{"line":88,"column":62}},"15":{"start":{"line":93,"column":2},"end":{"line":93,"column":14}}},"fnMap":{"0":{"name":"(anonymous_0)","decl":{"start":{"line":4,"column":17},"end":{"line":4,"column":18}},"loc":{"start":{"line":4,"column":43},"end":{"line":94,"column":1}},"line":4},"1":{"name":"(anonymous_1)","decl":{"start":{"line":6,"column":4},"end":{"line":6,"column":5}},"loc":{"start":{"line":6,"column":29},"end":{"line":21,"column":5}},"line":6},"2":{"name":"(anonymous_2)","decl":{"start":{"line":82,"column":8},"end":{"line":82,"column":9}},"loc":{"start":{"line":82,"column":40},"end":{"line":89,"column":9}},"line":82}},"branchMap":{"0":{"loc":{"start":{"line":83,"column":10},"end":{"line":87,"column":11}},"type":"if","locations":[{"start":{"line":83,"column":10},"end":{"line":87,"column":11}},{"start":{"line":83,"column":10},"end":{"line":87,"column":11}}],"line":83},"1":{"loc":{"start":{"line":85,"column":17},"end":{"line":87,"column":11}},"type":"if","locations":[{"start":{"line":85,"column":17},"end":{"line":87,"column":11}},{"start":{"line":85,"column":17},"end":{"line":87,"column":11}}],"line":85}},"s":{"0":8,"1":8,"2":8,"3":8,"4":8,"5":8,"6":8,"7":8,"8":8,"9":8,"10":11,"11":0,"12":11,"13":0,"14":11,"15":8},"f":{"0":8,"1":8,"2":11},"b":{"0":[0,11],"1":[0,11]},"_coverageSchema":"1a1c01bbd47fc00a2c39e90264f33305004495a9","hash":"f5b13cf3dfff2f504a24e86783d72ee9bf25f65b"}
,"/home/dita/h8/eco-mmerce-project/server/models/usersproduct.js": {"path":"/home/dita/h8/eco-mmerce-project/server/models/usersproduct.js","statementMap":{"0":{"start":{"line":2,"column":18},"end":{"line":2,"column":38}},"1":{"start":{"line":3,"column":0},"end":{"line":37,"column":2}},"2":{"start":{"line":6,"column":6},"end":{"line":6,"column":49}},"3":{"start":{"line":7,"column":6},"end":{"line":7,"column":52}},"4":{"start":{"line":10,"column":2},"end":{"line":35,"column":4}},"5":{"start":{"line":36,"column":2},"end":{"line":36,"column":22}}},"fnMap":{"0":{"name":"(anonymous_0)","decl":{"start":{"line":3,"column":17},"end":{"line":3,"column":18}},"loc":{"start":{"line":3,"column":43},"end":{"line":37,"column":1}},"line":3},"1":{"name":"(anonymous_1)","decl":{"start":{"line":5,"column":4},"end":{"line":5,"column":5}},"loc":{"start":{"line":5,"column":29},"end":{"line":8,"column":5}},"line":5}},"branchMap":{},"s":{"0":8,"1":8,"2":8,"3":8,"4":8,"5":8},"f":{"0":8,"1":8},"b":{},"_coverageSchema":"1a1c01bbd47fc00a2c39e90264f33305004495a9","hash":"2b608233a15c9c73d926b8bc96c63445ab3b1c06"}
,"/home/dita/h8/eco-mmerce-project/server/routes/brandRouter.js": {"path":"/home/dita/h8/eco-mmerce-project/server/routes/brandRouter.js","statementMap":{"0":{"start":{"line":1,"column":24},"end":{"line":1,"column":65}},"1":{"start":{"line":3,"column":15},"end":{"line":3,"column":42}},"2":{"start":{"line":5,"column":0},"end":{"line":5,"column":43}},"3":{"start":{"line":7,"column":0},"end":{"line":7,"column":24}}},"fnMap":{},"branchMap":{},"s":{"0":7,"1":7,"2":7,"3":7},"f":{},"b":{},"_coverageSchema":"1a1c01bbd47fc00a2c39e90264f33305004495a9","hash":"cbf5f2cb953ed69f736664c70e6bb3888f7a3862"}
,"/home/dita/h8/eco-mmerce-project/server/routes/buyerRouter.js": {"path":"/home/dita/h8/eco-mmerce-project/server/routes/buyerRouter.js","statementMap":{"0":{"start":{"line":1,"column":15},"end":{"line":1,"column":42}},"1":{"start":{"line":3,"column":24},"end":{"line":3,"column":68}},"2":{"start":{"line":4,"column":23},"end":{"line":4,"column":66}},"3":{"start":{"line":5,"column":31},"end":{"line":5,"column":73}},"4":{"start":{"line":6,"column":25},"end":{"line":6,"column":70}},"5":{"start":{"line":7,"column":26},"end":{"line":7,"column":66}},"6":{"start":{"line":8,"column":20},"end":{"line":8,"column":54}},"7":{"start":{"line":9,"column":15},"end":{"line":9,"column":47}},"8":{"start":{"line":12,"column":0},"end":{"line":12,"column":50}},"9":{"start":{"line":13,"column":0},"end":{"line":13,"column":63}},"10":{"start":{"line":14,"column":0},"end":{"line":19,"column":2}},"11":{"start":{"line":21,"column":0},"end":{"line":21,"column":53}},"12":{"start":{"line":22,"column":0},"end":{"line":22,"column":56}},"13":{"start":{"line":23,"column":0},"end":{"line":30,"column":2}},"14":{"start":{"line":33,"column":0},"end":{"line":33,"column":65}},"15":{"start":{"line":35,"column":0},"end":{"line":35,"column":27}},"16":{"start":{"line":36,"column":0},"end":{"line":36,"column":31}},"17":{"start":{"line":38,"column":0},"end":{"line":38,"column":47}},"18":{"start":{"line":39,"column":0},"end":{"line":39,"column":50}},"19":{"start":{"line":41,"column":0},"end":{"line":41,"column":52}},"20":{"start":{"line":42,"column":0},"end":{"line":42,"column":55}},"21":{"start":{"line":44,"column":0},"end":{"line":44,"column":57}},"22":{"start":{"line":46,"column":0},"end":{"line":46,"column":51}},"23":{"start":{"line":48,"column":0},"end":{"line":48,"column":24}}},"fnMap":{},"branchMap":{},"s":{"0":7,"1":7,"2":7,"3":7,"4":7,"5":7,"6":7,"7":7,"8":7,"9":7,"10":7,"11":7,"12":7,"13":7,"14":7,"15":7,"16":7,"17":7,"18":7,"19":7,"20":7,"21":7,"22":7,"23":7},"f":{},"b":{},"_coverageSchema":"1a1c01bbd47fc00a2c39e90264f33305004495a9","hash":"477af20d234c616bf77157defefceb5197ad3e8f"}
,"/home/dita/h8/eco-mmerce-project/server/routes/categoryRouter.js": {"path":"/home/dita/h8/eco-mmerce-project/server/routes/categoryRouter.js","statementMap":{"0":{"start":{"line":1,"column":27},"end":{"line":1,"column":71}},"1":{"start":{"line":3,"column":15},"end":{"line":3,"column":42}},"2":{"start":{"line":5,"column":0},"end":{"line":5,"column":50}},"3":{"start":{"line":7,"column":0},"end":{"line":7,"column":24}}},"fnMap":{},"branchMap":{},"s":{"0":7,"1":7,"2":7,"3":7},"f":{},"b":{},"_coverageSchema":"1a1c01bbd47fc00a2c39e90264f33305004495a9","hash":"cf54c69d5fa05e875e0b4f985222a605a4bed6e7"}
,"/home/dita/h8/eco-mmerce-project/server/routes/chatRouter.js": {"path":"/home/dita/h8/eco-mmerce-project/server/routes/chatRouter.js","statementMap":{"0":{"start":{"line":1,"column":15},"end":{"line":1,"column":42}},"1":{"start":{"line":3,"column":23},"end":{"line":3,"column":63}},"2":{"start":{"line":4,"column":23},"end":{"line":4,"column":63}},"3":{"start":{"line":6,"column":0},"end":{"line":6,"column":27}},"4":{"start":{"line":7,"column":0},"end":{"line":7,"column":43}},"5":{"start":{"line":9,"column":0},"end":{"line":9,"column":24}}},"fnMap":{},"branchMap":{},"s":{"0":7,"1":7,"2":7,"3":7,"4":7,"5":7},"f":{},"b":{},"_coverageSchema":"1a1c01bbd47fc00a2c39e90264f33305004495a9","hash":"5cf4509a7617347a7d60f28126d7ff11d0d8e8a3"}
,"/home/dita/h8/eco-mmerce-project/server/routes/index.js": {"path":"/home/dita/h8/eco-mmerce-project/server/routes/index.js","statementMap":{"0":{"start":{"line":1,"column":15},"end":{"line":1,"column":42}},"1":{"start":{"line":3,"column":14},"end":{"line":3,"column":37}},"2":{"start":{"line":4,"column":14},"end":{"line":4,"column":38}},"3":{"start":{"line":5,"column":15},"end":{"line":5,"column":39}},"4":{"start":{"line":6,"column":15},"end":{"line":6,"column":40}},"5":{"start":{"line":7,"column":19},"end":{"line":7,"column":46}},"6":{"start":{"line":8,"column":27},"end":{"line":8,"column":57}},"7":{"start":{"line":10,"column":0},"end":{"line":10,"column":29}},"8":{"start":{"line":11,"column":0},"end":{"line":11,"column":28}},"9":{"start":{"line":12,"column":0},"end":{"line":12,"column":30}},"10":{"start":{"line":13,"column":0},"end":{"line":13,"column":31}},"11":{"start":{"line":14,"column":0},"end":{"line":14,"column":38}},"12":{"start":{"line":15,"column":0},"end":{"line":15,"column":47}},"13":{"start":{"line":17,"column":0},"end":{"line":17,"column":24}}},"fnMap":{},"branchMap":{},"s":{"0":7,"1":7,"2":7,"3":7,"4":7,"5":7,"6":7,"7":7,"8":7,"9":7,"10":7,"11":7,"12":7,"13":7},"f":{},"b":{},"_coverageSchema":"1a1c01bbd47fc00a2c39e90264f33305004495a9","hash":"2afbe3f2c642fdfbad3b8632b2ed40bb5df74e6b"}
,"/home/dita/h8/eco-mmerce-project/server/routes/ingridientsRouter.js": {"path":"/home/dita/h8/eco-mmerce-project/server/routes/ingridientsRouter.js","statementMap":{"0":{"start":{"line":1,"column":15},"end":{"line":1,"column":42}},"1":{"start":{"line":3,"column":36},"end":{"line":3,"column":82}},"2":{"start":{"line":5,"column":0},"end":{"line":5,"column":67}},"3":{"start":{"line":7,"column":0},"end":{"line":7,"column":24}}},"fnMap":{},"branchMap":{},"s":{"0":7,"1":7,"2":7,"3":7},"f":{},"b":{},"_coverageSchema":"1a1c01bbd47fc00a2c39e90264f33305004495a9","hash":"a060d521128f63ac40f9651cb83caff8883dac78"}
,"/home/dita/h8/eco-mmerce-project/server/routes/sellerRouter.js": {"path":"/home/dita/h8/eco-mmerce-project/server/routes/sellerRouter.js","statementMap":{"0":{"start":{"line":1,"column":15},"end":{"line":1,"column":42}},"1":{"start":{"line":2,"column":15},"end":{"line":2,"column":47}},"2":{"start":{"line":3,"column":20},"end":{"line":3,"column":54}},"3":{"start":{"line":5,"column":23},"end":{"line":5,"column":63}},"4":{"start":{"line":6,"column":23},"end":{"line":6,"column":63}},"5":{"start":{"line":7,"column":25},"end":{"line":7,"column":67}},"6":{"start":{"line":9,"column":26},"end":{"line":9,"column":65}},"7":{"start":{"line":10,"column":26},"end":{"line":10,"column":63}},"8":{"start":{"line":11,"column":25},"end":{"line":11,"column":67}},"9":{"start":{"line":13,"column":0},"end":{"line":13,"column":52}},"10":{"start":{"line":14,"column":0},"end":{"line":19,"column":2}},"11":{"start":{"line":21,"column":0},"end":{"line":21,"column":27}},"12":{"start":{"line":22,"column":0},"end":{"line":22,"column":26}},"13":{"start":{"line":23,"column":0},"end":{"line":23,"column":50}},"14":{"start":{"line":24,"column":0},"end":{"line":24,"column":57}},"15":{"start":{"line":25,"column":0},"end":{"line":36,"column":2}},"16":{"start":{"line":37,"column":0},"end":{"line":37,"column":57}},"17":{"start":{"line":38,"column":0},"end":{"line":38,"column":60}},"18":{"start":{"line":39,"column":0},"end":{"line":39,"column":63}},"19":{"start":{"line":41,"column":0},"end":{"line":41,"column":24}}},"fnMap":{},"branchMap":{},"s":{"0":7,"1":7,"2":7,"3":7,"4":7,"5":7,"6":7,"7":7,"8":7,"9":7,"10":7,"11":7,"12":7,"13":7,"14":7,"15":7,"16":7,"17":7,"18":7,"19":7},"f":{},"b":{},"_coverageSchema":"1a1c01bbd47fc00a2c39e90264f33305004495a9","hash":"6c755d3ade15572e35415d80633395a3bd9f2ba1"}
}
