TN:
SF:app.js
FNF:0
FNH:0
DA:1,7
DA:2,7
DA:5,7
DA:6,7
DA:8,7
DA:9,7
DA:11,7
DA:14,7
DA:15,7
DA:16,7
DA:17,7
DA:18,7
DA:20,7
LF:13
LH:13
BRDA:1,0,0,7
BRDA:1,0,1,0
BRF:2
BRH:1
end_of_record
TN:
SF:socketConfig.js
FN:11,(anonymous_0)
FN:15,(anonymous_1)
FN:19,(anonymous_2)
FN:26,(anonymous_3)
FNF:4
FNH:1
FNDA:0,(anonymous_0)
FNDA:1,(anonymous_1)
FNDA:0,(anonymous_2)
FNDA:0,(anonymous_3)
DA:1,1
DA:7,1
DA:11,1
DA:15,1
DA:19,1
DA:20,0
DA:23,0
DA:26,1
DA:27,0
DA:28,0
DA:32,0
DA:36,1
LF:12
LH:7
BRF:0
BRH:0
end_of_record
TN:
SF:apis/imagekit.js
FNF:0
FNH:0
DA:1,7
DA:3,7
DA:11,7
LF:3
LH:3
BRF:0
BRH:0
end_of_record
TN:
SF:apis/midtrans.js
FNF:0
FNH:0
DA:1,7
DA:3,7
DA:11,7
LF:3
LH:3
BRF:0
BRH:0
end_of_record
TN:
SF:controllers/brandController.js
FN:5,(anonymous_0)
FNF:1
FNH:1
FNDA:1,(anonymous_0)
DA:1,7
DA:2,7
DA:6,1
DA:7,1
DA:12,1
DA:14,1
DA:16,0
DA:21,7
LF:8
LH:7
BRF:0
BRH:0
end_of_record
TN:
SF:controllers/buyerController.js
FN:21,(anonymous_0)
FN:56,(anonymous_1)
FN:98,(anonymous_2)
FN:121,(anonymous_3)
FN:181,(anonymous_4)
FN:236,(anonymous_5)
FN:306,(anonymous_6)
FN:321,(anonymous_7)
FN:348,(anonymous_8)
FN:370,(anonymous_9)
FN:387,(anonymous_10)
FN:439,(anonymous_11)
FN:469,(anonymous_12)
FN:492,(anonymous_13)
FN:516,(anonymous_14)
FNF:15
FNH:15
FNDA:3,(anonymous_0)
FNDA:1,(anonymous_1)
FNDA:7,(anonymous_2)
FNDA:1,(anonymous_3)
FNDA:2,(anonymous_4)
FNDA:1,(anonymous_5)
FNDA:1,(anonymous_6)
FNDA:2,(anonymous_7)
FNDA:2,(anonymous_8)
FNDA:1,(anonymous_9)
FNDA:1,(anonymous_10)
FNDA:1,(anonymous_11)
FNDA:1,(anonymous_12)
FNDA:1,(anonymous_13)
FNDA:1,(anonymous_14)
DA:1,7
DA:3,7
DA:5,7
DA:6,7
DA:16,7
DA:17,7
DA:18,7
DA:22,3
DA:23,3
DA:25,3
DA:29,3
DA:30,2
DA:31,1
DA:37,1
DA:46,1
DA:49,1
DA:52,2
DA:57,1
DA:58,1
DA:62,1
DA:64,1
DA:65,1
DA:66,1
DA:68,1
DA:80,1
DA:85,1
DA:94,0
DA:99,7
DA:100,7
DA:102,7
DA:105,7
DA:115,1
DA:117,6
DA:122,1
DA:123,1
DA:124,1
DA:125,1
DA:126,1
DA:175,1
DA:177,0
DA:182,2
DA:183,2
DA:184,2
DA:223,2
DA:224,1
DA:229,1
DA:232,1
DA:237,1
DA:238,1
DA:286,1
DA:287,1
DA:288,1
DA:289,4
DA:290,4
DA:291,4
DA:292,16
DA:294,4
DA:295,4
DA:298,1
DA:300,1
DA:302,0
DA:307,1
DA:308,1
DA:309,1
DA:310,1
DA:315,1
DA:317,0
DA:322,2
DA:323,2
DA:324,2
DA:326,2
DA:331,2
DA:332,1
DA:338,1
DA:342,1
DA:344,1
DA:349,2
DA:350,2
DA:351,2
DA:353,2
DA:357,2
DA:358,1
DA:364,1
DA:366,1
DA:371,1
DA:372,1
DA:374,1
DA:386,1
DA:387,1
DA:388,1
DA:392,1
DA:399,1
DA:408,1
DA:410,1
DA:415,1
DA:426,1
DA:433,1
DA:435,0
DA:440,1
DA:441,1
DA:443,1
DA:448,1
DA:454,1
DA:457,1
DA:469,1
DA:470,1
DA:477,1
DA:478,1
DA:479,0
DA:486,1
DA:488,0
DA:493,1
DA:494,1
DA:495,1
DA:510,1
DA:512,0
DA:517,1
DA:518,1
DA:520,1
DA:524,0
DA:529,7
LF:121
LH:112
BRDA:29,0,0,2
BRDA:29,0,1,1
BRDA:30,1,0,1
BRDA:30,1,1,1
BRDA:73,2,0,0
BRDA:73,2,1,1
BRDA:73,3,0,1
BRDA:73,3,1,1
BRDA:102,4,0,7
BRDA:102,4,1,7
BRDA:124,5,0,0
BRDA:124,5,1,1
BRDA:125,6,0,0
BRDA:125,6,1,1
BRDA:223,7,0,1
BRDA:223,7,1,1
BRDA:292,8,0,10
BRDA:292,8,1,6
BRDA:331,9,0,1
BRDA:331,9,1,1
BRDA:357,10,0,1
BRDA:357,10,1,1
BRDA:443,11,0,1
BRDA:443,11,1,0
BRDA:444,12,0,1
BRDA:444,12,1,0
BRDA:478,13,0,0
BRDA:478,13,1,1
BRF:28
BRH:22
end_of_record
TN:
SF:controllers/categoryController.js
FN:4,(anonymous_0)
FNF:1
FNH:1
FNDA:1,(anonymous_0)
DA:1,7
DA:5,1
DA:6,1
DA:11,1
DA:13,0
DA:18,7
LF:6
LH:5
BRF:0
BRH:0
end_of_record
TN:
SF:controllers/chatController.js
FN:4,(anonymous_0)
FN:22,(anonymous_1)
FNF:2
FNH:2
FNDA:1,(anonymous_0)
FNDA:1,(anonymous_1)
DA:1,7
DA:5,1
DA:6,1
DA:10,1
DA:16,1
DA:18,0
DA:23,1
DA:24,1
DA:25,1
DA:37,1
DA:39,0
DA:44,7
LF:12
LH:10
BRDA:7,0,0,0
BRDA:7,0,1,1
BRDA:8,1,0,1
BRDA:8,1,1,0
BRF:4
BRH:2
end_of_record
TN:
SF:controllers/ingridientController.js
FN:4,(anonymous_0)
FNF:1
FNH:1
FNDA:1,(anonymous_0)
DA:1,7
DA:5,1
DA:6,1
DA:11,1
DA:13,0
DA:18,7
LF:6
LH:5
BRF:0
BRH:0
end_of_record
TN:
SF:controllers/sellerController.js
FN:14,(anonymous_0)
FN:51,(anonymous_1)
FN:73,(anonymous_2)
FN:114,(anonymous_3)
FN:153,(anonymous_4)
FN:210,(anonymous_5)
FN:246,(anonymous_6)
FNF:7
FNH:7
FNDA:3,(anonymous_0)
FNDA:7,(anonymous_1)
FNDA:1,(anonymous_2)
FNDA:2,(anonymous_3)
FNDA:9,(anonymous_4)
FNDA:8,(anonymous_5)
FNDA:2,(anonymous_6)
DA:1,7
DA:2,7
DA:3,7
DA:11,7
DA:15,3
DA:16,3
DA:18,3
DA:24,3
DA:25,2
DA:26,1
DA:32,1
DA:41,1
DA:44,1
DA:47,2
DA:52,7
DA:53,7
DA:55,7
DA:57,7
DA:67,1
DA:69,6
DA:74,1
DA:75,1
DA:76,1
DA:108,1
DA:110,0
DA:115,2
DA:116,2
DA:117,2
DA:118,2
DA:141,2
DA:142,1
DA:147,1
DA:149,1
DA:154,9
DA:167,9
DA:171,9
DA:172,0
DA:177,9
DA:179,9
DA:199,1
DA:204,1
DA:206,8
DA:211,8
DA:212,8
DA:213,8
DA:214,8
DA:216,8
DA:231,2
DA:232,1
DA:237,1
DA:242,7
DA:247,2
DA:248,2
DA:249,2
DA:251,2
DA:252,2
DA:253,1
DA:258,1
DA:263,1
DA:268,7
LF:60
LH:58
BRDA:24,0,0,2
BRDA:24,0,1,1
BRDA:25,1,0,1
BRDA:25,1,1,1
BRDA:55,2,0,7
BRDA:55,2,1,7
BRDA:141,3,0,1
BRDA:141,3,1,1
BRDA:171,4,0,0
BRDA:171,4,1,9
BRDA:231,5,0,1
BRDA:231,5,1,1
BRDA:252,6,0,1
BRDA:252,6,1,1
BRF:14
BRH:13
end_of_record
TN:
SF:helpers/bcrypt.js
FN:4,hashPassword
FN:8,checkPassword
FNF:2
FNH:2
FNDA:11,hashPassword
FNDA:4,checkPassword
DA:1,8
DA:2,8
DA:5,11
DA:9,4
DA:12,8
LF:5
LH:5
BRF:0
BRH:0
end_of_record
TN:
SF:helpers/getDate.js
FN:1,(anonymous_0)
FNF:1
FNH:1
FNDA:8,(anonymous_0)
DA:1,7
DA:2,8
DA:3,8
DA:4,8
DA:5,8
DA:6,8
DA:7,8
DA:8,8
DA:10,8
DA:11,8
DA:12,8
DA:13,8
DA:14,8
DA:16,8
LF:14
LH:14
BRDA:10,0,0,0
BRDA:10,0,1,8
BRDA:11,1,0,8
BRDA:11,1,1,0
BRDA:12,2,0,8
BRDA:12,2,1,0
BRDA:13,3,0,8
BRDA:13,3,1,0
BRDA:14,4,0,2
BRDA:14,4,1,6
BRF:10
BRH:6
end_of_record
TN:
SF:helpers/jwt.js
FN:5,signToken
FN:9,verifyToken
FNF:2
FNH:2
FNDA:9,signToken
FNDA:38,verifyToken
DA:1,7
DA:3,7
DA:6,9
DA:10,38
DA:13,7
LF:5
LH:5
BRF:0
BRH:0
end_of_record
TN:
SF:middlewares/authentication.js
FN:4,authentication
FNF:1
FNH:1
FNDA:46,authentication
DA:1,7
DA:2,7
DA:5,46
DA:6,46
DA:7,46
DA:8,38
DA:9,38
DA:10,38
DA:11,38
DA:16,38
DA:19,8
DA:22,8
DA:26,7
LF:13
LH:13
BRDA:7,0,0,38
BRDA:7,0,1,8
BRDA:10,1,0,38
BRDA:10,1,1,0
BRF:4
BRH:3
end_of_record
TN:
SF:middlewares/authorization.js
FN:3,authorization
FN:21,authorizationBuyer
FNF:2
FNH:2
FNDA:27,authorization
FNDA:10,authorizationBuyer
DA:1,7
DA:4,27
DA:5,27
DA:6,27
DA:8,27
DA:9,25
DA:11,2
DA:17,2
DA:22,10
DA:23,10
DA:24,10
DA:25,10
DA:26,8
DA:28,2
DA:34,2
DA:38,7
LF:16
LH:16
BRDA:8,0,0,25
BRDA:8,0,1,2
BRDA:25,1,0,8
BRDA:25,1,1,2
BRF:4
BRH:4
end_of_record
TN:
SF:middlewares/checkIngredients.js
FN:5,checkIngredients
FN:13,(anonymous_1)
FN:15,(anonymous_2)
FN:34,(anonymous_3)
FN:37,(anonymous_4)
FNF:5
FNH:4
FNDA:10,checkIngredients
FNDA:30,(anonymous_1)
FNDA:0,(anonymous_2)
FNDA:30,(anonymous_3)
FNDA:120,(anonymous_4)
DA:1,7
DA:3,7
DA:6,10
DA:7,10
DA:8,10
DA:9,10
DA:10,10
DA:11,10
DA:12,10
DA:13,10
DA:14,30
DA:15,30
DA:16,0
DA:17,0
DA:18,0
DA:24,10
DA:25,10
DA:26,10
DA:27,10
DA:34,10
DA:35,30
DA:37,120
DA:40,10
DA:41,10
DA:43,10
DA:45,0
DA:49,7
LF:27
LH:23
BRDA:8,0,0,10
BRDA:8,0,1,0
BRDA:14,1,0,30
BRDA:14,1,1,0
BRDA:16,2,0,0
BRDA:16,2,1,0
BRDA:24,3,0,10
BRDA:24,3,1,0
BRDA:25,4,0,0
BRDA:25,4,1,10
BRDA:25,5,0,10
BRDA:25,5,1,10
BRDA:26,6,0,0
BRDA:26,6,1,10
BRDA:27,7,0,0
BRDA:27,7,1,10
BRF:16
BRH:8
end_of_record
TN:
SF:middlewares/cloudVision.js
FN:1,detectIngredients
FN:17,(anonymous_1)
FNF:2
FNH:2
FNDA:11,detectIngredients
FNDA:1169,(anonymous_1)
DA:3,11
DA:5,11
DA:6,11
DA:9,11
DA:10,11
DA:13,11
DA:14,11
DA:15,11
DA:17,11
DA:18,1169
DA:19,1158
DA:26,10
DA:29,1158
DA:30,120
DA:31,120
DA:32,10
DA:38,11
DA:39,1
DA:40,1
DA:41,1
DA:42,1
DA:44,10
DA:45,10
DA:46,10
DA:47,10
DA:52,0
DA:56,7
LF:27
LH:26
BRDA:9,0,0,11
BRDA:9,0,1,0
BRDA:18,1,0,1158
BRDA:18,1,1,11
BRDA:19,2,0,10
BRDA:19,2,1,1148
BRDA:20,3,0,1158
BRDA:20,3,1,1158
BRDA:20,3,2,1158
BRDA:20,3,3,1158
BRDA:20,3,4,1158
BRDA:29,4,0,120
BRDA:29,4,1,1038
BRDA:31,5,0,10
BRDA:31,5,1,110
BRDA:38,6,0,1
BRDA:38,6,1,10
BRF:17
BRH:16
end_of_record
TN:
SF:middlewares/errorHandler.js
FN:5,errorHandler
FN:28,(anonymous_1)
FNF:2
FNH:2
FNDA:50,errorHandler
FNDA:26,(anonymous_1)
DA:1,7
DA:7,50
DA:8,0
DA:11,50
DA:13,6
DA:14,6
DA:16,2
DA:17,2
DA:19,12
DA:20,12
DA:22,4
DA:23,4
DA:25,2
DA:26,2
DA:28,24
DA:29,26
DA:32,24
DA:34,24
DA:35,24
DA:37,0
DA:39,0
DA:43,7
LF:22
LH:19
BRDA:7,0,0,0
BRDA:7,0,1,50
BRDA:11,1,0,6
BRDA:11,1,1,2
BRDA:11,1,2,12
BRDA:11,1,3,4
BRDA:11,1,4,2
BRDA:11,1,5,24
BRDA:11,1,6,0
BRF:9
BRH:7
end_of_record
TN:
SF:middlewares/imagekit.js
FN:5,uploadImage
FNF:1
FNH:1
FNDA:23,uploadImage
DA:1,7
DA:2,7
DA:3,7
DA:7,23
DA:11,23
DA:12,0
DA:13,0
DA:14,0
DA:15,0
DA:17,0
DA:23,0
DA:24,0
DA:25,23
DA:27,8
DA:28,8
DA:29,8
DA:30,8
DA:32,8
DA:38,8
DA:39,8
DA:42,15
DA:46,0
DA:50,7
LF:23
LH:15
BRDA:11,0,0,0
BRDA:11,0,1,23
BRDA:25,1,0,8
BRDA:25,1,1,15
BRDA:25,2,0,23
BRDA:25,2,1,9
BRF:6
BRH:5
end_of_record
TN:
SF:middlewares/multer.js
FN:3,(anonymous_0)
FNF:1
FNH:1
FNDA:21,(anonymous_0)
DA:1,7
DA:2,7
DA:5,21
DA:6,20
DA:8,1
DA:9,1
DA:10,1
DA:11,1
DA:16,7
LF:9
LH:9
BRDA:5,0,0,20
BRDA:5,0,1,1
BRF:2
BRH:2
end_of_record
TN:
SF:models/brand.js
FN:4,(anonymous_0)
FN:6,(anonymous_1)
FN:29,(anonymous_2)
FN:32,(anonymous_3)
FNF:4
FNH:4
FNDA:8,(anonymous_0)
FNDA:8,(anonymous_1)
FNDA:4,(anonymous_2)
FNDA:4,(anonymous_3)
DA:2,8
DA:3,8
DA:4,8
DA:7,8
DA:13,8
DA:30,4
DA:32,4
DA:38,8
LF:8
LH:8
BRF:0
BRH:0
end_of_record
TN:
SF:models/cart.js
FN:3,(anonymous_0)
FN:5,(anonymous_1)
FNF:2
FNH:2
FNDA:8,(anonymous_0)
FNDA:8,(anonymous_1)
DA:2,8
DA:3,8
DA:6,8
DA:7,8
DA:10,8
DA:26,8
LF:6
LH:6
BRF:0
BRH:0
end_of_record
TN:
SF:models/category.js
FN:3,(anonymous_0)
FN:5,(anonymous_1)
FNF:2
FNH:2
FNDA:8,(anonymous_0)
FNDA:8,(anonymous_1)
DA:2,8
DA:3,8
DA:6,8
DA:9,8
DA:26,8
LF:5
LH:5
BRF:0
BRH:0
end_of_record
TN:
SF:models/chat.js
FN:3,(anonymous_0)
FN:5,(anonymous_1)
FNF:2
FNH:2
FNDA:8,(anonymous_0)
FNDA:8,(anonymous_1)
DA:2,8
DA:3,8
DA:6,8
DA:9,8
DA:33,8
LF:5
LH:5
BRF:0
BRH:0
end_of_record
TN:
SF:models/harmfulingridient.js
FN:3,(anonymous_0)
FN:5,(anonymous_1)
FN:16,(anonymous_2)
FNF:3
FNH:2
FNDA:8,(anonymous_0)
FNDA:8,(anonymous_1)
FNDA:0,(anonymous_2)
DA:2,8
DA:3,8
DA:7,8
DA:17,0
DA:24,8
LF:5
LH:4
BRF:0
BRH:0
end_of_record
TN:
SF:models/history.js
FN:3,(anonymous_0)
FN:5,(anonymous_1)
FNF:2
FNH:2
FNDA:8,(anonymous_0)
FNDA:8,(anonymous_1)
DA:2,8
DA:3,8
DA:6,8
DA:7,8
DA:10,8
DA:20,8
LF:6
LH:6
BRF:0
BRH:0
end_of_record
TN:
SF:models/index.js
FN:20,(anonymous_0)
FN:23,(anonymous_1)
FN:28,(anonymous_2)
FNF:3
FNH:3
FNDA:96,(anonymous_0)
FNDA:88,(anonymous_1)
FNDA:88,(anonymous_2)
DA:3,8
DA:4,8
DA:5,8
DA:6,8
DA:7,8
DA:8,8
DA:9,8
DA:12,8
DA:13,0
DA:15,8
DA:18,8
DA:21,96
DA:24,88
DA:25,88
DA:28,8
DA:29,88
DA:30,88
DA:34,8
DA:35,8
DA:37,8
LF:20
LH:19
BRDA:7,0,0,8
BRDA:7,0,1,0
BRDA:12,1,0,0
BRDA:12,1,1,8
BRDA:21,2,0,96
BRDA:21,2,1,96
BRDA:21,2,2,88
BRDA:29,3,0,88
BRDA:29,3,1,0
BRF:9
BRH:6
end_of_record
TN:
SF:models/product.js
FN:3,(anonymous_0)
FN:5,(anonymous_1)
FNF:2
FNH:2
FNDA:8,(anonymous_0)
FNDA:8,(anonymous_1)
DA:2,8
DA:3,8
DA:6,8
DA:10,8
DA:14,8
DA:17,8
DA:19,8
DA:23,8
DA:25,8
DA:28,8
DA:130,8
LF:11
LH:11
BRF:0
BRH:0
end_of_record
TN:
SF:models/productsbrand.js
FN:3,(anonymous_0)
FN:5,(anonymous_1)
FNF:2
FNH:2
FNDA:8,(anonymous_0)
FNDA:8,(anonymous_1)
DA:2,8
DA:3,8
DA:7,8
DA:33,8
LF:4
LH:4
BRF:0
BRH:0
end_of_record
TN:
SF:models/transaction.js
FN:3,(anonymous_0)
FN:10,(anonymous_1)
FNF:2
FNH:2
FNDA:8,(anonymous_0)
FNDA:8,(anonymous_1)
DA:2,8
DA:3,8
DA:14,8
DA:47,8
LF:4
LH:4
BRF:0
BRH:0
end_of_record
TN:
SF:models/user.js
FN:4,(anonymous_0)
FN:6,(anonymous_1)
FN:82,(anonymous_2)
FNF:3
FNH:3
FNDA:8,(anonymous_0)
FNDA:8,(anonymous_1)
FNDA:11,(anonymous_2)
DA:2,8
DA:3,8
DA:4,8
DA:7,8
DA:10,8
DA:12,8
DA:14,8
DA:18,8
DA:20,8
DA:23,8
DA:83,11
DA:84,0
DA:85,11
DA:86,0
DA:88,11
DA:93,8
LF:16
LH:14
BRDA:83,0,0,0
BRDA:83,0,1,11
BRDA:85,1,0,0
BRDA:85,1,1,11
BRF:4
BRH:2
end_of_record
TN:
SF:models/usersproduct.js
FN:3,(anonymous_0)
FN:5,(anonymous_1)
FNF:2
FNH:2
FNDA:8,(anonymous_0)
FNDA:8,(anonymous_1)
DA:2,8
DA:3,8
DA:6,8
DA:7,8
DA:10,8
DA:36,8
LF:6
LH:6
BRF:0
BRH:0
end_of_record
TN:
SF:routes/brandRouter.js
FNF:0
FNH:0
DA:1,7
DA:3,7
DA:5,7
DA:7,7
LF:4
LH:4
BRF:0
BRH:0
end_of_record
TN:
SF:routes/buyerRouter.js
FNF:0
FNH:0
DA:1,7
DA:3,7
DA:4,7
DA:5,7
DA:6,7
DA:7,7
DA:8,7
DA:9,7
DA:12,7
DA:13,7
DA:14,7
DA:21,7
DA:22,7
DA:23,7
DA:33,7
DA:35,7
DA:36,7
DA:38,7
DA:39,7
DA:41,7
DA:42,7
DA:44,7
DA:46,7
DA:48,7
LF:24
LH:24
BRF:0
BRH:0
end_of_record
TN:
SF:routes/categoryRouter.js
FNF:0
FNH:0
DA:1,7
DA:3,7
DA:5,7
DA:7,7
LF:4
LH:4
BRF:0
BRH:0
end_of_record
TN:
SF:routes/chatRouter.js
FNF:0
FNH:0
DA:1,7
DA:3,7
DA:4,7
DA:6,7
DA:7,7
DA:9,7
LF:6
LH:6
BRF:0
BRH:0
end_of_record
TN:
SF:routes/index.js
FNF:0
FNH:0
DA:1,7
DA:3,7
DA:4,7
DA:5,7
DA:6,7
DA:7,7
DA:8,7
DA:10,7
DA:11,7
DA:12,7
DA:13,7
DA:14,7
DA:15,7
DA:17,7
LF:14
LH:14
BRF:0
BRH:0
end_of_record
TN:
SF:routes/ingridientsRouter.js
FNF:0
FNH:0
DA:1,7
DA:3,7
DA:5,7
DA:7,7
LF:4
LH:4
BRF:0
BRH:0
end_of_record
TN:
SF:routes/sellerRouter.js
FNF:0
FNH:0
DA:1,7
DA:2,7
DA:3,7
DA:5,7
DA:6,7
DA:7,7
DA:9,7
DA:10,7
DA:11,7
DA:13,7
DA:14,7
DA:21,7
DA:22,7
DA:23,7
DA:24,7
DA:25,7
DA:37,7
DA:38,7
DA:39,7
DA:41,7
LF:20
LH:20
BRF:0
BRH:0
end_of_record
