TN:
SF:app.js
FNF:0
FNH:0
DA:1,7
DA:2,7
DA:5,7
DA:6,7
DA:8,7
DA:9,7
DA:11,7
DA:14,7
DA:15,7
DA:16,7
DA:17,7
DA:18,7
DA:20,7
LF:13
LH:13
BRDA:1,0,0,7
BRDA:1,0,1,0
BRF:2
BRH:1
end_of_record
TN:
SF:socketConfig.js
FN:9,(anonymous_0)
FN:13,(anonymous_1)
FN:20,(anonymous_2)
FNF:3
FNH:3
FNDA:1,(anonymous_0)
FNDA:1,(anonymous_1)
FNDA:1,(anonymous_2)
DA:1,1
DA:7,1
DA:9,1
DA:12,1
DA:13,1
DA:14,1
DA:16,1
DA:17,1
DA:20,1
DA:21,1
DA:22,1
DA:23,1
DA:24,1
DA:26,1
DA:30,1
LF:15
LH:15
BRF:0
BRH:0
end_of_record
TN:
SF:apis/imagekit.js
FNF:0
FNH:0
DA:1,7
DA:3,7
DA:11,7
LF:3
LH:3
BRF:0
BRH:0
end_of_record
TN:
SF:apis/midtrans.js
FNF:0
FNH:0
DA:1,7
DA:3,7
DA:11,7
LF:3
LH:3
BRF:0
BRH:0
end_of_record
TN:
SF:controllers/brandController.js
FN:5,(anonymous_0)
FNF:1
FNH:1
FNDA:1,(anonymous_0)
DA:1,7
DA:2,7
DA:6,1
DA:7,1
DA:12,1
DA:14,1
DA:16,0
DA:21,7
LF:8
LH:7
BRF:0
BRH:0
end_of_record
TN:
SF:controllers/buyerController.js
FN:20,(anonymous_0)
FN:55,(anonymous_1)
FN:97,(anonymous_2)
FN:120,(anonymous_3)
FN:180,(anonymous_4)
FN:235,(anonymous_5)
FN:305,(anonymous_6)
FN:320,(anonymous_7)
FN:347,(anonymous_8)
FN:369,(anonymous_9)
FN:386,(anonymous_10)
FN:429,(anonymous_11)
FN:450,(anonymous_12)
FNF:13
FNH:9
FNDA:3,(anonymous_0)
FNDA:0,(anonymous_1)
FNDA:7,(anonymous_2)
FNDA:1,(anonymous_3)
FNDA:2,(anonymous_4)
FNDA:1,(anonymous_5)
FNDA:1,(anonymous_6)
FNDA:2,(anonymous_7)
FNDA:2,(anonymous_8)
FNDA:0,(anonymous_9)
FNDA:0,(anonymous_10)
FNDA:0,(anonymous_11)
FNDA:1,(anonymous_12)
DA:1,7
DA:3,7
DA:5,7
DA:6,7
DA:15,7
DA:16,7
DA:17,7
DA:21,3
DA:22,3
DA:24,3
DA:28,3
DA:29,2
DA:30,1
DA:36,1
DA:45,1
DA:48,1
DA:51,2
DA:56,0
DA:57,0
DA:61,0
DA:63,0
DA:64,0
DA:65,0
DA:67,0
DA:79,0
DA:84,0
DA:93,0
DA:98,7
DA:99,7
DA:101,7
DA:104,7
DA:114,1
DA:116,6
DA:121,1
DA:122,1
DA:123,1
DA:124,1
DA:125,1
DA:174,1
DA:176,0
DA:181,2
DA:182,2
DA:183,2
DA:222,2
DA:223,1
DA:228,1
DA:231,1
DA:236,1
DA:237,1
DA:285,1
DA:286,1
DA:287,1
DA:288,3
DA:289,3
DA:290,3
DA:291,9
DA:293,3
DA:294,3
DA:297,1
DA:299,1
DA:301,0
DA:306,1
DA:307,1
DA:308,1
DA:309,1
DA:314,1
DA:316,0
DA:321,2
DA:322,2
DA:323,2
DA:325,2
DA:330,2
DA:331,1
DA:337,1
DA:341,1
DA:343,1
DA:348,2
DA:349,2
DA:350,2
DA:352,2
DA:356,2
DA:357,1
DA:363,1
DA:365,1
DA:370,0
DA:371,0
DA:373,0
DA:385,0
DA:386,0
DA:387,0
DA:391,0
DA:398,0
DA:407,0
DA:409,0
DA:420,0
DA:429,0
DA:430,0
DA:436,0
DA:437,0
DA:438,0
DA:444,0
DA:446,0
DA:451,1
DA:452,1
DA:453,1
DA:468,1
DA:470,0
DA:475,7
LF:108
LH:76
BRDA:28,0,0,2
BRDA:28,0,1,1
BRDA:29,1,0,1
BRDA:29,1,1,1
BRDA:72,2,0,0
BRDA:72,2,1,0
BRDA:72,3,0,0
BRDA:72,3,1,0
BRDA:101,4,0,7
BRDA:101,4,1,7
BRDA:123,5,0,0
BRDA:123,5,1,1
BRDA:124,6,0,0
BRDA:124,6,1,1
BRDA:222,7,0,1
BRDA:222,7,1,1
BRDA:291,8,0,9
BRDA:291,8,1,0
BRDA:330,9,0,1
BRDA:330,9,1,1
BRDA:356,10,0,1
BRDA:356,10,1,1
BRDA:437,11,0,0
BRDA:437,11,1,0
BRF:24
BRH:15
end_of_record
TN:
SF:controllers/categoryController.js
FN:4,(anonymous_0)
FNF:1
FNH:1
FNDA:1,(anonymous_0)
DA:1,7
DA:5,1
DA:6,1
DA:11,1
DA:13,0
DA:18,7
LF:6
LH:5
BRF:0
BRH:0
end_of_record
TN:
SF:controllers/chatController.js
FN:4,(anonymous_0)
FN:22,(anonymous_1)
FNF:2
FNH:2
FNDA:1,(anonymous_0)
FNDA:1,(anonymous_1)
DA:1,7
DA:5,1
DA:6,1
DA:10,1
DA:16,1
DA:18,0
DA:23,1
DA:24,1
DA:25,1
DA:34,1
DA:36,0
DA:41,7
LF:12
LH:10
BRDA:7,0,0,0
BRDA:7,0,1,1
BRDA:8,1,0,1
BRDA:8,1,1,0
BRF:4
BRH:2
end_of_record
TN:
SF:controllers/ingridientController.js
FN:4,(anonymous_0)
FNF:1
FNH:1
FNDA:1,(anonymous_0)
DA:1,7
DA:5,1
DA:6,1
DA:11,1
DA:13,0
DA:18,7
LF:6
LH:5
BRF:0
BRH:0
end_of_record
TN:
SF:controllers/sellerController.js
FN:14,(anonymous_0)
FN:51,(anonymous_1)
FN:73,(anonymous_2)
FN:114,(anonymous_3)
FN:153,(anonymous_4)
FN:204,(anonymous_5)
FN:240,(anonymous_6)
FNF:7
FNH:7
FNDA:3,(anonymous_0)
FNDA:7,(anonymous_1)
FNDA:1,(anonymous_2)
FNDA:2,(anonymous_3)
FNDA:9,(anonymous_4)
FNDA:8,(anonymous_5)
FNDA:2,(anonymous_6)
DA:1,7
DA:2,7
DA:3,7
DA:11,7
DA:15,3
DA:16,3
DA:18,3
DA:22,3
DA:24,3
DA:25,2
DA:26,1
DA:32,1
DA:41,1
DA:44,1
DA:47,2
DA:52,7
DA:53,7
DA:55,7
DA:57,7
DA:67,1
DA:69,6
DA:74,1
DA:75,1
DA:76,1
DA:108,1
DA:110,0
DA:115,2
DA:116,2
DA:117,2
DA:118,2
DA:141,2
DA:142,1
DA:147,1
DA:149,1
DA:154,9
DA:167,9
DA:169,9
DA:171,9
DA:173,9
DA:193,1
DA:198,1
DA:200,8
DA:205,8
DA:206,8
DA:207,8
DA:208,8
DA:210,8
DA:225,2
DA:226,1
DA:231,1
DA:236,7
DA:241,2
DA:242,2
DA:243,2
DA:245,2
DA:246,2
DA:247,1
DA:252,1
DA:257,1
DA:262,7
LF:60
LH:59
BRDA:24,0,0,2
BRDA:24,0,1,1
BRDA:25,1,0,1
BRDA:25,1,1,1
BRDA:55,2,0,7
BRDA:55,2,1,7
BRDA:141,3,0,1
BRDA:141,3,1,1
BRDA:225,4,0,1
BRDA:225,4,1,1
BRDA:246,5,0,1
BRDA:246,5,1,1
BRF:12
BRH:12
end_of_record
TN:
SF:helpers/bcrypt.js
FN:4,hashPassword
FN:8,checkPassword
FNF:2
FNH:2
FNDA:9,hashPassword
FNDA:4,checkPassword
DA:1,8
DA:2,8
DA:5,9
DA:9,4
DA:12,8
LF:5
LH:5
BRF:0
BRH:0
end_of_record
TN:
SF:helpers/getDate.js
FN:1,(anonymous_0)
FNF:1
FNH:1
FNDA:8,(anonymous_0)
DA:1,7
DA:2,8
DA:3,8
DA:4,8
DA:5,8
DA:6,8
DA:7,8
DA:8,8
DA:10,8
DA:11,8
DA:12,8
DA:13,8
DA:14,8
DA:16,8
LF:14
LH:14
BRDA:10,0,0,0
BRDA:10,0,1,8
BRDA:11,1,0,8
BRDA:11,1,1,0
BRDA:12,2,0,0
BRDA:12,2,1,8
BRDA:13,3,0,0
BRDA:13,3,1,8
BRDA:14,4,0,2
BRDA:14,4,1,6
BRF:10
BRH:6
end_of_record
TN:
SF:helpers/jwt.js
FN:5,signToken
FN:9,verifyToken
FNF:2
FNH:2
FNDA:6,signToken
FNDA:33,verifyToken
DA:1,7
DA:3,7
DA:6,6
DA:10,33
DA:13,7
LF:5
LH:5
BRF:0
BRH:0
end_of_record
TN:
SF:middlewares/authentication.js
FN:4,authentication
FNF:1
FNH:1
FNDA:40,authentication
DA:1,7
DA:2,7
DA:5,40
DA:6,40
DA:7,40
DA:8,40
DA:9,33
DA:10,33
DA:11,33
DA:12,33
DA:17,33
DA:19,0
DA:22,7
DA:25,7
DA:29,7
LF:15
LH:14
BRDA:8,0,0,33
BRDA:8,0,1,7
BRDA:11,1,0,33
BRDA:11,1,1,0
BRF:4
BRH:3
end_of_record
TN:
SF:middlewares/authorization.js
FN:3,authorization
FN:21,authorizationBuyer
FNF:2
FNH:2
FNDA:24,authorization
FNDA:8,authorizationBuyer
DA:1,7
DA:4,24
DA:5,24
DA:6,24
DA:8,24
DA:9,24
DA:11,0
DA:17,0
DA:22,8
DA:23,8
DA:24,8
DA:25,8
DA:26,8
DA:28,0
DA:34,0
DA:38,7
LF:16
LH:12
BRDA:8,0,0,24
BRDA:8,0,1,0
BRDA:25,1,0,8
BRDA:25,1,1,0
BRF:4
BRH:2
end_of_record
TN:
SF:middlewares/checkIngredients.js
FN:3,checkIngredients
FN:10,(anonymous_1)
FN:12,(anonymous_2)
FNF:3
FNH:2
FNDA:9,checkIngredients
FNDA:198,(anonymous_1)
FNDA:0,(anonymous_2)
DA:1,7
DA:4,9
DA:5,9
DA:6,9
DA:7,9
DA:8,9
DA:9,9
DA:10,9
DA:11,198
DA:12,198
DA:13,0
DA:14,0
DA:15,0
DA:21,9
DA:22,0
DA:27,9
DA:28,9
DA:30,9
DA:33,0
DA:37,7
LF:20
LH:15
BRDA:5,0,0,9
BRDA:5,0,1,0
BRDA:11,1,0,198
BRDA:11,1,1,0
BRDA:13,2,0,0
BRDA:13,2,1,0
BRDA:21,3,0,0
BRDA:21,3,1,9
BRF:8
BRH:3
end_of_record
TN:
SF:middlewares/cloudVision.js
FN:1,detectIngredients
FN:19,(anonymous_1)
FNF:2
FNH:2
FNDA:10,detectIngredients
FNDA:1080,(anonymous_1)
DA:3,10
DA:5,10
DA:6,10
DA:8,10
DA:11,10
DA:12,10
DA:15,9
DA:16,9
DA:17,9
DA:19,9
DA:20,1080
DA:21,1071
DA:28,9
DA:31,1071
DA:32,486
DA:33,486
DA:34,9
DA:40,9
DA:41,0
DA:42,0
DA:43,0
DA:44,0
DA:46,9
DA:47,9
DA:48,9
DA:49,9
DA:54,1
DA:58,7
LF:28
LH:24
BRDA:11,0,0,10
BRDA:11,0,1,0
BRDA:20,1,0,1071
BRDA:20,1,1,9
BRDA:21,2,0,9
BRDA:21,2,1,1062
BRDA:22,3,0,1071
BRDA:22,3,1,1062
BRDA:22,3,2,1062
BRDA:22,3,3,1062
BRDA:22,3,4,1062
BRDA:31,4,0,486
BRDA:31,4,1,585
BRDA:33,5,0,9
BRDA:33,5,1,477
BRDA:40,6,0,0
BRDA:40,6,1,9
BRF:17
BRH:15
end_of_record
TN:
SF:middlewares/errorHandler.js
FN:5,errorHandler
FN:28,(anonymous_1)
FNF:2
FNH:2
FNDA:44,errorHandler
FNDA:26,(anonymous_1)
DA:1,7
DA:7,44
DA:8,0
DA:11,44
DA:13,6
DA:14,6
DA:16,0
DA:17,0
DA:19,11
DA:20,11
DA:22,0
DA:23,0
DA:25,2
DA:26,2
DA:28,24
DA:29,26
DA:32,24
DA:34,24
DA:35,24
DA:38,1
DA:39,1
DA:43,7
LF:22
LH:17
BRDA:7,0,0,0
BRDA:7,0,1,44
BRDA:11,1,0,6
BRDA:11,1,1,0
BRDA:11,1,2,11
BRDA:11,1,3,0
BRDA:11,1,4,2
BRDA:11,1,5,24
BRDA:11,1,6,1
BRF:9
BRH:6
end_of_record
TN:
SF:middlewares/imagekit.js
FN:5,uploadImage
FNF:1
FNH:1
FNDA:23,uploadImage
DA:1,7
DA:2,7
DA:3,7
DA:6,23
DA:10,23
DA:11,0
DA:12,0
DA:13,0
DA:14,0
DA:16,0
DA:22,0
DA:23,0
DA:24,23
DA:25,8
DA:26,8
DA:27,8
DA:28,8
DA:29,8
DA:31,8
DA:37,8
DA:38,8
DA:41,15
DA:44,0
DA:48,7
LF:24
LH:16
BRDA:10,0,0,0
BRDA:10,0,1,23
BRDA:24,1,0,8
BRDA:24,1,1,15
BRDA:24,2,0,23
BRDA:24,2,1,9
BRF:6
BRH:5
end_of_record
TN:
SF:middlewares/multer.js
FN:3,(anonymous_0)
FNF:1
FNH:1
FNDA:18,(anonymous_0)
DA:1,7
DA:2,7
DA:4,18
DA:5,18
DA:7,0
DA:8,0
DA:9,0
DA:10,0
DA:15,7
LF:9
LH:5
BRDA:4,0,0,18
BRDA:4,0,1,0
BRF:2
BRH:1
end_of_record
TN:
SF:models/brand.js
FN:4,(anonymous_0)
FN:6,(anonymous_1)
FN:29,(anonymous_2)
FN:32,(anonymous_3)
FNF:4
FNH:4
FNDA:8,(anonymous_0)
FNDA:8,(anonymous_1)
FNDA:3,(anonymous_2)
FNDA:3,(anonymous_3)
DA:2,8
DA:3,8
DA:4,8
DA:7,8
DA:13,8
DA:30,3
DA:32,3
DA:38,8
LF:8
LH:8
BRF:0
BRH:0
end_of_record
TN:
SF:models/cart.js
FN:3,(anonymous_0)
FN:5,(anonymous_1)
FNF:2
FNH:2
FNDA:8,(anonymous_0)
FNDA:8,(anonymous_1)
DA:2,8
DA:3,8
DA:6,8
DA:7,8
DA:10,8
DA:26,8
LF:6
LH:6
BRF:0
BRH:0
end_of_record
TN:
SF:models/category.js
FN:3,(anonymous_0)
FN:5,(anonymous_1)
FNF:2
FNH:2
FNDA:8,(anonymous_0)
FNDA:8,(anonymous_1)
DA:2,8
DA:3,8
DA:6,8
DA:9,8
DA:26,8
LF:5
LH:5
BRF:0
BRH:0
end_of_record
TN:
SF:models/chat.js
FN:3,(anonymous_0)
FN:5,(anonymous_1)
FNF:2
FNH:2
FNDA:8,(anonymous_0)
FNDA:8,(anonymous_1)
DA:2,8
DA:3,8
DA:6,8
DA:9,8
DA:33,8
LF:5
LH:5
BRF:0
BRH:0
end_of_record
TN:
SF:models/harmfulingridient.js
FN:3,(anonymous_0)
FN:5,(anonymous_1)
FN:16,(anonymous_2)
FNF:3
FNH:2
FNDA:8,(anonymous_0)
FNDA:8,(anonymous_1)
FNDA:0,(anonymous_2)
DA:2,8
DA:3,8
DA:7,8
DA:17,0
DA:24,8
LF:5
LH:4
BRF:0
BRH:0
end_of_record
TN:
SF:models/history.js
FN:3,(anonymous_0)
FN:5,(anonymous_1)
FNF:2
FNH:2
FNDA:8,(anonymous_0)
FNDA:8,(anonymous_1)
DA:2,8
DA:3,8
DA:6,8
DA:7,8
DA:10,8
DA:20,8
LF:6
LH:6
BRF:0
BRH:0
end_of_record
TN:
SF:models/index.js
FN:20,(anonymous_0)
FN:23,(anonymous_1)
FN:28,(anonymous_2)
FNF:3
FNH:3
FNDA:88,(anonymous_0)
FNDA:80,(anonymous_1)
FNDA:80,(anonymous_2)
DA:3,8
DA:4,8
DA:5,8
DA:6,8
DA:7,8
DA:8,8
DA:9,8
DA:12,8
DA:13,0
DA:15,8
DA:18,8
DA:21,88
DA:24,80
DA:25,80
DA:28,8
DA:29,80
DA:30,80
DA:34,8
DA:35,8
DA:37,8
LF:20
LH:19
BRDA:7,0,0,8
BRDA:7,0,1,0
BRDA:12,1,0,0
BRDA:12,1,1,8
BRDA:21,2,0,88
BRDA:21,2,1,88
BRDA:21,2,2,80
BRDA:29,3,0,80
BRDA:29,3,1,0
BRF:9
BRH:6
end_of_record
TN:
SF:models/product.js
FN:3,(anonymous_0)
FN:5,(anonymous_1)
FNF:2
FNH:2
FNDA:8,(anonymous_0)
FNDA:8,(anonymous_1)
DA:2,8
DA:3,8
DA:6,8
DA:10,8
DA:14,8
DA:17,8
DA:19,8
DA:23,8
DA:25,8
DA:28,8
DA:130,8
LF:11
LH:11
BRF:0
BRH:0
end_of_record
TN:
SF:models/productsbrand.js
FN:3,(anonymous_0)
FN:5,(anonymous_1)
FNF:2
FNH:2
FNDA:8,(anonymous_0)
FNDA:8,(anonymous_1)
DA:2,8
DA:3,8
DA:7,8
DA:33,8
LF:4
LH:4
BRF:0
BRH:0
end_of_record
TN:
SF:models/user.js
FN:4,(anonymous_0)
FN:6,(anonymous_1)
FN:82,(anonymous_2)
FNF:3
FNH:3
FNDA:8,(anonymous_0)
FNDA:8,(anonymous_1)
FNDA:9,(anonymous_2)
DA:2,8
DA:3,8
DA:4,8
DA:7,8
DA:10,8
DA:12,8
DA:14,8
DA:18,8
DA:20,8
DA:23,8
DA:83,9
DA:84,0
DA:85,9
DA:86,0
DA:88,9
DA:93,8
LF:16
LH:14
BRDA:83,0,0,0
BRDA:83,0,1,9
BRDA:85,1,0,0
BRDA:85,1,1,9
BRF:4
BRH:2
end_of_record
TN:
SF:models/usersproduct.js
FN:3,(anonymous_0)
FN:5,(anonymous_1)
FNF:2
FNH:2
FNDA:8,(anonymous_0)
FNDA:8,(anonymous_1)
DA:2,8
DA:3,8
DA:6,8
DA:7,8
DA:10,8
DA:36,8
LF:6
LH:6
BRF:0
BRH:0
end_of_record
TN:
SF:routes/brandRouter.js
FNF:0
FNH:0
DA:1,7
DA:3,7
DA:5,7
DA:7,7
LF:4
LH:4
BRF:0
BRH:0
end_of_record
TN:
SF:routes/buyerRouter.js
FNF:0
FNH:0
DA:1,7
DA:3,7
DA:4,7
DA:5,7
DA:6,7
DA:7,7
DA:9,7
DA:10,7
DA:11,7
DA:18,7
DA:19,7
DA:21,7
DA:22,7
DA:24,7
DA:25,7
DA:27,7
DA:28,7
DA:30,7
DA:32,7
DA:34,7
LF:20
LH:20
BRF:0
BRH:0
end_of_record
TN:
SF:routes/categoryRouter.js
FNF:0
FNH:0
DA:1,7
DA:3,7
DA:5,7
DA:7,7
LF:4
LH:4
BRF:0
BRH:0
end_of_record
TN:
SF:routes/chatRouter.js
FNF:0
FNH:0
DA:1,7
DA:3,7
DA:4,7
DA:6,7
DA:7,7
DA:9,7
LF:6
LH:6
BRF:0
BRH:0
end_of_record
TN:
SF:routes/index.js
FNF:0
FNH:0
DA:1,7
DA:3,7
DA:4,7
DA:5,7
DA:6,7
DA:7,7
DA:8,7
DA:10,7
DA:11,7
DA:12,7
DA:13,7
DA:14,7
DA:15,7
DA:17,7
LF:14
LH:14
BRF:0
BRH:0
end_of_record
TN:
SF:routes/ingridientsRouter.js
FNF:0
FNH:0
DA:1,7
DA:3,7
DA:5,7
DA:7,7
LF:4
LH:4
BRF:0
BRH:0
end_of_record
TN:
SF:routes/sellerRouter.js
FNF:0
FNH:0
DA:1,7
DA:2,7
DA:3,7
DA:5,7
DA:6,7
DA:7,7
DA:9,7
DA:10,7
DA:11,7
DA:13,7
DA:14,7
DA:21,7
DA:22,7
DA:23,7
DA:24,7
DA:25,7
DA:36,7
DA:37,7
DA:38,7
DA:40,7
LF:20
LH:20
BRF:0
BRH:0
end_of_record
